#
# There is insufficient memory for the Java Runtime Environment to continue.
# Native memory allocation (mmap) failed to map 245366784 bytes for committing reserved memory.
# Possible reasons:
#   The system is out of physical RAM or swap space
#   The process is running with CompressedOops enabled, and the Java Heap may be blocking the growth of the native heap
# Possible solutions:
#   Reduce memory load on the system
#   Increase physical memory or swap space
#   Check if swap backing store is full
#   Decrease Java heap size (-Xmx/-Xms)
#   Decrease number of Java threads
#   Decrease Java thread stack sizes (-Xss)
#   Set larger code cache with -XX:ReservedCodeCacheSize=
#   JVM is running with Unscaled Compressed Oops mode in which the Java heap is
#     placed in the first 4GB address space. The Java Heap base address is the
#     maximum limit for the native heap growth. Please use -XX:HeapBaseMinAddress
#     to set the Java Heap base and to place the Java Heap above 4GB virtual address.
# This output file may be truncated or incomplete.
#
#  Out of Memory Error (os_linux.cpp:2719), pid=8909, tid=8916
#
# JRE version: OpenJDK Runtime Environment (11.0.3+7) (build 11.0.3+7-Ubuntu-1ubuntu218.04.1)
# Java VM: OpenJDK 64-Bit Server VM (11.0.3+7-Ubuntu-1ubuntu218.04.1, mixed mode, sharing, tiered, compressed oops, g1 gc, linux-amd64)
# Core dump will be written. Default location: Core dumps may be processed with "/usr/share/apport/apport %p %s %c %d %P" (or dumping to /home/ppoonia/Desktop/j/core.8909)
#

---------------  S U M M A R Y ------------

Command Line: uniqueDigits

Host: Intel(R) Core(TM) i7-7500U CPU @ 2.70GHz, 4 cores, 7G, Ubuntu 18.04.1 LTS
Time: Fri May 17 12:42:53 2019 IST elapsed time: 2 seconds (0d 0h 0m 2s)

---------------  T H R E A D  ---------------

Current thread (0x00007f9464105800):  VMThread "VM Thread" [stack: 0x00007f9468210000,0x00007f9468310000] [id=8916]

Stack: [0x00007f9468210000,0x00007f9468310000],  sp=0x00007f946830dff0,  free space=1015k
Native frames: (J=compiled Java code, A=aot compiled Java code, j=interpreted, Vv=VM code, C=native code)
V  [libjvm.so+0xde1587]
V  [libjvm.so+0xde21db]
V  [libjvm.so+0x650895]
V  [libjvm.so+0xbbc6c8]
V  [libjvm.so+0xbb3f2d]
V  [libjvm.so+0x76ea7f]
V  [libjvm.so+0x76ecee]
V  [libjvm.so+0x77ad60]
V  [libjvm.so+0x7f5e29]
V  [libjvm.so+0x7f6a82]
V  [libjvm.so+0x7f6ee9]
V  [libjvm.so+0x72d3af]
V  [libjvm.so+0x7320aa]
V  [libjvm.so+0xded011]
V  [libjvm.so+0xdebbd8]
V  [libjvm.so+0xde9466]
V  [libjvm.so+0xde992e]
V  [libjvm.so+0xde9d53]
V  [libjvm.so+0xd7805a]
V  [libjvm.so+0xbc238e]

VM_Operation (0x00007f946dc8d570): G1CollectForAllocation, mode: safepoint, requested by thread 0x00007f9464011800


---------------  P R O C E S S  ---------------

Threads class SMR info:
_java_thread_list=0x00007f9464156a50, length=9, elements={
0x00007f9464011800, 0x00007f9464108000, 0x00007f946410a000, 0x00007f946410f800,
0x00007f9464111800, 0x00007f9464113800, 0x00007f9464115800, 0x00007f946414d000,
0x00007f9464155000
}

Java Threads: ( => current thread )
  0x00007f9464011800 JavaThread "main" [_thread_blocked, id=8910, stack(0x00007f946db8e000,0x00007f946dc8f000)]
  0x00007f9464108000 JavaThread "Reference Handler" daemon [_thread_blocked, id=8917, stack(0x00007f946810d000,0x00007f946820e000)]
  0x00007f946410a000 JavaThread "Finalizer" daemon [_thread_blocked, id=8918, stack(0x00007f946800c000,0x00007f946810d000)]
  0x00007f946410f800 JavaThread "Signal Dispatcher" daemon [_thread_blocked, id=8919, stack(0x00007f944c07d000,0x00007f944c17e000)]
  0x00007f9464111800 JavaThread "C2 CompilerThread0" daemon [_thread_blocked, id=8920, stack(0x00007f944416f000,0x00007f9444270000)]
  0x00007f9464113800 JavaThread "C1 CompilerThread0" daemon [_thread_blocked, id=8921, stack(0x00007f944406e000,0x00007f944416f000)]
  0x00007f9464115800 JavaThread "Sweeper thread" daemon [_thread_blocked, id=8922, stack(0x00007f943d530000,0x00007f943d631000)]
  0x00007f946414d000 JavaThread "Service Thread" daemon [_thread_blocked, id=8923, stack(0x00007f943d42f000,0x00007f943d530000)]
  0x00007f9464155000 JavaThread "Common-Cleaner" daemon [_thread_blocked, id=8925, stack(0x00007f943d22c000,0x00007f943d32d000)]

Other Threads:
=>0x00007f9464105800 VMThread "VM Thread" [stack: 0x00007f9468210000,0x00007f9468310000] [id=8916]
  0x00007f946414f800 WatcherThread [stack: 0x00007f943d32f000,0x00007f943d42f000] [id=8924]
  0x00007f9464028000 GCTaskThread "GC Thread#0" [stack: 0x00007f9469b89000,0x00007f9469c89000] [id=8911]
  0x00007f9430001000 GCTaskThread "GC Thread#1" [stack: 0x00007f943cd04000,0x00007f943ce04000] [id=8926]
  0x00007f9430002800 GCTaskThread "GC Thread#2" [stack: 0x00007f943cc02000,0x00007f943cd02000] [id=8927]
  0x00007f94300d6000 GCTaskThread "GC Thread#3" [stack: 0x00007f943cb00000,0x00007f943cc00000] [id=8928]
  0x00007f9464059000 ConcurrentGCThread "G1 Main Marker" [stack: 0x00007f9468af8000,0x00007f9468bf8000] [id=8912]
  0x00007f946405b000 ConcurrentGCThread "G1 Conc#0" [stack: 0x00007f94689f6000,0x00007f9468af6000] [id=8913]
  0x00007f94640d3000 ConcurrentGCThread "G1 Refine#0" [stack: 0x00007f94684f0000,0x00007f94685f0000] [id=8914]
  0x00007f94640d5000 ConcurrentGCThread "G1 Young RemSet Sampling" [stack: 0x00007f94683ee000,0x00007f94684ee000] [id=8915]

Threads with active compile tasks:

VM state:at safepoint (normal execution)

VM Mutex/Monitor currently owned by a thread:  ([mutex/lock_event])
[0x00007f946400dd10] Threads_lock - owner thread: 0x00007f9464105800
[0x00007f946400e460] Heap_lock - owner thread: 0x00007f9464011800

Heap address: 0x0000000084e00000, size: 1970 MB, Compressed Oops mode: 32-bit
Narrow klass base: 0x0000000800000000, Narrow klass shift: 3
Compressed class space size: 1073741824 Address: 0x0000000840000000

Heap:
 garbage-first heap   total 692224K, used 990K [0x0000000084e00000, 0x0000000100000000)
  region size 1024K, 1 young (1024K), 1 survivors (1024K)
 Metaspace       used 187K, capacity 4486K, committed 4864K, reserved 1056768K
  class space    used 6K, capacity 386K, committed 512K, reserved 1048576K
Heap Regions: E=young(eden), S=young(survivor), O=old, HS=humongous(starts), HC=humongous(continues), CS=collection set, F=free, A=archive, TAMS=top-at-mark-start (previous, next)
|   0|0x0000000084e00000, 0x0000000084e00000, 0x0000000084f00000|  0%| F|  |TAMS 0x0000000084e00000, 0x0000000084e00000| Untracked 
|   1|0x0000000084f00000, 0x0000000084f00000, 0x0000000085000000|  0%| F|  |TAMS 0x0000000084f00000, 0x0000000084f00000| Untracked 
|   2|0x0000000085000000, 0x0000000085000000, 0x0000000085100000|  0%| F|  |TAMS 0x0000000085000000, 0x0000000085000000| Untracked 
|   3|0x0000000085100000, 0x0000000085100000, 0x0000000085200000|  0%| F|  |TAMS 0x0000000085100000, 0x0000000085100000| Untracked 
|   4|0x0000000085200000, 0x0000000085200000, 0x0000000085300000|  0%| F|  |TAMS 0x0000000085200000, 0x0000000085200000| Untracked 
|   5|0x0000000085300000, 0x0000000085300000, 0x0000000085400000|  0%| F|  |TAMS 0x0000000085300000, 0x0000000085300000| Untracked 
|   6|0x0000000085400000, 0x0000000085400000, 0x0000000085500000|  0%| F|  |TAMS 0x0000000085400000, 0x0000000085400000| Untracked 
|   7|0x0000000085500000, 0x0000000085500000, 0x0000000085600000|  0%| F|  |TAMS 0x0000000085500000, 0x0000000085500000| Untracked 
|   8|0x0000000085600000, 0x0000000085600000, 0x0000000085700000|  0%| F|  |TAMS 0x0000000085600000, 0x0000000085600000| Untracked 
|   9|0x0000000085700000, 0x0000000085700000, 0x0000000085800000|  0%| F|  |TAMS 0x0000000085700000, 0x0000000085700000| Untracked 
|  10|0x0000000085800000, 0x0000000085800000, 0x0000000085900000|  0%| F|  |TAMS 0x0000000085800000, 0x0000000085800000| Untracked 
|  11|0x0000000085900000, 0x0000000085900000, 0x0000000085a00000|  0%| F|  |TAMS 0x0000000085900000, 0x0000000085900000| Untracked 
|  12|0x0000000085a00000, 0x0000000085a00000, 0x0000000085b00000|  0%| F|  |TAMS 0x0000000085a00000, 0x0000000085a00000| Untracked 
|  13|0x0000000085b00000, 0x0000000085b00000, 0x0000000085c00000|  0%| F|  |TAMS 0x0000000085b00000, 0x0000000085b00000| Untracked 
|  14|0x0000000085c00000, 0x0000000085c00000, 0x0000000085d00000|  0%| F|  |TAMS 0x0000000085c00000, 0x0000000085c00000| Untracked 
|  15|0x0000000085d00000, 0x0000000085d00000, 0x0000000085e00000|  0%| F|  |TAMS 0x0000000085d00000, 0x0000000085d00000| Untracked 
|  16|0x0000000085e00000, 0x0000000085e00000, 0x0000000085f00000|  0%| F|  |TAMS 0x0000000085e00000, 0x0000000085e00000| Untracked 
|  17|0x0000000085f00000, 0x0000000085f00000, 0x0000000086000000|  0%| F|  |TAMS 0x0000000085f00000, 0x0000000085f00000| Untracked 
|  18|0x0000000086000000, 0x0000000086000000, 0x0000000086100000|  0%| F|  |TAMS 0x0000000086000000, 0x0000000086000000| Untracked 
|  19|0x0000000086100000, 0x0000000086100000, 0x0000000086200000|  0%| F|  |TAMS 0x0000000086100000, 0x0000000086100000| Untracked 
|  20|0x0000000086200000, 0x0000000086200000, 0x0000000086300000|  0%| F|  |TAMS 0x0000000086200000, 0x0000000086200000| Untracked 
|  21|0x0000000086300000, 0x0000000086300000, 0x0000000086400000|  0%| F|  |TAMS 0x0000000086300000, 0x0000000086300000| Untracked 
|  22|0x0000000086400000, 0x0000000086400000, 0x0000000086500000|  0%| F|  |TAMS 0x0000000086400000, 0x0000000086400000| Untracked 
|  23|0x0000000086500000, 0x0000000086500000, 0x0000000086600000|  0%| F|  |TAMS 0x0000000086500000, 0x0000000086500000| Untracked 
|  24|0x0000000086600000, 0x0000000086600000, 0x0000000086700000|  0%| F|  |TAMS 0x0000000086600000, 0x0000000086600000| Untracked 
|  25|0x0000000086700000, 0x0000000086700000, 0x0000000086800000|  0%| F|  |TAMS 0x0000000086700000, 0x0000000086700000| Untracked 
|  26|0x0000000086800000, 0x0000000086800000, 0x0000000086900000|  0%| F|  |TAMS 0x0000000086800000, 0x0000000086800000| Untracked 
|  27|0x0000000086900000, 0x0000000086900000, 0x0000000086a00000|  0%| F|  |TAMS 0x0000000086900000, 0x0000000086900000| Untracked 
|  28|0x0000000086a00000, 0x0000000086a00000, 0x0000000086b00000|  0%| F|  |TAMS 0x0000000086a00000, 0x0000000086a00000| Untracked 
|  29|0x0000000086b00000, 0x0000000086b00000, 0x0000000086c00000|  0%| F|  |TAMS 0x0000000086b00000, 0x0000000086b00000| Untracked 
|  30|0x0000000086c00000, 0x0000000086c00000, 0x0000000086d00000|  0%| F|  |TAMS 0x0000000086c00000, 0x0000000086c00000| Untracked 
|  31|0x0000000086d00000, 0x0000000086d00000, 0x0000000086e00000|  0%| F|  |TAMS 0x0000000086d00000, 0x0000000086d00000| Untracked 
|  32|0x0000000086e00000, 0x0000000086e00000, 0x0000000086f00000|  0%| F|  |TAMS 0x0000000086e00000, 0x0000000086e00000| Untracked 
|  33|0x0000000086f00000, 0x0000000086f00000, 0x0000000087000000|  0%| F|  |TAMS 0x0000000086f00000, 0x0000000086f00000| Untracked 
|  34|0x0000000087000000, 0x0000000087000000, 0x0000000087100000|  0%| F|  |TAMS 0x0000000087000000, 0x0000000087000000| Untracked 
|  35|0x0000000087100000, 0x0000000087100000, 0x0000000087200000|  0%| F|  |TAMS 0x0000000087100000, 0x0000000087100000| Untracked 
|  36|0x0000000087200000, 0x0000000087200000, 0x0000000087300000|  0%| F|  |TAMS 0x0000000087200000, 0x0000000087200000| Untracked 
|  37|0x0000000087300000, 0x0000000087300000, 0x0000000087400000|  0%| F|  |TAMS 0x0000000087300000, 0x0000000087300000| Untracked 
|  38|0x0000000087400000, 0x0000000087400000, 0x0000000087500000|  0%| F|  |TAMS 0x0000000087400000, 0x0000000087400000| Untracked 
|  39|0x0000000087500000, 0x0000000087500000, 0x0000000087600000|  0%| F|  |TAMS 0x0000000087500000, 0x0000000087500000| Untracked 
|  40|0x0000000087600000, 0x0000000087600000, 0x0000000087700000|  0%| F|  |TAMS 0x0000000087600000, 0x0000000087600000| Untracked 
|  41|0x0000000087700000, 0x0000000087700000, 0x0000000087800000|  0%| F|  |TAMS 0x0000000087700000, 0x0000000087700000| Untracked 
|  42|0x0000000087800000, 0x0000000087800000, 0x0000000087900000|  0%| F|  |TAMS 0x0000000087800000, 0x0000000087800000| Untracked 
|  43|0x0000000087900000, 0x0000000087900000, 0x0000000087a00000|  0%| F|  |TAMS 0x0000000087900000, 0x0000000087900000| Untracked 
|  44|0x0000000087a00000, 0x0000000087a00000, 0x0000000087b00000|  0%| F|  |TAMS 0x0000000087a00000, 0x0000000087a00000| Untracked 
|  45|0x0000000087b00000, 0x0000000087b00000, 0x0000000087c00000|  0%| F|  |TAMS 0x0000000087b00000, 0x0000000087b00000| Untracked 
|  46|0x0000000087c00000, 0x0000000087c00000, 0x0000000087d00000|  0%| F|  |TAMS 0x0000000087c00000, 0x0000000087c00000| Untracked 
|  47|0x0000000087d00000, 0x0000000087d00000, 0x0000000087e00000|  0%| F|  |TAMS 0x0000000087d00000, 0x0000000087d00000| Untracked 
|  48|0x0000000087e00000, 0x0000000087e00000, 0x0000000087f00000|  0%| F|  |TAMS 0x0000000087e00000, 0x0000000087e00000| Untracked 
|  49|0x0000000087f00000, 0x0000000087f00000, 0x0000000088000000|  0%| F|  |TAMS 0x0000000087f00000, 0x0000000087f00000| Untracked 
|  50|0x0000000088000000, 0x0000000088000000, 0x0000000088100000|  0%| F|  |TAMS 0x0000000088000000, 0x0000000088000000| Untracked 
|  51|0x0000000088100000, 0x0000000088100000, 0x0000000088200000|  0%| F|  |TAMS 0x0000000088100000, 0x0000000088100000| Untracked 
|  52|0x0000000088200000, 0x0000000088200000, 0x0000000088300000|  0%| F|  |TAMS 0x0000000088200000, 0x0000000088200000| Untracked 
|  53|0x0000000088300000, 0x0000000088300000, 0x0000000088400000|  0%| F|  |TAMS 0x0000000088300000, 0x0000000088300000| Untracked 
|  54|0x0000000088400000, 0x0000000088400000, 0x0000000088500000|  0%| F|  |TAMS 0x0000000088400000, 0x0000000088400000| Untracked 
|  55|0x0000000088500000, 0x0000000088500000, 0x0000000088600000|  0%| F|  |TAMS 0x0000000088500000, 0x0000000088500000| Untracked 
|  56|0x0000000088600000, 0x0000000088600000, 0x0000000088700000|  0%| F|  |TAMS 0x0000000088600000, 0x0000000088600000| Untracked 
|  57|0x0000000088700000, 0x0000000088700000, 0x0000000088800000|  0%| F|  |TAMS 0x0000000088700000, 0x0000000088700000| Untracked 
|  58|0x0000000088800000, 0x0000000088800000, 0x0000000088900000|  0%| F|  |TAMS 0x0000000088800000, 0x0000000088800000| Untracked 
|  59|0x0000000088900000, 0x0000000088900000, 0x0000000088a00000|  0%| F|  |TAMS 0x0000000088900000, 0x0000000088900000| Untracked 
|  60|0x0000000088a00000, 0x0000000088a00000, 0x0000000088b00000|  0%| F|  |TAMS 0x0000000088a00000, 0x0000000088a00000| Untracked 
|  61|0x0000000088b00000, 0x0000000088b00000, 0x0000000088c00000|  0%| F|  |TAMS 0x0000000088b00000, 0x0000000088b00000| Untracked 
|  62|0x0000000088c00000, 0x0000000088c00000, 0x0000000088d00000|  0%| F|  |TAMS 0x0000000088c00000, 0x0000000088c00000| Untracked 
|  63|0x0000000088d00000, 0x0000000088d00000, 0x0000000088e00000|  0%| F|  |TAMS 0x0000000088d00000, 0x0000000088d00000| Untracked 
|  64|0x0000000088e00000, 0x0000000088e00000, 0x0000000088f00000|  0%| F|  |TAMS 0x0000000088e00000, 0x0000000088e00000| Untracked 
|  65|0x0000000088f00000, 0x0000000088f00000, 0x0000000089000000|  0%| F|  |TAMS 0x0000000088f00000, 0x0000000088f00000| Untracked 
|  66|0x0000000089000000, 0x0000000089000000, 0x0000000089100000|  0%| F|  |TAMS 0x0000000089000000, 0x0000000089000000| Untracked 
|  67|0x0000000089100000, 0x0000000089100000, 0x0000000089200000|  0%| F|  |TAMS 0x0000000089100000, 0x0000000089100000| Untracked 
|  68|0x0000000089200000, 0x0000000089200000, 0x0000000089300000|  0%| F|  |TAMS 0x0000000089200000, 0x0000000089200000| Untracked 
|  69|0x0000000089300000, 0x0000000089300000, 0x0000000089400000|  0%| F|  |TAMS 0x0000000089300000, 0x0000000089300000| Untracked 
|  70|0x0000000089400000, 0x0000000089400000, 0x0000000089500000|  0%| F|  |TAMS 0x0000000089400000, 0x0000000089400000| Untracked 
|  71|0x0000000089500000, 0x0000000089500000, 0x0000000089600000|  0%| F|  |TAMS 0x0000000089500000, 0x0000000089500000| Untracked 
|  72|0x0000000089600000, 0x0000000089600000, 0x0000000089700000|  0%| F|  |TAMS 0x0000000089600000, 0x0000000089600000| Untracked 
|  73|0x0000000089700000, 0x0000000089700000, 0x0000000089800000|  0%| F|  |TAMS 0x0000000089700000, 0x0000000089700000| Untracked 
|  74|0x0000000089800000, 0x0000000089800000, 0x0000000089900000|  0%| F|  |TAMS 0x0000000089800000, 0x0000000089800000| Untracked 
|  75|0x0000000089900000, 0x0000000089900000, 0x0000000089a00000|  0%| F|  |TAMS 0x0000000089900000, 0x0000000089900000| Untracked 
|  76|0x0000000089a00000, 0x0000000089a00000, 0x0000000089b00000|  0%| F|  |TAMS 0x0000000089a00000, 0x0000000089a00000| Untracked 
|  77|0x0000000089b00000, 0x0000000089b00000, 0x0000000089c00000|  0%| F|  |TAMS 0x0000000089b00000, 0x0000000089b00000| Untracked 
|  78|0x0000000089c00000, 0x0000000089c00000, 0x0000000089d00000|  0%| F|  |TAMS 0x0000000089c00000, 0x0000000089c00000| Untracked 
|  79|0x0000000089d00000, 0x0000000089d00000, 0x0000000089e00000|  0%| F|  |TAMS 0x0000000089d00000, 0x0000000089d00000| Untracked 
|  80|0x0000000089e00000, 0x0000000089e00000, 0x0000000089f00000|  0%| F|  |TAMS 0x0000000089e00000, 0x0000000089e00000| Untracked 
|  81|0x0000000089f00000, 0x0000000089f00000, 0x000000008a000000|  0%| F|  |TAMS 0x0000000089f00000, 0x0000000089f00000| Untracked 
|  82|0x000000008a000000, 0x000000008a000000, 0x000000008a100000|  0%| F|  |TAMS 0x000000008a000000, 0x000000008a000000| Untracked 
|  83|0x000000008a100000, 0x000000008a100000, 0x000000008a200000|  0%| F|  |TAMS 0x000000008a100000, 0x000000008a100000| Untracked 
|  84|0x000000008a200000, 0x000000008a200000, 0x000000008a300000|  0%| F|  |TAMS 0x000000008a200000, 0x000000008a200000| Untracked 
|  85|0x000000008a300000, 0x000000008a300000, 0x000000008a400000|  0%| F|  |TAMS 0x000000008a300000, 0x000000008a300000| Untracked 
|  86|0x000000008a400000, 0x000000008a400000, 0x000000008a500000|  0%| F|  |TAMS 0x000000008a400000, 0x000000008a400000| Untracked 
|  87|0x000000008a500000, 0x000000008a500000, 0x000000008a600000|  0%| F|  |TAMS 0x000000008a500000, 0x000000008a500000| Untracked 
|  88|0x000000008a600000, 0x000000008a600000, 0x000000008a700000|  0%| F|  |TAMS 0x000000008a600000, 0x000000008a600000| Untracked 
|  89|0x000000008a700000, 0x000000008a700000, 0x000000008a800000|  0%| F|  |TAMS 0x000000008a700000, 0x000000008a700000| Untracked 
|  90|0x000000008a800000, 0x000000008a800000, 0x000000008a900000|  0%| F|  |TAMS 0x000000008a800000, 0x000000008a800000| Untracked 
|  91|0x000000008a900000, 0x000000008a900000, 0x000000008aa00000|  0%| F|  |TAMS 0x000000008a900000, 0x000000008a900000| Untracked 
|  92|0x000000008aa00000, 0x000000008aa00000, 0x000000008ab00000|  0%| F|  |TAMS 0x000000008aa00000, 0x000000008aa00000| Untracked 
|  93|0x000000008ab00000, 0x000000008ab00000, 0x000000008ac00000|  0%| F|  |TAMS 0x000000008ab00000, 0x000000008ab00000| Untracked 
|  94|0x000000008ac00000, 0x000000008ac00000, 0x000000008ad00000|  0%| F|  |TAMS 0x000000008ac00000, 0x000000008ac00000| Untracked 
|  95|0x000000008ad00000, 0x000000008ad00000, 0x000000008ae00000|  0%| F|  |TAMS 0x000000008ad00000, 0x000000008ad00000| Untracked 
|  96|0x000000008ae00000, 0x000000008ae00000, 0x000000008af00000|  0%| F|  |TAMS 0x000000008ae00000, 0x000000008ae00000| Untracked 
|  97|0x000000008af00000, 0x000000008af00000, 0x000000008b000000|  0%| F|  |TAMS 0x000000008af00000, 0x000000008af00000| Untracked 
|  98|0x000000008b000000, 0x000000008b000000, 0x000000008b100000|  0%| F|  |TAMS 0x000000008b000000, 0x000000008b000000| Untracked 
|  99|0x000000008b100000, 0x000000008b100000, 0x000000008b200000|  0%| F|  |TAMS 0x000000008b100000, 0x000000008b100000| Untracked 
| 100|0x000000008b200000, 0x000000008b200000, 0x000000008b300000|  0%| F|  |TAMS 0x000000008b200000, 0x000000008b200000| Untracked 
| 101|0x000000008b300000, 0x000000008b300000, 0x000000008b400000|  0%| F|  |TAMS 0x000000008b300000, 0x000000008b300000| Untracked 
| 102|0x000000008b400000, 0x000000008b400000, 0x000000008b500000|  0%| F|  |TAMS 0x000000008b400000, 0x000000008b400000| Untracked 
| 103|0x000000008b500000, 0x000000008b500000, 0x000000008b600000|  0%| F|  |TAMS 0x000000008b500000, 0x000000008b500000| Untracked 
| 104|0x000000008b600000, 0x000000008b600000, 0x000000008b700000|  0%| F|  |TAMS 0x000000008b600000, 0x000000008b600000| Untracked 
| 105|0x000000008b700000, 0x000000008b700000, 0x000000008b800000|  0%| F|  |TAMS 0x000000008b700000, 0x000000008b700000| Untracked 
| 106|0x000000008b800000, 0x000000008b800000, 0x000000008b900000|  0%| F|  |TAMS 0x000000008b800000, 0x000000008b800000| Untracked 
| 107|0x000000008b900000, 0x000000008b900000, 0x000000008ba00000|  0%| F|  |TAMS 0x000000008b900000, 0x000000008b900000| Untracked 
| 108|0x000000008ba00000, 0x000000008ba00000, 0x000000008bb00000|  0%| F|  |TAMS 0x000000008ba00000, 0x000000008ba00000| Untracked 
| 109|0x000000008bb00000, 0x000000008bb00000, 0x000000008bc00000|  0%| F|  |TAMS 0x000000008bb00000, 0x000000008bb00000| Untracked 
| 110|0x000000008bc00000, 0x000000008bc00000, 0x000000008bd00000|  0%| F|  |TAMS 0x000000008bc00000, 0x000000008bc00000| Untracked 
| 111|0x000000008bd00000, 0x000000008bd00000, 0x000000008be00000|  0%| F|  |TAMS 0x000000008bd00000, 0x000000008bd00000| Untracked 
| 112|0x000000008be00000, 0x000000008be00000, 0x000000008bf00000|  0%| F|  |TAMS 0x000000008be00000, 0x000000008be00000| Untracked 
| 113|0x000000008bf00000, 0x000000008bf00000, 0x000000008c000000|  0%| F|  |TAMS 0x000000008bf00000, 0x000000008bf00000| Untracked 
| 114|0x000000008c000000, 0x000000008c000000, 0x000000008c100000|  0%| F|  |TAMS 0x000000008c000000, 0x000000008c000000| Untracked 
| 115|0x000000008c100000, 0x000000008c100000, 0x000000008c200000|  0%| F|  |TAMS 0x000000008c100000, 0x000000008c100000| Untracked 
| 116|0x000000008c200000, 0x000000008c200000, 0x000000008c300000|  0%| F|  |TAMS 0x000000008c200000, 0x000000008c200000| Untracked 
| 117|0x000000008c300000, 0x000000008c300000, 0x000000008c400000|  0%| F|  |TAMS 0x000000008c300000, 0x000000008c300000| Untracked 
| 118|0x000000008c400000, 0x000000008c400000, 0x000000008c500000|  0%| F|  |TAMS 0x000000008c400000, 0x000000008c400000| Untracked 
| 119|0x000000008c500000, 0x000000008c500000, 0x000000008c600000|  0%| F|  |TAMS 0x000000008c500000, 0x000000008c500000| Untracked 
| 120|0x000000008c600000, 0x000000008c600000, 0x000000008c700000|  0%| F|  |TAMS 0x000000008c600000, 0x000000008c600000| Untracked 
| 121|0x000000008c700000, 0x000000008c700000, 0x000000008c800000|  0%| F|  |TAMS 0x000000008c700000, 0x000000008c700000| Untracked 
| 122|0x000000008c800000, 0x000000008c800000, 0x000000008c900000|  0%| F|  |TAMS 0x000000008c800000, 0x000000008c800000| Untracked 
| 123|0x000000008c900000, 0x000000008c900000, 0x000000008ca00000|  0%| F|  |TAMS 0x000000008c900000, 0x000000008c900000| Untracked 
| 124|0x000000008ca00000, 0x000000008ca00000, 0x000000008cb00000|  0%| F|  |TAMS 0x000000008ca00000, 0x000000008ca00000| Untracked 
| 125|0x000000008cb00000, 0x000000008cb00000, 0x000000008cc00000|  0%| F|  |TAMS 0x000000008cb00000, 0x000000008cb00000| Untracked 
| 126|0x000000008cc00000, 0x000000008cc00000, 0x000000008cd00000|  0%| F|  |TAMS 0x000000008cc00000, 0x000000008cc00000| Untracked 
| 127|0x000000008cd00000, 0x000000008cd00000, 0x000000008ce00000|  0%| F|  |TAMS 0x000000008cd00000, 0x000000008cd00000| Untracked 
| 128|0x000000008ce00000, 0x000000008ce00000, 0x000000008cf00000|  0%| F|  |TAMS 0x000000008ce00000, 0x000000008ce00000| Untracked 
| 129|0x000000008cf00000, 0x000000008cf00000, 0x000000008d000000|  0%| F|  |TAMS 0x000000008cf00000, 0x000000008cf00000| Untracked 
| 130|0x000000008d000000, 0x000000008d000000, 0x000000008d100000|  0%| F|  |TAMS 0x000000008d000000, 0x000000008d000000| Untracked 
| 131|0x000000008d100000, 0x000000008d100000, 0x000000008d200000|  0%| F|  |TAMS 0x000000008d100000, 0x000000008d100000| Untracked 
| 132|0x000000008d200000, 0x000000008d200000, 0x000000008d300000|  0%| F|  |TAMS 0x000000008d200000, 0x000000008d200000| Untracked 
| 133|0x000000008d300000, 0x000000008d300000, 0x000000008d400000|  0%| F|  |TAMS 0x000000008d300000, 0x000000008d300000| Untracked 
| 134|0x000000008d400000, 0x000000008d400000, 0x000000008d500000|  0%| F|  |TAMS 0x000000008d400000, 0x000000008d400000| Untracked 
| 135|0x000000008d500000, 0x000000008d500000, 0x000000008d600000|  0%| F|  |TAMS 0x000000008d500000, 0x000000008d500000| Untracked 
| 136|0x000000008d600000, 0x000000008d600000, 0x000000008d700000|  0%| F|  |TAMS 0x000000008d600000, 0x000000008d600000| Untracked 
| 137|0x000000008d700000, 0x000000008d700000, 0x000000008d800000|  0%| F|  |TAMS 0x000000008d700000, 0x000000008d700000| Untracked 
| 138|0x000000008d800000, 0x000000008d800000, 0x000000008d900000|  0%| F|  |TAMS 0x000000008d800000, 0x000000008d800000| Untracked 
| 139|0x000000008d900000, 0x000000008d900000, 0x000000008da00000|  0%| F|  |TAMS 0x000000008d900000, 0x000000008d900000| Untracked 
| 140|0x000000008da00000, 0x000000008da00000, 0x000000008db00000|  0%| F|  |TAMS 0x000000008da00000, 0x000000008da00000| Untracked 
| 141|0x000000008db00000, 0x000000008db00000, 0x000000008dc00000|  0%| F|  |TAMS 0x000000008db00000, 0x000000008db00000| Untracked 
| 142|0x000000008dc00000, 0x000000008dc00000, 0x000000008dd00000|  0%| F|  |TAMS 0x000000008dc00000, 0x000000008dc00000| Untracked 
| 143|0x000000008dd00000, 0x000000008dd00000, 0x000000008de00000|  0%| F|  |TAMS 0x000000008dd00000, 0x000000008dd00000| Untracked 
| 144|0x000000008de00000, 0x000000008de00000, 0x000000008df00000|  0%| F|  |TAMS 0x000000008de00000, 0x000000008de00000| Untracked 
| 145|0x000000008df00000, 0x000000008df00000, 0x000000008e000000|  0%| F|  |TAMS 0x000000008df00000, 0x000000008df00000| Untracked 
| 146|0x000000008e000000, 0x000000008e000000, 0x000000008e100000|  0%| F|  |TAMS 0x000000008e000000, 0x000000008e000000| Untracked 
| 147|0x000000008e100000, 0x000000008e100000, 0x000000008e200000|  0%| F|  |TAMS 0x000000008e100000, 0x000000008e100000| Untracked 
| 148|0x000000008e200000, 0x000000008e200000, 0x000000008e300000|  0%| F|  |TAMS 0x000000008e200000, 0x000000008e200000| Untracked 
| 149|0x000000008e300000, 0x000000008e300000, 0x000000008e400000|  0%| F|  |TAMS 0x000000008e300000, 0x000000008e300000| Untracked 
| 150|0x000000008e400000, 0x000000008e400000, 0x000000008e500000|  0%| F|  |TAMS 0x000000008e400000, 0x000000008e400000| Untracked 
| 151|0x000000008e500000, 0x000000008e500000, 0x000000008e600000|  0%| F|  |TAMS 0x000000008e500000, 0x000000008e500000| Untracked 
| 152|0x000000008e600000, 0x000000008e600000, 0x000000008e700000|  0%| F|  |TAMS 0x000000008e600000, 0x000000008e600000| Untracked 
| 153|0x000000008e700000, 0x000000008e700000, 0x000000008e800000|  0%| F|  |TAMS 0x000000008e700000, 0x000000008e700000| Untracked 
| 154|0x000000008e800000, 0x000000008e800000, 0x000000008e900000|  0%| F|  |TAMS 0x000000008e800000, 0x000000008e800000| Untracked 
| 155|0x000000008e900000, 0x000000008e900000, 0x000000008ea00000|  0%| F|  |TAMS 0x000000008e900000, 0x000000008e900000| Untracked 
| 156|0x000000008ea00000, 0x000000008ea00000, 0x000000008eb00000|  0%| F|  |TAMS 0x000000008ea00000, 0x000000008ea00000| Untracked 
| 157|0x000000008eb00000, 0x000000008eb00000, 0x000000008ec00000|  0%| F|  |TAMS 0x000000008eb00000, 0x000000008eb00000| Untracked 
| 158|0x000000008ec00000, 0x000000008ec00000, 0x000000008ed00000|  0%| F|  |TAMS 0x000000008ec00000, 0x000000008ec00000| Untracked 
| 159|0x000000008ed00000, 0x000000008ed00000, 0x000000008ee00000|  0%| F|  |TAMS 0x000000008ed00000, 0x000000008ed00000| Untracked 
| 160|0x000000008ee00000, 0x000000008ee00000, 0x000000008ef00000|  0%| F|  |TAMS 0x000000008ee00000, 0x000000008ee00000| Untracked 
| 161|0x000000008ef00000, 0x000000008ef00000, 0x000000008f000000|  0%| F|  |TAMS 0x000000008ef00000, 0x000000008ef00000| Untracked 
| 162|0x000000008f000000, 0x000000008f000000, 0x000000008f100000|  0%| F|  |TAMS 0x000000008f000000, 0x000000008f000000| Untracked 
| 163|0x000000008f100000, 0x000000008f100000, 0x000000008f200000|  0%| F|  |TAMS 0x000000008f100000, 0x000000008f100000| Untracked 
| 164|0x000000008f200000, 0x000000008f200000, 0x000000008f300000|  0%| F|  |TAMS 0x000000008f200000, 0x000000008f200000| Untracked 
| 165|0x000000008f300000, 0x000000008f300000, 0x000000008f400000|  0%| F|  |TAMS 0x000000008f300000, 0x000000008f300000| Untracked 
| 166|0x000000008f400000, 0x000000008f400000, 0x000000008f500000|  0%| F|  |TAMS 0x000000008f400000, 0x000000008f400000| Untracked 
| 167|0x000000008f500000, 0x000000008f500000, 0x000000008f600000|  0%| F|  |TAMS 0x000000008f500000, 0x000000008f500000| Untracked 
| 168|0x000000008f600000, 0x000000008f600000, 0x000000008f700000|  0%| F|  |TAMS 0x000000008f600000, 0x000000008f600000| Untracked 
| 169|0x000000008f700000, 0x000000008f700000, 0x000000008f800000|  0%| F|  |TAMS 0x000000008f700000, 0x000000008f700000| Untracked 
| 170|0x000000008f800000, 0x000000008f800000, 0x000000008f900000|  0%| F|  |TAMS 0x000000008f800000, 0x000000008f800000| Untracked 
| 171|0x000000008f900000, 0x000000008f900000, 0x000000008fa00000|  0%| F|  |TAMS 0x000000008f900000, 0x000000008f900000| Untracked 
| 172|0x000000008fa00000, 0x000000008fa00000, 0x000000008fb00000|  0%| F|  |TAMS 0x000000008fa00000, 0x000000008fa00000| Untracked 
| 173|0x000000008fb00000, 0x000000008fb00000, 0x000000008fc00000|  0%| F|  |TAMS 0x000000008fb00000, 0x000000008fb00000| Untracked 
| 174|0x000000008fc00000, 0x000000008fc00000, 0x000000008fd00000|  0%| F|  |TAMS 0x000000008fc00000, 0x000000008fc00000| Untracked 
| 175|0x000000008fd00000, 0x000000008fd00000, 0x000000008fe00000|  0%| F|  |TAMS 0x000000008fd00000, 0x000000008fd00000| Untracked 
| 176|0x000000008fe00000, 0x000000008fe00000, 0x000000008ff00000|  0%| F|  |TAMS 0x000000008fe00000, 0x000000008fe00000| Untracked 
| 177|0x000000008ff00000, 0x000000008ff00000, 0x0000000090000000|  0%| F|  |TAMS 0x000000008ff00000, 0x000000008ff00000| Untracked 
| 178|0x0000000090000000, 0x0000000090000000, 0x0000000090100000|  0%| F|  |TAMS 0x0000000090000000, 0x0000000090000000| Untracked 
| 179|0x0000000090100000, 0x0000000090100000, 0x0000000090200000|  0%| F|  |TAMS 0x0000000090100000, 0x0000000090100000| Untracked 
| 180|0x0000000090200000, 0x0000000090200000, 0x0000000090300000|  0%| F|  |TAMS 0x0000000090200000, 0x0000000090200000| Untracked 
| 181|0x0000000090300000, 0x0000000090300000, 0x0000000090400000|  0%| F|  |TAMS 0x0000000090300000, 0x0000000090300000| Untracked 
| 182|0x0000000090400000, 0x0000000090400000, 0x0000000090500000|  0%| F|  |TAMS 0x0000000090400000, 0x0000000090400000| Untracked 
| 183|0x0000000090500000, 0x0000000090500000, 0x0000000090600000|  0%| F|  |TAMS 0x0000000090500000, 0x0000000090500000| Untracked 
| 184|0x0000000090600000, 0x0000000090600000, 0x0000000090700000|  0%| F|  |TAMS 0x0000000090600000, 0x0000000090600000| Untracked 
| 185|0x0000000090700000, 0x0000000090700000, 0x0000000090800000|  0%| F|  |TAMS 0x0000000090700000, 0x0000000090700000| Untracked 
| 186|0x0000000090800000, 0x0000000090800000, 0x0000000090900000|  0%| F|  |TAMS 0x0000000090800000, 0x0000000090800000| Untracked 
| 187|0x0000000090900000, 0x0000000090900000, 0x0000000090a00000|  0%| F|  |TAMS 0x0000000090900000, 0x0000000090900000| Untracked 
| 188|0x0000000090a00000, 0x0000000090a00000, 0x0000000090b00000|  0%| F|  |TAMS 0x0000000090a00000, 0x0000000090a00000| Untracked 
| 189|0x0000000090b00000, 0x0000000090b00000, 0x0000000090c00000|  0%| F|  |TAMS 0x0000000090b00000, 0x0000000090b00000| Untracked 
| 190|0x0000000090c00000, 0x0000000090c00000, 0x0000000090d00000|  0%| F|  |TAMS 0x0000000090c00000, 0x0000000090c00000| Untracked 
| 191|0x0000000090d00000, 0x0000000090d00000, 0x0000000090e00000|  0%| F|  |TAMS 0x0000000090d00000, 0x0000000090d00000| Untracked 
| 192|0x0000000090e00000, 0x0000000090e00000, 0x0000000090f00000|  0%| F|  |TAMS 0x0000000090e00000, 0x0000000090e00000| Untracked 
| 193|0x0000000090f00000, 0x0000000090f00000, 0x0000000091000000|  0%| F|  |TAMS 0x0000000090f00000, 0x0000000090f00000| Untracked 
| 194|0x0000000091000000, 0x0000000091000000, 0x0000000091100000|  0%| F|  |TAMS 0x0000000091000000, 0x0000000091000000| Untracked 
| 195|0x0000000091100000, 0x0000000091100000, 0x0000000091200000|  0%| F|  |TAMS 0x0000000091100000, 0x0000000091100000| Untracked 
| 196|0x0000000091200000, 0x0000000091200000, 0x0000000091300000|  0%| F|  |TAMS 0x0000000091200000, 0x0000000091200000| Untracked 
| 197|0x0000000091300000, 0x0000000091300000, 0x0000000091400000|  0%| F|  |TAMS 0x0000000091300000, 0x0000000091300000| Untracked 
| 198|0x0000000091400000, 0x0000000091400000, 0x0000000091500000|  0%| F|  |TAMS 0x0000000091400000, 0x0000000091400000| Untracked 
| 199|0x0000000091500000, 0x0000000091500000, 0x0000000091600000|  0%| F|  |TAMS 0x0000000091500000, 0x0000000091500000| Untracked 
| 200|0x0000000091600000, 0x0000000091600000, 0x0000000091700000|  0%| F|  |TAMS 0x0000000091600000, 0x0000000091600000| Untracked 
| 201|0x0000000091700000, 0x0000000091700000, 0x0000000091800000|  0%| F|  |TAMS 0x0000000091700000, 0x0000000091700000| Untracked 
| 202|0x0000000091800000, 0x0000000091800000, 0x0000000091900000|  0%| F|  |TAMS 0x0000000091800000, 0x0000000091800000| Untracked 
| 203|0x0000000091900000, 0x0000000091900000, 0x0000000091a00000|  0%| F|  |TAMS 0x0000000091900000, 0x0000000091900000| Untracked 
| 204|0x0000000091a00000, 0x0000000091a00000, 0x0000000091b00000|  0%| F|  |TAMS 0x0000000091a00000, 0x0000000091a00000| Untracked 
| 205|0x0000000091b00000, 0x0000000091b00000, 0x0000000091c00000|  0%| F|  |TAMS 0x0000000091b00000, 0x0000000091b00000| Untracked 
| 206|0x0000000091c00000, 0x0000000091c00000, 0x0000000091d00000|  0%| F|  |TAMS 0x0000000091c00000, 0x0000000091c00000| Untracked 
| 207|0x0000000091d00000, 0x0000000091d00000, 0x0000000091e00000|  0%| F|  |TAMS 0x0000000091d00000, 0x0000000091d00000| Untracked 
| 208|0x0000000091e00000, 0x0000000091e00000, 0x0000000091f00000|  0%| F|  |TAMS 0x0000000091e00000, 0x0000000091e00000| Untracked 
| 209|0x0000000091f00000, 0x0000000091f00000, 0x0000000092000000|  0%| F|  |TAMS 0x0000000091f00000, 0x0000000091f00000| Untracked 
| 210|0x0000000092000000, 0x0000000092000000, 0x0000000092100000|  0%| F|  |TAMS 0x0000000092000000, 0x0000000092000000| Untracked 
| 211|0x0000000092100000, 0x0000000092100000, 0x0000000092200000|  0%| F|  |TAMS 0x0000000092100000, 0x0000000092100000| Untracked 
| 212|0x0000000092200000, 0x0000000092200000, 0x0000000092300000|  0%| F|  |TAMS 0x0000000092200000, 0x0000000092200000| Untracked 
| 213|0x0000000092300000, 0x0000000092300000, 0x0000000092400000|  0%| F|  |TAMS 0x0000000092300000, 0x0000000092300000| Untracked 
| 214|0x0000000092400000, 0x0000000092400000, 0x0000000092500000|  0%| F|  |TAMS 0x0000000092400000, 0x0000000092400000| Untracked 
| 215|0x0000000092500000, 0x0000000092500000, 0x0000000092600000|  0%| F|  |TAMS 0x0000000092500000, 0x0000000092500000| Untracked 
| 216|0x0000000092600000, 0x0000000092600000, 0x0000000092700000|  0%| F|  |TAMS 0x0000000092600000, 0x0000000092600000| Untracked 
| 217|0x0000000092700000, 0x0000000092700000, 0x0000000092800000|  0%| F|  |TAMS 0x0000000092700000, 0x0000000092700000| Untracked 
| 218|0x0000000092800000, 0x0000000092800000, 0x0000000092900000|  0%| F|  |TAMS 0x0000000092800000, 0x0000000092800000| Untracked 
| 219|0x0000000092900000, 0x0000000092900000, 0x0000000092a00000|  0%| F|  |TAMS 0x0000000092900000, 0x0000000092900000| Untracked 
| 220|0x0000000092a00000, 0x0000000092a00000, 0x0000000092b00000|  0%| F|  |TAMS 0x0000000092a00000, 0x0000000092a00000| Untracked 
| 221|0x0000000092b00000, 0x0000000092b00000, 0x0000000092c00000|  0%| F|  |TAMS 0x0000000092b00000, 0x0000000092b00000| Untracked 
| 222|0x0000000092c00000, 0x0000000092c00000, 0x0000000092d00000|  0%| F|  |TAMS 0x0000000092c00000, 0x0000000092c00000| Untracked 
| 223|0x0000000092d00000, 0x0000000092d00000, 0x0000000092e00000|  0%| F|  |TAMS 0x0000000092d00000, 0x0000000092d00000| Untracked 
| 224|0x0000000092e00000, 0x0000000092e00000, 0x0000000092f00000|  0%| F|  |TAMS 0x0000000092e00000, 0x0000000092e00000| Untracked 
| 225|0x0000000092f00000, 0x0000000092f00000, 0x0000000093000000|  0%| F|  |TAMS 0x0000000092f00000, 0x0000000092f00000| Untracked 
| 226|0x0000000093000000, 0x0000000093000000, 0x0000000093100000|  0%| F|  |TAMS 0x0000000093000000, 0x0000000093000000| Untracked 
| 227|0x0000000093100000, 0x0000000093100000, 0x0000000093200000|  0%| F|  |TAMS 0x0000000093100000, 0x0000000093100000| Untracked 
| 228|0x0000000093200000, 0x0000000093200000, 0x0000000093300000|  0%| F|  |TAMS 0x0000000093200000, 0x0000000093200000| Untracked 
| 229|0x0000000093300000, 0x0000000093300000, 0x0000000093400000|  0%| F|  |TAMS 0x0000000093300000, 0x0000000093300000| Untracked 
| 230|0x0000000093400000, 0x0000000093400000, 0x0000000093500000|  0%| F|  |TAMS 0x0000000093400000, 0x0000000093400000| Untracked 
| 231|0x0000000093500000, 0x0000000093500000, 0x0000000093600000|  0%| F|  |TAMS 0x0000000093500000, 0x0000000093500000| Untracked 
| 232|0x0000000093600000, 0x0000000093600000, 0x0000000093700000|  0%| F|  |TAMS 0x0000000093600000, 0x0000000093600000| Untracked 
| 233|0x0000000093700000, 0x0000000093700000, 0x0000000093800000|  0%| F|  |TAMS 0x0000000093700000, 0x0000000093700000| Untracked 
| 234|0x0000000093800000, 0x0000000093800000, 0x0000000093900000|  0%| F|  |TAMS 0x0000000093800000, 0x0000000093800000| Untracked 
| 235|0x0000000093900000, 0x0000000093900000, 0x0000000093a00000|  0%| F|  |TAMS 0x0000000093900000, 0x0000000093900000| Untracked 
| 236|0x0000000093a00000, 0x0000000093a00000, 0x0000000093b00000|  0%| F|  |TAMS 0x0000000093a00000, 0x0000000093a00000| Untracked 
| 237|0x0000000093b00000, 0x0000000093b00000, 0x0000000093c00000|  0%| F|  |TAMS 0x0000000093b00000, 0x0000000093b00000| Untracked 
| 238|0x0000000093c00000, 0x0000000093c00000, 0x0000000093d00000|  0%| F|  |TAMS 0x0000000093c00000, 0x0000000093c00000| Untracked 
| 239|0x0000000093d00000, 0x0000000093d00000, 0x0000000093e00000|  0%| F|  |TAMS 0x0000000093d00000, 0x0000000093d00000| Untracked 
| 240|0x0000000093e00000, 0x0000000093e00000, 0x0000000093f00000|  0%| F|  |TAMS 0x0000000093e00000, 0x0000000093e00000| Untracked 
| 241|0x0000000093f00000, 0x0000000093f00000, 0x0000000094000000|  0%| F|  |TAMS 0x0000000093f00000, 0x0000000093f00000| Untracked 
| 242|0x0000000094000000, 0x0000000094000000, 0x0000000094100000|  0%| F|  |TAMS 0x0000000094000000, 0x0000000094000000| Untracked 
| 243|0x0000000094100000, 0x0000000094100000, 0x0000000094200000|  0%| F|  |TAMS 0x0000000094100000, 0x0000000094100000| Untracked 
| 244|0x0000000094200000, 0x0000000094200000, 0x0000000094300000|  0%| F|  |TAMS 0x0000000094200000, 0x0000000094200000| Untracked 
| 245|0x0000000094300000, 0x0000000094300000, 0x0000000094400000|  0%| F|  |TAMS 0x0000000094300000, 0x0000000094300000| Untracked 
| 246|0x0000000094400000, 0x0000000094400000, 0x0000000094500000|  0%| F|  |TAMS 0x0000000094400000, 0x0000000094400000| Untracked 
| 247|0x0000000094500000, 0x0000000094500000, 0x0000000094600000|  0%| F|  |TAMS 0x0000000094500000, 0x0000000094500000| Untracked 
| 248|0x0000000094600000, 0x0000000094600000, 0x0000000094700000|  0%| F|  |TAMS 0x0000000094600000, 0x0000000094600000| Untracked 
| 249|0x0000000094700000, 0x0000000094700000, 0x0000000094800000|  0%| F|  |TAMS 0x0000000094700000, 0x0000000094700000| Untracked 
| 250|0x0000000094800000, 0x0000000094800000, 0x0000000094900000|  0%| F|  |TAMS 0x0000000094800000, 0x0000000094800000| Untracked 
| 251|0x0000000094900000, 0x0000000094900000, 0x0000000094a00000|  0%| F|  |TAMS 0x0000000094900000, 0x0000000094900000| Untracked 
| 252|0x0000000094a00000, 0x0000000094a00000, 0x0000000094b00000|  0%| F|  |TAMS 0x0000000094a00000, 0x0000000094a00000| Untracked 
| 253|0x0000000094b00000, 0x0000000094b00000, 0x0000000094c00000|  0%| F|  |TAMS 0x0000000094b00000, 0x0000000094b00000| Untracked 
| 254|0x0000000094c00000, 0x0000000094c00000, 0x0000000094d00000|  0%| F|  |TAMS 0x0000000094c00000, 0x0000000094c00000| Untracked 
| 255|0x0000000094d00000, 0x0000000094d00000, 0x0000000094e00000|  0%| F|  |TAMS 0x0000000094d00000, 0x0000000094d00000| Untracked 
| 256|0x0000000094e00000, 0x0000000094e00000, 0x0000000094f00000|  0%| F|  |TAMS 0x0000000094e00000, 0x0000000094e00000| Untracked 
| 257|0x0000000094f00000, 0x0000000094f00000, 0x0000000095000000|  0%| F|  |TAMS 0x0000000094f00000, 0x0000000094f00000| Untracked 
| 258|0x0000000095000000, 0x0000000095000000, 0x0000000095100000|  0%| F|  |TAMS 0x0000000095000000, 0x0000000095000000| Untracked 
| 259|0x0000000095100000, 0x0000000095100000, 0x0000000095200000|  0%| F|  |TAMS 0x0000000095100000, 0x0000000095100000| Untracked 
| 260|0x0000000095200000, 0x0000000095200000, 0x0000000095300000|  0%| F|  |TAMS 0x0000000095200000, 0x0000000095200000| Untracked 
| 261|0x0000000095300000, 0x0000000095300000, 0x0000000095400000|  0%| F|  |TAMS 0x0000000095300000, 0x0000000095300000| Untracked 
| 262|0x0000000095400000, 0x0000000095400000, 0x0000000095500000|  0%| F|  |TAMS 0x0000000095400000, 0x0000000095400000| Untracked 
| 263|0x0000000095500000, 0x0000000095500000, 0x0000000095600000|  0%| F|  |TAMS 0x0000000095500000, 0x0000000095500000| Untracked 
| 264|0x0000000095600000, 0x0000000095600000, 0x0000000095700000|  0%| F|  |TAMS 0x0000000095600000, 0x0000000095600000| Untracked 
| 265|0x0000000095700000, 0x0000000095700000, 0x0000000095800000|  0%| F|  |TAMS 0x0000000095700000, 0x0000000095700000| Untracked 
| 266|0x0000000095800000, 0x0000000095800000, 0x0000000095900000|  0%| F|  |TAMS 0x0000000095800000, 0x0000000095800000| Untracked 
| 267|0x0000000095900000, 0x0000000095900000, 0x0000000095a00000|  0%| F|  |TAMS 0x0000000095900000, 0x0000000095900000| Untracked 
| 268|0x0000000095a00000, 0x0000000095a00000, 0x0000000095b00000|  0%| F|  |TAMS 0x0000000095a00000, 0x0000000095a00000| Untracked 
| 269|0x0000000095b00000, 0x0000000095b00000, 0x0000000095c00000|  0%| F|  |TAMS 0x0000000095b00000, 0x0000000095b00000| Untracked 
| 270|0x0000000095c00000, 0x0000000095c00000, 0x0000000095d00000|  0%| F|  |TAMS 0x0000000095c00000, 0x0000000095c00000| Untracked 
| 271|0x0000000095d00000, 0x0000000095d00000, 0x0000000095e00000|  0%| F|  |TAMS 0x0000000095d00000, 0x0000000095d00000| Untracked 
| 272|0x0000000095e00000, 0x0000000095e00000, 0x0000000095f00000|  0%| F|  |TAMS 0x0000000095e00000, 0x0000000095e00000| Untracked 
| 273|0x0000000095f00000, 0x0000000095f00000, 0x0000000096000000|  0%| F|  |TAMS 0x0000000095f00000, 0x0000000095f00000| Untracked 
| 274|0x0000000096000000, 0x0000000096000000, 0x0000000096100000|  0%| F|  |TAMS 0x0000000096000000, 0x0000000096000000| Untracked 
| 275|0x0000000096100000, 0x0000000096100000, 0x0000000096200000|  0%| F|  |TAMS 0x0000000096100000, 0x0000000096100000| Untracked 
| 276|0x0000000096200000, 0x0000000096200000, 0x0000000096300000|  0%| F|  |TAMS 0x0000000096200000, 0x0000000096200000| Untracked 
| 277|0x0000000096300000, 0x0000000096300000, 0x0000000096400000|  0%| F|  |TAMS 0x0000000096300000, 0x0000000096300000| Untracked 
| 278|0x0000000096400000, 0x0000000096400000, 0x0000000096500000|  0%| F|  |TAMS 0x0000000096400000, 0x0000000096400000| Untracked 
| 279|0x0000000096500000, 0x0000000096500000, 0x0000000096600000|  0%| F|  |TAMS 0x0000000096500000, 0x0000000096500000| Untracked 
| 280|0x0000000096600000, 0x0000000096600000, 0x0000000096700000|  0%| F|  |TAMS 0x0000000096600000, 0x0000000096600000| Untracked 
| 281|0x0000000096700000, 0x0000000096700000, 0x0000000096800000|  0%| F|  |TAMS 0x0000000096700000, 0x0000000096700000| Untracked 
| 282|0x0000000096800000, 0x0000000096800000, 0x0000000096900000|  0%| F|  |TAMS 0x0000000096800000, 0x0000000096800000| Untracked 
| 283|0x0000000096900000, 0x0000000096900000, 0x0000000096a00000|  0%| F|  |TAMS 0x0000000096900000, 0x0000000096900000| Untracked 
| 284|0x0000000096a00000, 0x0000000096a00000, 0x0000000096b00000|  0%| F|  |TAMS 0x0000000096a00000, 0x0000000096a00000| Untracked 
| 285|0x0000000096b00000, 0x0000000096b00000, 0x0000000096c00000|  0%| F|  |TAMS 0x0000000096b00000, 0x0000000096b00000| Untracked 
| 286|0x0000000096c00000, 0x0000000096c00000, 0x0000000096d00000|  0%| F|  |TAMS 0x0000000096c00000, 0x0000000096c00000| Untracked 
| 287|0x0000000096d00000, 0x0000000096d00000, 0x0000000096e00000|  0%| F|  |TAMS 0x0000000096d00000, 0x0000000096d00000| Untracked 
| 288|0x0000000096e00000, 0x0000000096e00000, 0x0000000096f00000|  0%| F|  |TAMS 0x0000000096e00000, 0x0000000096e00000| Untracked 
| 289|0x0000000096f00000, 0x0000000096f00000, 0x0000000097000000|  0%| F|  |TAMS 0x0000000096f00000, 0x0000000096f00000| Untracked 
| 290|0x0000000097000000, 0x0000000097000000, 0x0000000097100000|  0%| F|  |TAMS 0x0000000097000000, 0x0000000097000000| Untracked 
| 291|0x0000000097100000, 0x0000000097100000, 0x0000000097200000|  0%| F|  |TAMS 0x0000000097100000, 0x0000000097100000| Untracked 
| 292|0x0000000097200000, 0x0000000097200000, 0x0000000097300000|  0%| F|  |TAMS 0x0000000097200000, 0x0000000097200000| Untracked 
| 293|0x0000000097300000, 0x0000000097300000, 0x0000000097400000|  0%| F|  |TAMS 0x0000000097300000, 0x0000000097300000| Untracked 
| 294|0x0000000097400000, 0x0000000097400000, 0x0000000097500000|  0%| F|  |TAMS 0x0000000097400000, 0x0000000097400000| Untracked 
| 295|0x0000000097500000, 0x0000000097500000, 0x0000000097600000|  0%| F|  |TAMS 0x0000000097500000, 0x0000000097500000| Untracked 
| 296|0x0000000097600000, 0x0000000097600000, 0x0000000097700000|  0%| F|  |TAMS 0x0000000097600000, 0x0000000097600000| Untracked 
| 297|0x0000000097700000, 0x0000000097700000, 0x0000000097800000|  0%| F|  |TAMS 0x0000000097700000, 0x0000000097700000| Untracked 
| 298|0x0000000097800000, 0x0000000097800000, 0x0000000097900000|  0%| F|  |TAMS 0x0000000097800000, 0x0000000097800000| Untracked 
| 299|0x0000000097900000, 0x0000000097900000, 0x0000000097a00000|  0%| F|  |TAMS 0x0000000097900000, 0x0000000097900000| Untracked 
| 300|0x0000000097a00000, 0x0000000097a00000, 0x0000000097b00000|  0%| F|  |TAMS 0x0000000097a00000, 0x0000000097a00000| Untracked 
| 301|0x0000000097b00000, 0x0000000097b00000, 0x0000000097c00000|  0%| F|  |TAMS 0x0000000097b00000, 0x0000000097b00000| Untracked 
| 302|0x0000000097c00000, 0x0000000097c00000, 0x0000000097d00000|  0%| F|  |TAMS 0x0000000097c00000, 0x0000000097c00000| Untracked 
| 303|0x0000000097d00000, 0x0000000097d00000, 0x0000000097e00000|  0%| F|  |TAMS 0x0000000097d00000, 0x0000000097d00000| Untracked 
| 304|0x0000000097e00000, 0x0000000097e00000, 0x0000000097f00000|  0%| F|  |TAMS 0x0000000097e00000, 0x0000000097e00000| Untracked 
| 305|0x0000000097f00000, 0x0000000097f00000, 0x0000000098000000|  0%| F|  |TAMS 0x0000000097f00000, 0x0000000097f00000| Untracked 
| 306|0x0000000098000000, 0x0000000098000000, 0x0000000098100000|  0%| F|  |TAMS 0x0000000098000000, 0x0000000098000000| Untracked 
| 307|0x0000000098100000, 0x0000000098100000, 0x0000000098200000|  0%| F|  |TAMS 0x0000000098100000, 0x0000000098100000| Untracked 
| 308|0x0000000098200000, 0x0000000098200000, 0x0000000098300000|  0%| F|  |TAMS 0x0000000098200000, 0x0000000098200000| Untracked 
| 309|0x0000000098300000, 0x0000000098300000, 0x0000000098400000|  0%| F|  |TAMS 0x0000000098300000, 0x0000000098300000| Untracked 
| 310|0x0000000098400000, 0x0000000098400000, 0x0000000098500000|  0%| F|  |TAMS 0x0000000098400000, 0x0000000098400000| Untracked 
| 311|0x0000000098500000, 0x0000000098500000, 0x0000000098600000|  0%| F|  |TAMS 0x0000000098500000, 0x0000000098500000| Untracked 
| 312|0x0000000098600000, 0x0000000098600000, 0x0000000098700000|  0%| F|  |TAMS 0x0000000098600000, 0x0000000098600000| Untracked 
| 313|0x0000000098700000, 0x0000000098700000, 0x0000000098800000|  0%| F|  |TAMS 0x0000000098700000, 0x0000000098700000| Untracked 
| 314|0x0000000098800000, 0x0000000098800000, 0x0000000098900000|  0%| F|  |TAMS 0x0000000098800000, 0x0000000098800000| Untracked 
| 315|0x0000000098900000, 0x0000000098900000, 0x0000000098a00000|  0%| F|  |TAMS 0x0000000098900000, 0x0000000098900000| Untracked 
| 316|0x0000000098a00000, 0x0000000098a00000, 0x0000000098b00000|  0%| F|  |TAMS 0x0000000098a00000, 0x0000000098a00000| Untracked 
| 317|0x0000000098b00000, 0x0000000098b00000, 0x0000000098c00000|  0%| F|  |TAMS 0x0000000098b00000, 0x0000000098b00000| Untracked 
| 318|0x0000000098c00000, 0x0000000098c00000, 0x0000000098d00000|  0%| F|  |TAMS 0x0000000098c00000, 0x0000000098c00000| Untracked 
| 319|0x0000000098d00000, 0x0000000098d00000, 0x0000000098e00000|  0%| F|  |TAMS 0x0000000098d00000, 0x0000000098d00000| Untracked 
| 320|0x0000000098e00000, 0x0000000098e00000, 0x0000000098f00000|  0%| F|  |TAMS 0x0000000098e00000, 0x0000000098e00000| Untracked 
| 321|0x0000000098f00000, 0x0000000098f00000, 0x0000000099000000|  0%| F|  |TAMS 0x0000000098f00000, 0x0000000098f00000| Untracked 
| 322|0x0000000099000000, 0x0000000099000000, 0x0000000099100000|  0%| F|  |TAMS 0x0000000099000000, 0x0000000099000000| Untracked 
| 323|0x0000000099100000, 0x0000000099100000, 0x0000000099200000|  0%| F|  |TAMS 0x0000000099100000, 0x0000000099100000| Untracked 
| 324|0x0000000099200000, 0x0000000099200000, 0x0000000099300000|  0%| F|  |TAMS 0x0000000099200000, 0x0000000099200000| Untracked 
| 325|0x0000000099300000, 0x0000000099300000, 0x0000000099400000|  0%| F|  |TAMS 0x0000000099300000, 0x0000000099300000| Untracked 
| 326|0x0000000099400000, 0x0000000099400000, 0x0000000099500000|  0%| F|  |TAMS 0x0000000099400000, 0x0000000099400000| Untracked 
| 327|0x0000000099500000, 0x0000000099500000, 0x0000000099600000|  0%| F|  |TAMS 0x0000000099500000, 0x0000000099500000| Untracked 
| 328|0x0000000099600000, 0x0000000099600000, 0x0000000099700000|  0%| F|  |TAMS 0x0000000099600000, 0x0000000099600000| Untracked 
| 329|0x0000000099700000, 0x0000000099700000, 0x0000000099800000|  0%| F|  |TAMS 0x0000000099700000, 0x0000000099700000| Untracked 
| 330|0x0000000099800000, 0x0000000099800000, 0x0000000099900000|  0%| F|  |TAMS 0x0000000099800000, 0x0000000099800000| Untracked 
| 331|0x0000000099900000, 0x0000000099900000, 0x0000000099a00000|  0%| F|  |TAMS 0x0000000099900000, 0x0000000099900000| Untracked 
| 332|0x0000000099a00000, 0x0000000099a00000, 0x0000000099b00000|  0%| F|  |TAMS 0x0000000099a00000, 0x0000000099a00000| Untracked 
| 333|0x0000000099b00000, 0x0000000099b00000, 0x0000000099c00000|  0%| F|  |TAMS 0x0000000099b00000, 0x0000000099b00000| Untracked 
| 334|0x0000000099c00000, 0x0000000099c00000, 0x0000000099d00000|  0%| F|  |TAMS 0x0000000099c00000, 0x0000000099c00000| Untracked 
| 335|0x0000000099d00000, 0x0000000099d00000, 0x0000000099e00000|  0%| F|  |TAMS 0x0000000099d00000, 0x0000000099d00000| Untracked 
| 336|0x0000000099e00000, 0x0000000099e00000, 0x0000000099f00000|  0%| F|  |TAMS 0x0000000099e00000, 0x0000000099e00000| Untracked 
| 337|0x0000000099f00000, 0x0000000099f00000, 0x000000009a000000|  0%| F|  |TAMS 0x0000000099f00000, 0x0000000099f00000| Untracked 
| 338|0x000000009a000000, 0x000000009a000000, 0x000000009a100000|  0%| F|  |TAMS 0x000000009a000000, 0x000000009a000000| Untracked 
| 339|0x000000009a100000, 0x000000009a100000, 0x000000009a200000|  0%| F|  |TAMS 0x000000009a100000, 0x000000009a100000| Untracked 
| 340|0x000000009a200000, 0x000000009a200000, 0x000000009a300000|  0%| F|  |TAMS 0x000000009a200000, 0x000000009a200000| Untracked 
| 341|0x000000009a300000, 0x000000009a300000, 0x000000009a400000|  0%| F|  |TAMS 0x000000009a300000, 0x000000009a300000| Untracked 
| 342|0x000000009a400000, 0x000000009a400000, 0x000000009a500000|  0%| F|  |TAMS 0x000000009a400000, 0x000000009a400000| Untracked 
| 343|0x000000009a500000, 0x000000009a500000, 0x000000009a600000|  0%| F|  |TAMS 0x000000009a500000, 0x000000009a500000| Untracked 
| 344|0x000000009a600000, 0x000000009a600000, 0x000000009a700000|  0%| F|  |TAMS 0x000000009a600000, 0x000000009a600000| Untracked 
| 345|0x000000009a700000, 0x000000009a700000, 0x000000009a800000|  0%| F|  |TAMS 0x000000009a700000, 0x000000009a700000| Untracked 
| 346|0x000000009a800000, 0x000000009a800000, 0x000000009a900000|  0%| F|  |TAMS 0x000000009a800000, 0x000000009a800000| Untracked 
| 347|0x000000009a900000, 0x000000009a900000, 0x000000009aa00000|  0%| F|  |TAMS 0x000000009a900000, 0x000000009a900000| Untracked 
| 348|0x000000009aa00000, 0x000000009aa00000, 0x000000009ab00000|  0%| F|  |TAMS 0x000000009aa00000, 0x000000009aa00000| Untracked 
| 349|0x000000009ab00000, 0x000000009ab00000, 0x000000009ac00000|  0%| F|  |TAMS 0x000000009ab00000, 0x000000009ab00000| Untracked 
| 350|0x000000009ac00000, 0x000000009ac00000, 0x000000009ad00000|  0%| F|  |TAMS 0x000000009ac00000, 0x000000009ac00000| Untracked 
| 351|0x000000009ad00000, 0x000000009ad00000, 0x000000009ae00000|  0%| F|  |TAMS 0x000000009ad00000, 0x000000009ad00000| Untracked 
| 352|0x000000009ae00000, 0x000000009ae00000, 0x000000009af00000|  0%| F|  |TAMS 0x000000009ae00000, 0x000000009ae00000| Untracked 
| 353|0x000000009af00000, 0x000000009af00000, 0x000000009b000000|  0%| F|  |TAMS 0x000000009af00000, 0x000000009af00000| Untracked 
| 354|0x000000009b000000, 0x000000009b000000, 0x000000009b100000|  0%| F|  |TAMS 0x000000009b000000, 0x000000009b000000| Untracked 
| 355|0x000000009b100000, 0x000000009b100000, 0x000000009b200000|  0%| F|  |TAMS 0x000000009b100000, 0x000000009b100000| Untracked 
| 356|0x000000009b200000, 0x000000009b200000, 0x000000009b300000|  0%| F|  |TAMS 0x000000009b200000, 0x000000009b200000| Untracked 
| 357|0x000000009b300000, 0x000000009b300000, 0x000000009b400000|  0%| F|  |TAMS 0x000000009b300000, 0x000000009b300000| Untracked 
| 358|0x000000009b400000, 0x000000009b400000, 0x000000009b500000|  0%| F|  |TAMS 0x000000009b400000, 0x000000009b400000| Untracked 
| 359|0x000000009b500000, 0x000000009b500000, 0x000000009b600000|  0%| F|  |TAMS 0x000000009b500000, 0x000000009b500000| Untracked 
| 360|0x000000009b600000, 0x000000009b600000, 0x000000009b700000|  0%| F|  |TAMS 0x000000009b600000, 0x000000009b600000| Untracked 
| 361|0x000000009b700000, 0x000000009b700000, 0x000000009b800000|  0%| F|  |TAMS 0x000000009b700000, 0x000000009b700000| Untracked 
| 362|0x000000009b800000, 0x000000009b800000, 0x000000009b900000|  0%| F|  |TAMS 0x000000009b800000, 0x000000009b800000| Untracked 
| 363|0x000000009b900000, 0x000000009b900000, 0x000000009ba00000|  0%| F|  |TAMS 0x000000009b900000, 0x000000009b900000| Untracked 
| 364|0x000000009ba00000, 0x000000009ba00000, 0x000000009bb00000|  0%| F|  |TAMS 0x000000009ba00000, 0x000000009ba00000| Untracked 
| 365|0x000000009bb00000, 0x000000009bb00000, 0x000000009bc00000|  0%| F|  |TAMS 0x000000009bb00000, 0x000000009bb00000| Untracked 
| 366|0x000000009bc00000, 0x000000009bc00000, 0x000000009bd00000|  0%| F|  |TAMS 0x000000009bc00000, 0x000000009bc00000| Untracked 
| 367|0x000000009bd00000, 0x000000009bd00000, 0x000000009be00000|  0%| F|  |TAMS 0x000000009bd00000, 0x000000009bd00000| Untracked 
| 368|0x000000009be00000, 0x000000009be00000, 0x000000009bf00000|  0%| F|  |TAMS 0x000000009be00000, 0x000000009be00000| Untracked 
| 369|0x000000009bf00000, 0x000000009bf00000, 0x000000009c000000|  0%| F|  |TAMS 0x000000009bf00000, 0x000000009bf00000| Untracked 
| 370|0x000000009c000000, 0x000000009c000000, 0x000000009c100000|  0%| F|  |TAMS 0x000000009c000000, 0x000000009c000000| Untracked 
| 371|0x000000009c100000, 0x000000009c100000, 0x000000009c200000|  0%| F|  |TAMS 0x000000009c100000, 0x000000009c100000| Untracked 
| 372|0x000000009c200000, 0x000000009c200000, 0x000000009c300000|  0%| F|  |TAMS 0x000000009c200000, 0x000000009c200000| Untracked 
| 373|0x000000009c300000, 0x000000009c300000, 0x000000009c400000|  0%| F|  |TAMS 0x000000009c300000, 0x000000009c300000| Untracked 
| 374|0x000000009c400000, 0x000000009c400000, 0x000000009c500000|  0%| F|  |TAMS 0x000000009c400000, 0x000000009c400000| Untracked 
| 375|0x000000009c500000, 0x000000009c500000, 0x000000009c600000|  0%| F|  |TAMS 0x000000009c500000, 0x000000009c500000| Untracked 
| 376|0x000000009c600000, 0x000000009c600000, 0x000000009c700000|  0%| F|  |TAMS 0x000000009c600000, 0x000000009c600000| Untracked 
| 377|0x000000009c700000, 0x000000009c700000, 0x000000009c800000|  0%| F|  |TAMS 0x000000009c700000, 0x000000009c700000| Untracked 
| 378|0x000000009c800000, 0x000000009c800000, 0x000000009c900000|  0%| F|  |TAMS 0x000000009c800000, 0x000000009c800000| Untracked 
| 379|0x000000009c900000, 0x000000009c900000, 0x000000009ca00000|  0%| F|  |TAMS 0x000000009c900000, 0x000000009c900000| Untracked 
| 380|0x000000009ca00000, 0x000000009ca00000, 0x000000009cb00000|  0%| F|  |TAMS 0x000000009ca00000, 0x000000009ca00000| Untracked 
| 381|0x000000009cb00000, 0x000000009cb00000, 0x000000009cc00000|  0%| F|  |TAMS 0x000000009cb00000, 0x000000009cb00000| Untracked 
| 382|0x000000009cc00000, 0x000000009cc00000, 0x000000009cd00000|  0%| F|  |TAMS 0x000000009cc00000, 0x000000009cc00000| Untracked 
| 383|0x000000009cd00000, 0x000000009cd00000, 0x000000009ce00000|  0%| F|  |TAMS 0x000000009cd00000, 0x000000009cd00000| Untracked 
| 384|0x000000009ce00000, 0x000000009ce00000, 0x000000009cf00000|  0%| F|  |TAMS 0x000000009ce00000, 0x000000009ce00000| Untracked 
| 385|0x000000009cf00000, 0x000000009cf00000, 0x000000009d000000|  0%| F|  |TAMS 0x000000009cf00000, 0x000000009cf00000| Untracked 
| 386|0x000000009d000000, 0x000000009d058800, 0x000000009d100000| 34%| S|CS|TAMS 0x000000009d000000, 0x000000009d000000| Complete 
| 387|0x000000009d100000, 0x000000009d100000, 0x000000009d200000|  0%| F|  |TAMS 0x000000009d100000, 0x000000009d100000| Untracked 
| 388|0x000000009d200000, 0x000000009d200000, 0x000000009d300000|  0%| F|  |TAMS 0x000000009d200000, 0x000000009d200000| Untracked 
| 389|0x000000009d300000, 0x000000009d300000, 0x000000009d400000|  0%| F|  |TAMS 0x000000009d300000, 0x000000009d300000| Untracked 
| 390|0x000000009d400000, 0x000000009d400000, 0x000000009d500000|  0%| F|  |TAMS 0x000000009d400000, 0x000000009d400000| Untracked 
| 391|0x000000009d500000, 0x000000009d500000, 0x000000009d600000|  0%| F|  |TAMS 0x000000009d500000, 0x000000009d500000| Untracked 
| 392|0x000000009d600000, 0x000000009d600000, 0x000000009d700000|  0%| F|  |TAMS 0x000000009d600000, 0x000000009d600000| Untracked 
| 393|0x000000009d700000, 0x000000009d700000, 0x000000009d800000|  0%| F|  |TAMS 0x000000009d700000, 0x000000009d700000| Untracked 
| 394|0x000000009d800000, 0x000000009d800000, 0x000000009d900000|  0%| F|  |TAMS 0x000000009d800000, 0x000000009d800000| Untracked 
| 395|0x000000009d900000, 0x000000009d900000, 0x000000009da00000|  0%| F|  |TAMS 0x000000009d900000, 0x000000009d900000| Untracked 
| 396|0x000000009da00000, 0x000000009da00000, 0x000000009db00000|  0%| F|  |TAMS 0x000000009da00000, 0x000000009da00000| Untracked 
| 397|0x000000009db00000, 0x000000009db00000, 0x000000009dc00000|  0%| F|  |TAMS 0x000000009db00000, 0x000000009db00000| Untracked 
| 398|0x000000009dc00000, 0x000000009dc00000, 0x000000009dd00000|  0%| F|  |TAMS 0x000000009dc00000, 0x000000009dc00000| Untracked 
| 399|0x000000009dd00000, 0x000000009dd00000, 0x000000009de00000|  0%| F|  |TAMS 0x000000009dd00000, 0x000000009dd00000| Untracked 
| 400|0x000000009de00000, 0x000000009de00000, 0x000000009df00000|  0%| F|  |TAMS 0x000000009de00000, 0x000000009de00000| Untracked 
| 401|0x000000009df00000, 0x000000009df00000, 0x000000009e000000|  0%| F|  |TAMS 0x000000009df00000, 0x000000009df00000| Untracked 
| 402|0x000000009e000000, 0x000000009e000000, 0x000000009e100000|  0%| F|  |TAMS 0x000000009e000000, 0x000000009e000000| Untracked 
| 403|0x000000009e100000, 0x000000009e100000, 0x000000009e200000|  0%| F|  |TAMS 0x000000009e100000, 0x000000009e100000| Untracked 
| 404|0x000000009e200000, 0x000000009e200000, 0x000000009e300000|  0%| F|  |TAMS 0x000000009e200000, 0x000000009e200000| Untracked 
| 405|0x000000009e300000, 0x000000009e300000, 0x000000009e400000|  0%| F|  |TAMS 0x000000009e300000, 0x000000009e300000| Untracked 
| 406|0x000000009e400000, 0x000000009e400000, 0x000000009e500000|  0%| F|  |TAMS 0x000000009e400000, 0x000000009e400000| Untracked 
| 407|0x000000009e500000, 0x000000009e500000, 0x000000009e600000|  0%| F|  |TAMS 0x000000009e500000, 0x000000009e500000| Untracked 
| 408|0x000000009e600000, 0x000000009e600000, 0x000000009e700000|  0%| F|  |TAMS 0x000000009e600000, 0x000000009e600000| Untracked 
| 409|0x000000009e700000, 0x000000009e700000, 0x000000009e800000|  0%| F|  |TAMS 0x000000009e700000, 0x000000009e700000| Untracked 
| 410|0x000000009e800000, 0x000000009e800000, 0x000000009e900000|  0%| F|  |TAMS 0x000000009e800000, 0x000000009e800000| Untracked 
| 411|0x000000009e900000, 0x000000009e900000, 0x000000009ea00000|  0%| F|  |TAMS 0x000000009e900000, 0x000000009e900000| Untracked 
| 412|0x000000009ea00000, 0x000000009ea00000, 0x000000009eb00000|  0%| F|  |TAMS 0x000000009ea00000, 0x000000009ea00000| Untracked 
| 413|0x000000009eb00000, 0x000000009eb00000, 0x000000009ec00000|  0%| F|  |TAMS 0x000000009eb00000, 0x000000009eb00000| Untracked 
| 414|0x000000009ec00000, 0x000000009ec00000, 0x000000009ed00000|  0%| F|  |TAMS 0x000000009ec00000, 0x000000009ec00000| Untracked 
| 415|0x000000009ed00000, 0x000000009ed00000, 0x000000009ee00000|  0%| F|  |TAMS 0x000000009ed00000, 0x000000009ed00000| Untracked 
| 416|0x000000009ee00000, 0x000000009ee00000, 0x000000009ef00000|  0%| F|  |TAMS 0x000000009ee00000, 0x000000009ee00000| Untracked 
| 417|0x000000009ef00000, 0x000000009ef00000, 0x000000009f000000|  0%| F|  |TAMS 0x000000009ef00000, 0x000000009ef00000| Untracked 
| 418|0x000000009f000000, 0x000000009f000000, 0x000000009f100000|  0%| F|  |TAMS 0x000000009f000000, 0x000000009f000000| Untracked 
| 419|0x000000009f100000, 0x000000009f100000, 0x000000009f200000|  0%| F|  |TAMS 0x000000009f100000, 0x000000009f100000| Untracked 
| 420|0x000000009f200000, 0x000000009f200000, 0x000000009f300000|  0%| F|  |TAMS 0x000000009f200000, 0x000000009f200000| Untracked 
| 421|0x000000009f300000, 0x000000009f300000, 0x000000009f400000|  0%| F|  |TAMS 0x000000009f300000, 0x000000009f300000| Untracked 
| 422|0x000000009f400000, 0x000000009f400000, 0x000000009f500000|  0%| F|  |TAMS 0x000000009f400000, 0x000000009f400000| Untracked 
| 423|0x000000009f500000, 0x000000009f500000, 0x000000009f600000|  0%| F|  |TAMS 0x000000009f500000, 0x000000009f500000| Untracked 
| 424|0x000000009f600000, 0x000000009f600000, 0x000000009f700000|  0%| F|  |TAMS 0x000000009f600000, 0x000000009f600000| Untracked 
| 425|0x000000009f700000, 0x000000009f700000, 0x000000009f800000|  0%| F|  |TAMS 0x000000009f700000, 0x000000009f700000| Untracked 
| 426|0x000000009f800000, 0x000000009f800000, 0x000000009f900000|  0%| F|  |TAMS 0x000000009f800000, 0x000000009f800000| Untracked 
| 427|0x000000009f900000, 0x000000009f900000, 0x000000009fa00000|  0%| F|  |TAMS 0x000000009f900000, 0x000000009f900000| Untracked 
| 428|0x000000009fa00000, 0x000000009fa00000, 0x000000009fb00000|  0%| F|  |TAMS 0x000000009fa00000, 0x000000009fa00000| Untracked 
| 429|0x000000009fb00000, 0x000000009fb00000, 0x000000009fc00000|  0%| F|  |TAMS 0x000000009fb00000, 0x000000009fb00000| Untracked 
| 430|0x000000009fc00000, 0x000000009fc00000, 0x000000009fd00000|  0%| F|  |TAMS 0x000000009fc00000, 0x000000009fc00000| Untracked 
| 431|0x000000009fd00000, 0x000000009fd00000, 0x000000009fe00000|  0%| F|  |TAMS 0x000000009fd00000, 0x000000009fd00000| Untracked 
| 432|0x000000009fe00000, 0x000000009fe00000, 0x000000009ff00000|  0%| F|  |TAMS 0x000000009fe00000, 0x000000009fe00000| Untracked 
| 433|0x000000009ff00000, 0x000000009ff00000, 0x00000000a0000000|  0%| F|  |TAMS 0x000000009ff00000, 0x000000009ff00000| Untracked 
| 434|0x00000000a0000000, 0x00000000a0000000, 0x00000000a0100000|  0%| F|  |TAMS 0x00000000a0000000, 0x00000000a0000000| Untracked 
| 435|0x00000000a0100000, 0x00000000a0100000, 0x00000000a0200000|  0%| F|  |TAMS 0x00000000a0100000, 0x00000000a0100000| Untracked 
| 436|0x00000000a0200000, 0x00000000a0200000, 0x00000000a0300000|  0%| F|  |TAMS 0x00000000a0200000, 0x00000000a0200000| Untracked 
| 437|0x00000000a0300000, 0x00000000a0300000, 0x00000000a0400000|  0%| F|  |TAMS 0x00000000a0300000, 0x00000000a0300000| Untracked 
| 438|0x00000000a0400000, 0x00000000a0400000, 0x00000000a0500000|  0%| F|  |TAMS 0x00000000a0400000, 0x00000000a0400000| Untracked 
| 439|0x00000000a0500000, 0x00000000a0500000, 0x00000000a0600000|  0%| F|  |TAMS 0x00000000a0500000, 0x00000000a0500000| Untracked 
|1968|0x00000000ffe00000, 0x00000000ffe35000, 0x00000000fff00000| 20%|OA|  |TAMS 0x00000000ffe00000, 0x00000000ffe00000| Untracked 
|1969|0x00000000fff00000, 0x00000000fff6a000, 0x0000000100000000| 41%|CA|  |TAMS 0x00000000fff00000, 0x00000000fff00000| Untracked 

Card table byte_map: [0x00007f9468fd1000,0x00007f94693aa000] _byte_map_base: 0x00007f9468baa000

Marking Bits (Prev, Next): (CMBitMap*) 0x00007f94640507f8, (CMBitMap*) 0x00007f9464050830
 Prev Bits: [0x00007f9446138000, 0x00007f9448000000)
 Next Bits: [0x00007f9444270000, 0x00007f9446138000)

Polling page: 0x00007f946dca9000

Metaspace:

Usage:
  Non-class:      4.00 MB capacity,   181.02 KB (  4%) used,     3.83 MB ( 96%) free+waste,   128 bytes ( <1%) overhead. 
      Class:    386.00 KB capacity,     6.66 KB (  2%) used,   379.22 KB ( 98%) free+waste,   128 bytes ( <1%) overhead. 
       Both:      4.38 MB capacity,   187.67 KB (  4%) used,     4.20 MB ( 96%) free+waste,   256 bytes ( <1%) overhead. 

Virtual space:
  Non-class space:        8.00 MB reserved,       4.25 MB ( 53%) committed 
      Class space:        1.00 GB reserved,     512.00 KB ( <1%) committed 
             Both:        1.01 GB reserved,       4.75 MB ( <1%) committed 

Chunk freelists:
   Non-Class:  0 bytes
       Class:  0 bytes
        Both:  0 bytes

CodeHeap 'non-profiled nmethods': size=120032Kb used=20Kb max_used=20Kb free=120011Kb
 bounds [0x00007f9454446000, 0x00007f94546b6000, 0x00007f945b97e000]
CodeHeap 'profiled nmethods': size=120032Kb used=109Kb max_used=109Kb free=119922Kb
 bounds [0x00007f944cf0e000, 0x00007f944d17e000, 0x00007f9454446000]
CodeHeap 'non-nmethods': size=5696Kb used=997Kb max_used=1008Kb free=4699Kb
 bounds [0x00007f944c97e000, 0x00007f944cbee000, 0x00007f944cf0e000]
 total_blobs=380 nmethods=74 adapters=168
 compilation: enabled
              stopped_count=0, restarted_count=0
 full_count=0

Compilation events (10 events):
Event: 0.111 Thread 0x00007f9464113800   69       1       java.lang.Module::getDescriptor (5 bytes)
Event: 0.111 Thread 0x00007f9464113800 nmethod 69 0x00007f945444a790 code [0x00007f945444a940, 0x00007f945444aa70]
Event: 0.111 Thread 0x00007f9464113800   71       3       java.lang.StringLatin1::indexOf (61 bytes)
Event: 0.112 Thread 0x00007f9464113800 nmethod 71 0x00007f944cf27a90 code [0x00007f944cf27c60, 0x00007f944cf28070]
Event: 0.121 Thread 0x00007f9464113800   72 %     3       uniqueDigits::countNumbersWithUniqueDigits @ 77 (124 bytes)
Event: 0.122 Thread 0x00007f9464113800 nmethod 72% 0x00007f944cf28190 code [0x00007f944cf283a0, 0x00007f944cf289d0]
Event: 0.125 Thread 0x00007f9464113800   73       3       uniqueDigits::countNumbersWithUniqueDigits (124 bytes)
Event: 0.126 Thread 0x00007f9464113800 nmethod 73 0x00007f944cf28c10 code [0x00007f944cf28e20, 0x00007f944cf293d0]
Event: 0.126 Thread 0x00007f9464111800   74 %     4       uniqueDigits::countNumbersWithUniqueDigits @ 32 (124 bytes)
Event: 0.132 Thread 0x00007f9464111800 nmethod 74% 0x00007f945444ab10 code [0x00007f945444acc0, 0x00007f945444b038]

GC Heap History (10 events):
Event: 2.061 GC heap after
{Heap after GC invocations=9 (full 0):
 garbage-first heap   total 387072K, used 971K [0x0000000084e00000, 0x0000000100000000)
  region size 1024K, 1 young (1024K), 1 survivors (1024K)
 Metaspace       used 187K, capacity 4486K, committed 4864K, reserved 1056768K
  class space    used 6K, capacity 386K, committed 512K, reserved 1048576K
}
Event: 2.075 GC heap before
{Heap before GC invocations=9 (full 0):
 garbage-first heap   total 387072K, used 22475K [0x0000000084e00000, 0x0000000100000000)
  region size 1024K, 22 young (22528K), 1 survivors (1024K)
 Metaspace       used 187K, capacity 4486K, committed 4864K, reserved 1056768K
  class space    used 6K, capacity 386K, committed 512K, reserved 1048576K
}
Event: 2.086 GC heap after
{Heap after GC invocations=10 (full 0):
 garbage-first heap   total 452608K, used 995K [0x0000000084e00000, 0x0000000100000000)
  region size 1024K, 1 young (1024K), 1 survivors (1024K)
 Metaspace       used 187K, capacity 4486K, committed 4864K, reserved 1056768K
  class space    used 6K, capacity 386K, committed 512K, reserved 1048576K
}
Event: 2.111 GC heap before
{Heap before GC invocations=10 (full 0):
 garbage-first heap   total 452608K, used 27619K [0x0000000084e00000, 0x0000000100000000)
  region size 1024K, 27 young (27648K), 1 survivors (1024K)
 Metaspace       used 187K, capacity 4486K, committed 4864K, reserved 1056768K
  class space    used 6K, capacity 386K, committed 512K, reserved 1048576K
}
Event: 2.119 GC heap after
{Heap after GC invocations=11 (full 0):
 garbage-first heap   total 452608K, used 992K [0x0000000084e00000, 0x0000000100000000)
  region size 1024K, 1 young (1024K), 1 survivors (1024K)
 Metaspace       used 187K, capacity 4486K, committed 4864K, reserved 1056768K
  class space    used 6K, capacity 386K, committed 512K, reserved 1048576K
}
Event: 2.132 GC heap before
{Heap before GC invocations=11 (full 0):
 garbage-first heap   total 452608K, used 34784K [0x0000000084e00000, 0x0000000100000000)
  region size 1024K, 34 young (34816K), 1 survivors (1024K)
 Metaspace       used 187K, capacity 4486K, committed 4864K, reserved 1056768K
  class space    used 6K, capacity 386K, committed 512K, reserved 1048576K
}
Event: 2.136 GC heap after
{Heap after GC invocations=12 (full 0):
 garbage-first heap   total 452608K, used 992K [0x0000000084e00000, 0x0000000100000000)
  region size 1024K, 1 young (1024K), 1 survivors (1024K)
 Metaspace       used 187K, capacity 4486K, committed 4864K, reserved 1056768K
  class space    used 6K, capacity 386K, committed 512K, reserved 1048576K
}
Event: 2.152 GC heap before
{Heap before GC invocations=12 (full 0):
 garbage-first heap   total 452608K, used 44000K [0x0000000084e00000, 0x0000000100000000)
  region size 1024K, 43 young (44032K), 1 survivors (1024K)
 Metaspace       used 187K, capacity 4486K, committed 4864K, reserved 1056768K
  class space    used 6K, capacity 386K, committed 512K, reserved 1048576K
}
Event: 2.155 GC heap after
{Heap after GC invocations=13 (full 0):
 garbage-first heap   total 452608K, used 990K [0x0000000084e00000, 0x0000000100000000)
  region size 1024K, 1 young (1024K), 1 survivors (1024K)
 Metaspace       used 187K, capacity 4486K, committed 4864K, reserved 1056768K
  class space    used 6K, capacity 386K, committed 512K, reserved 1048576K
}
Event: 2.175 GC heap before
{Heap before GC invocations=13 (full 0):
 garbage-first heap   total 452608K, used 54238K [0x0000000084e00000, 0x0000000100000000)
  region size 1024K, 53 young (54272K), 1 survivors (1024K)
 Metaspace       used 187K, capacity 4486K, committed 4864K, reserved 1056768K
  class space    used 6K, capacity 386K, committed 512K, reserved 1048576K
}

Deoptimization events (1 events):
Event: 0.111 Thread 0x00007f9464011800 Uncommon trap: reason=unstable_if action=reinterpret pc=0x00007f9454449c48 method=java.lang.String.hashCode()I @ 14 c2

Classes redefined (0 events):
No events

Internal exceptions (0 events):
No events

Events (10 events):
Event: 2.061 Executing VM operation: G1CollectForAllocation done
Event: 2.074 Executing VM operation: G1CollectForAllocation
Event: 2.086 Executing VM operation: G1CollectForAllocation done
Event: 2.111 Executing VM operation: G1CollectForAllocation
Event: 2.119 Executing VM operation: G1CollectForAllocation done
Event: 2.132 Executing VM operation: G1CollectForAllocation
Event: 2.136 Executing VM operation: G1CollectForAllocation done
Event: 2.152 Executing VM operation: G1CollectForAllocation
Event: 2.155 Executing VM operation: G1CollectForAllocation done
Event: 2.175 Executing VM operation: G1CollectForAllocation


Dynamic libraries:
84e00000-a0600000 rw-p 00000000 00:00 0 
af000000-ffe00000 ---p 00000000 00:00 0 
ffe00000-ffe35000 rw-p 0111e000 08:03 1573651                            /usr/lib/jvm/java-11-openjdk-amd64/lib/server/classes.jsa
ffe35000-fff00000 rw-p 00000000 00:00 0 
fff00000-fff6a000 rw-p 010b4000 08:03 1573651                            /usr/lib/jvm/java-11-openjdk-amd64/lib/server/classes.jsa
fff6a000-100000000 rw-p 00000000 00:00 0 
800000000-800002000 rwxp 00001000 08:03 1573651                          /usr/lib/jvm/java-11-openjdk-amd64/lib/server/classes.jsa
800002000-8003bf000 rw-p 00003000 08:03 1573651                          /usr/lib/jvm/java-11-openjdk-amd64/lib/server/classes.jsa
8003bf000-800a9c000 r--p 003c0000 08:03 1573651                          /usr/lib/jvm/java-11-openjdk-amd64/lib/server/classes.jsa
800a9c000-800a9d000 rw-p 00a9d000 08:03 1573651                          /usr/lib/jvm/java-11-openjdk-amd64/lib/server/classes.jsa
800a9d000-8010b3000 r--p 00a9e000 08:03 1573651                          /usr/lib/jvm/java-11-openjdk-amd64/lib/server/classes.jsa
840000000-840080000 rw-p 00000000 00:00 0 
840080000-880000000 ---p 00000000 00:00 0 
559ac9ac8000-559ac9ac9000 r-xp 00000000 08:03 1440322                    /usr/lib/jvm/java-11-openjdk-amd64/bin/java
559ac9cc9000-559ac9cca000 r--p 00001000 08:03 1440322                    /usr/lib/jvm/java-11-openjdk-amd64/bin/java
559ac9cca000-559ac9ccb000 rw-p 00002000 08:03 1440322                    /usr/lib/jvm/java-11-openjdk-amd64/bin/java
559acae0b000-559acae2c000 rw-p 00000000 00:00 0                          [heap]
7f93fc000000-7f93fc021000 rw-p 00000000 00:00 0 
7f93fc021000-7f9400000000 ---p 00000000 00:00 0 
7f9400000000-7f9400021000 rw-p 00000000 00:00 0 
7f9400021000-7f9404000000 ---p 00000000 00:00 0 
7f9404000000-7f9404021000 rw-p 00000000 00:00 0 
7f9404021000-7f9408000000 ---p 00000000 00:00 0 
7f9408000000-7f9408021000 rw-p 00000000 00:00 0 
7f9408021000-7f940c000000 ---p 00000000 00:00 0 
7f940c000000-7f940c021000 rw-p 00000000 00:00 0 
7f940c021000-7f9410000000 ---p 00000000 00:00 0 
7f9410000000-7f9410021000 rw-p 00000000 00:00 0 
7f9410021000-7f9414000000 ---p 00000000 00:00 0 
7f9414000000-7f941407e000 rw-p 00000000 00:00 0 
7f941407e000-7f9418000000 ---p 00000000 00:00 0 
7f9418000000-7f9418021000 rw-p 00000000 00:00 0 
7f9418021000-7f941c000000 ---p 00000000 00:00 0 
7f941c000000-7f941c021000 rw-p 00000000 00:00 0 
7f941c021000-7f9420000000 ---p 00000000 00:00 0 
7f9420000000-7f9420098000 rw-p 00000000 00:00 0 
7f9420098000-7f9424000000 ---p 00000000 00:00 0 
7f9424000000-7f9424021000 rw-p 00000000 00:00 0 
7f9424021000-7f9428000000 ---p 00000000 00:00 0 
7f9428000000-7f9428021000 rw-p 00000000 00:00 0 
7f9428021000-7f942c000000 ---p 00000000 00:00 0 
7f942c000000-7f942c021000 rw-p 00000000 00:00 0 
7f942c021000-7f9430000000 ---p 00000000 00:00 0 
7f9430000000-7f9430113000 rw-p 00000000 00:00 0 
7f9430113000-7f9434000000 ---p 00000000 00:00 0 
7f9434000000-7f9434021000 rw-p 00000000 00:00 0 
7f9434021000-7f9438000000 ---p 00000000 00:00 0 
7f9438000000-7f9438021000 rw-p 00000000 00:00 0 
7f9438021000-7f943c000000 ---p 00000000 00:00 0 
7f943cafe000-7f943caff000 ---p 00000000 00:00 0 
7f943caff000-7f943cc00000 rw-p 00000000 00:00 0 
7f943cc00000-7f943cc01000 ---p 00000000 00:00 0 
7f943cc01000-7f943cd02000 rw-p 00000000 00:00 0 
7f943cd02000-7f943cd03000 ---p 00000000 00:00 0 
7f943cd03000-7f943ce04000 rw-p 00000000 00:00 0 
7f943ce04000-7f943ce1a000 r-xp 00000000 08:03 1442684                    /usr/lib/jvm/java-11-openjdk-amd64/lib/libnet.so
7f943ce1a000-7f943d019000 ---p 00016000 08:03 1442684                    /usr/lib/jvm/java-11-openjdk-amd64/lib/libnet.so
7f943d019000-7f943d01a000 r--p 00015000 08:03 1442684                    /usr/lib/jvm/java-11-openjdk-amd64/lib/libnet.so
7f943d01a000-7f943d01b000 rw-p 00016000 08:03 1442684                    /usr/lib/jvm/java-11-openjdk-amd64/lib/libnet.so
7f943d01b000-7f943d02b000 r-xp 00000000 08:03 1442685                    /usr/lib/jvm/java-11-openjdk-amd64/lib/libnio.so
7f943d02b000-7f943d22a000 ---p 00010000 08:03 1442685                    /usr/lib/jvm/java-11-openjdk-amd64/lib/libnio.so
7f943d22a000-7f943d22b000 r--p 0000f000 08:03 1442685                    /usr/lib/jvm/java-11-openjdk-amd64/lib/libnio.so
7f943d22b000-7f943d22c000 rw-p 00010000 08:03 1442685                    /usr/lib/jvm/java-11-openjdk-amd64/lib/libnio.so
7f943d22c000-7f943d230000 ---p 00000000 00:00 0 
7f943d230000-7f943d32d000 rw-p 00000000 00:00 0 
7f943d32d000-7f943d32e000 ---p 00000000 00:00 0 
7f943d32e000-7f943d42f000 rw-p 00000000 00:00 0 
7f943d42f000-7f943d433000 ---p 00000000 00:00 0 
7f943d433000-7f943d530000 rw-p 00000000 00:00 0 
7f943d530000-7f943d534000 ---p 00000000 00:00 0 
7f943d534000-7f943d631000 rw-p 00000000 00:00 0 
7f943d631000-7f943e000000 r--p 00000000 08:03 1445830                    /usr/lib/locale/locale-archive
7f943e000000-7f9440000000 rw-p 00000000 00:00 0 
7f9440000000-7f9440021000 rw-p 00000000 00:00 0 
7f9440021000-7f9444000000 ---p 00000000 00:00 0 
7f944406e000-7f9444072000 ---p 00000000 00:00 0 
7f9444072000-7f944416f000 rw-p 00000000 00:00 0 
7f944416f000-7f9444173000 ---p 00000000 00:00 0 
7f9444173000-7f9444950000 rw-p 00000000 00:00 0 
7f9444950000-7f9446130000 ---p 00000000 00:00 0 
7f9446130000-7f9446818000 rw-p 00000000 00:00 0 
7f9446818000-7f9447ff8000 ---p 00000000 00:00 0 
7f9447ff8000-7f9448000000 rw-p 00000000 00:00 0 
7f9448000000-7f9448021000 rw-p 00000000 00:00 0 
7f9448021000-7f944c000000 ---p 00000000 00:00 0 
7f944c07d000-7f944c081000 ---p 00000000 00:00 0 
7f944c081000-7f944c5be000 rw-p 00000000 00:00 0 
7f944c5be000-7f944c97e000 ---p 00000000 00:00 0 
7f944c97e000-7f944cbee000 rwxp 00000000 00:00 0 
7f944cbee000-7f944cf0e000 ---p 00000000 00:00 0 
7f944cf0e000-7f944d17e000 rwxp 00000000 00:00 0 
7f944d17e000-7f9454446000 ---p 00000000 00:00 0 
7f9454446000-7f94546b6000 rwxp 00000000 00:00 0 
7f94546b6000-7f945b97e000 ---p 00000000 00:00 0 
7f945b97e000-7f9464000000 r--s 00000000 08:03 1442718                    /usr/lib/jvm/java-11-openjdk-amd64/lib/modules
7f9464000000-7f9464160000 rw-p 00000000 00:00 0 
7f9464160000-7f9468000000 ---p 00000000 00:00 0 
7f946800c000-7f9468010000 ---p 00000000 00:00 0 
7f9468010000-7f946810d000 rw-p 00000000 00:00 0 
7f946810d000-7f9468111000 ---p 00000000 00:00 0 
7f9468111000-7f946820e000 rw-p 00000000 00:00 0 
7f946820e000-7f946820f000 ---p 00000000 00:00 0 
7f946820f000-7f94683ec000 rw-p 00000000 00:00 0 
7f94683ec000-7f94683ed000 ---p 00000000 00:00 0 
7f94683ed000-7f94684ee000 rw-p 00000000 00:00 0 
7f94684ee000-7f94684ef000 ---p 00000000 00:00 0 
7f94684ef000-7f94689f4000 rw-p 00000000 00:00 0 
7f94689f4000-7f94689f5000 ---p 00000000 00:00 0 
7f94689f5000-7f9468af6000 rw-p 00000000 00:00 0 
7f9468af6000-7f9468af7000 ---p 00000000 00:00 0 
7f9468af7000-7f9468cd4000 rw-p 00000000 00:00 0 
7f9468cd4000-7f9468fd0000 ---p 00000000 00:00 0 
7f9468fd0000-7f94690ad000 rw-p 00000000 00:00 0 
7f94690ad000-7f94693a9000 ---p 00000000 00:00 0 
7f94693a9000-7f9469486000 rw-p 00000000 00:00 0 
7f9469486000-7f9469782000 ---p 00000000 00:00 0 
7f9469782000-7f9469b87000 rw-p 00000000 00:00 0 
7f9469b87000-7f9469b88000 ---p 00000000 00:00 0 
7f9469b88000-7f9469c8e000 rw-p 00000000 00:00 0 
7f9469c8e000-7f9469d74000 ---p 00000000 00:00 0 
7f9469d74000-7f9469d79000 rw-p 00000000 00:00 0 
7f9469d79000-7f9469e5f000 ---p 00000000 00:00 0 
7f9469e5f000-7f9469e64000 r-xp 00000000 08:03 1442676                    /usr/lib/jvm/java-11-openjdk-amd64/lib/libjimage.so
7f9469e64000-7f946a063000 ---p 00005000 08:03 1442676                    /usr/lib/jvm/java-11-openjdk-amd64/lib/libjimage.so
7f946a063000-7f946a064000 r--p 00004000 08:03 1442676                    /usr/lib/jvm/java-11-openjdk-amd64/lib/libjimage.so
7f946a064000-7f946a065000 rw-p 00005000 08:03 1442676                    /usr/lib/jvm/java-11-openjdk-amd64/lib/libjimage.so
7f946a065000-7f946a06c000 r-xp 00000000 08:03 1442716                    /usr/lib/jvm/java-11-openjdk-amd64/lib/libzip.so
7f946a06c000-7f946a26b000 ---p 00007000 08:03 1442716                    /usr/lib/jvm/java-11-openjdk-amd64/lib/libzip.so
7f946a26b000-7f946a26c000 r--p 00006000 08:03 1442716                    /usr/lib/jvm/java-11-openjdk-amd64/lib/libzip.so
7f946a26c000-7f946a26d000 rw-p 00007000 08:03 1442716                    /usr/lib/jvm/java-11-openjdk-amd64/lib/libzip.so
7f946a26d000-7f946a278000 r-xp 00000000 08:03 267430                     /lib/x86_64-linux-gnu/libnss_files-2.27.so
7f946a278000-7f946a477000 ---p 0000b000 08:03 267430                     /lib/x86_64-linux-gnu/libnss_files-2.27.so
7f946a477000-7f946a478000 r--p 0000a000 08:03 267430                     /lib/x86_64-linux-gnu/libnss_files-2.27.so
7f946a478000-7f946a479000 rw-p 0000b000 08:03 267430                     /lib/x86_64-linux-gnu/libnss_files-2.27.so
7f946a479000-7f946a47f000 rw-p 00000000 00:00 0 
7f946a47f000-7f946a496000 r-xp 00000000 08:03 267424                     /lib/x86_64-linux-gnu/libnsl-2.27.so
7f946a496000-7f946a695000 ---p 00017000 08:03 267424                     /lib/x86_64-linux-gnu/libnsl-2.27.so
7f946a695000-7f946a696000 r--p 00016000 08:03 267424                     /lib/x86_64-linux-gnu/libnsl-2.27.so
7f946a696000-7f946a697000 rw-p 00017000 08:03 267424                     /lib/x86_64-linux-gnu/libnsl-2.27.so
7f946a697000-7f946a699000 rw-p 00000000 00:00 0 
7f946a699000-7f946a6a4000 r-xp 00000000 08:03 267441                     /lib/x86_64-linux-gnu/libnss_nis-2.27.so
7f946a6a4000-7f946a8a3000 ---p 0000b000 08:03 267441                     /lib/x86_64-linux-gnu/libnss_nis-2.27.so
7f946a8a3000-7f946a8a4000 r--p 0000a000 08:03 267441                     /lib/x86_64-linux-gnu/libnss_nis-2.27.so
7f946a8a4000-7f946a8a5000 rw-p 0000b000 08:03 267441                     /lib/x86_64-linux-gnu/libnss_nis-2.27.so
7f946a8a5000-7f946a8ad000 r-xp 00000000 08:03 267426                     /lib/x86_64-linux-gnu/libnss_compat-2.27.so
7f946a8ad000-7f946aaad000 ---p 00008000 08:03 267426                     /lib/x86_64-linux-gnu/libnss_compat-2.27.so
7f946aaad000-7f946aaae000 r--p 00008000 08:03 267426                     /lib/x86_64-linux-gnu/libnss_compat-2.27.so
7f946aaae000-7f946aaaf000 rw-p 00009000 08:03 267426                     /lib/x86_64-linux-gnu/libnss_compat-2.27.so
7f946aaaf000-7f946aad8000 r-xp 00000000 08:03 1442672                    /usr/lib/jvm/java-11-openjdk-amd64/lib/libjava.so
7f946aad8000-7f946acd7000 ---p 00029000 08:03 1442672                    /usr/lib/jvm/java-11-openjdk-amd64/lib/libjava.so
7f946acd7000-7f946acd8000 r--p 00028000 08:03 1442672                    /usr/lib/jvm/java-11-openjdk-amd64/lib/libjava.so
7f946acd8000-7f946acda000 rw-p 00029000 08:03 1442672                    /usr/lib/jvm/java-11-openjdk-amd64/lib/libjava.so
7f946acda000-7f946ace7000 r-xp 00000000 08:03 1442715                    /usr/lib/jvm/java-11-openjdk-amd64/lib/libverify.so
7f946ace7000-7f946aee6000 ---p 0000d000 08:03 1442715                    /usr/lib/jvm/java-11-openjdk-amd64/lib/libverify.so
7f946aee6000-7f946aee8000 r--p 0000c000 08:03 1442715                    /usr/lib/jvm/java-11-openjdk-amd64/lib/libverify.so
7f946aee8000-7f946aee9000 rw-p 0000e000 08:03 1442715                    /usr/lib/jvm/java-11-openjdk-amd64/lib/libverify.so
7f946aee9000-7f946aef0000 r-xp 00000000 08:03 267481                     /lib/x86_64-linux-gnu/librt-2.27.so
7f946aef0000-7f946b0ef000 ---p 00007000 08:03 267481                     /lib/x86_64-linux-gnu/librt-2.27.so
7f946b0ef000-7f946b0f0000 r--p 00006000 08:03 267481                     /lib/x86_64-linux-gnu/librt-2.27.so
7f946b0f0000-7f946b0f1000 rw-p 00007000 08:03 267481                     /lib/x86_64-linux-gnu/librt-2.27.so
7f946b0f1000-7f946b108000 r-xp 00000000 08:03 267008                     /lib/x86_64-linux-gnu/libgcc_s.so.1
7f946b108000-7f946b307000 ---p 00017000 08:03 267008                     /lib/x86_64-linux-gnu/libgcc_s.so.1
7f946b307000-7f946b308000 r--p 00016000 08:03 267008                     /lib/x86_64-linux-gnu/libgcc_s.so.1
7f946b308000-7f946b309000 rw-p 00017000 08:03 267008                     /lib/x86_64-linux-gnu/libgcc_s.so.1
7f946b309000-7f946b4a6000 r-xp 00000000 08:03 267403                     /lib/x86_64-linux-gnu/libm-2.27.so
7f946b4a6000-7f946b6a5000 ---p 0019d000 08:03 267403                     /lib/x86_64-linux-gnu/libm-2.27.so
7f946b6a5000-7f946b6a6000 r--p 0019c000 08:03 267403                     /lib/x86_64-linux-gnu/libm-2.27.so
7f946b6a6000-7f946b6a7000 rw-p 0019d000 08:03 267403                     /lib/x86_64-linux-gnu/libm-2.27.so
7f946b6a7000-7f946b820000 r-xp 00000000 08:03 1439276                    /usr/lib/x86_64-linux-gnu/libstdc++.so.6.0.25
7f946b820000-7f946ba20000 ---p 00179000 08:03 1439276                    /usr/lib/x86_64-linux-gnu/libstdc++.so.6.0.25
7f946ba20000-7f946ba2a000 r--p 00179000 08:03 1439276                    /usr/lib/x86_64-linux-gnu/libstdc++.so.6.0.25
7f946ba2a000-7f946ba2c000 rw-p 00183000 08:03 1439276                    /usr/lib/x86_64-linux-gnu/libstdc++.so.6.0.25
7f946ba2c000-7f946ba30000 rw-p 00000000 00:00 0 
7f946ba30000-7f946caf8000 r-xp 00000000 08:03 1573649                    /usr/lib/jvm/java-11-openjdk-amd64/lib/server/libjvm.so
7f946caf8000-7f946ccf8000 ---p 010c8000 08:03 1573649                    /usr/lib/jvm/java-11-openjdk-amd64/lib/server/libjvm.so
7f946ccf8000-7f946cdb5000 r--p 010c8000 08:03 1573649                    /usr/lib/jvm/java-11-openjdk-amd64/lib/server/libjvm.so
7f946cdb5000-7f946cdee000 rw-p 01185000 08:03 1573649                    /usr/lib/jvm/java-11-openjdk-amd64/lib/server/libjvm.so
7f946cdee000-7f946ce44000 rw-p 00000000 00:00 0 
7f946ce44000-7f946ce5e000 r-xp 00000000 08:03 267473                     /lib/x86_64-linux-gnu/libpthread-2.27.so
7f946ce5e000-7f946d05d000 ---p 0001a000 08:03 267473                     /lib/x86_64-linux-gnu/libpthread-2.27.so
7f946d05d000-7f946d05e000 r--p 00019000 08:03 267473                     /lib/x86_64-linux-gnu/libpthread-2.27.so
7f946d05e000-7f946d05f000 rw-p 0001a000 08:03 267473                     /lib/x86_64-linux-gnu/libpthread-2.27.so
7f946d05f000-7f946d063000 rw-p 00000000 00:00 0 
7f946d063000-7f946d066000 r-xp 00000000 08:03 267363                     /lib/x86_64-linux-gnu/libdl-2.27.so
7f946d066000-7f946d265000 ---p 00003000 08:03 267363                     /lib/x86_64-linux-gnu/libdl-2.27.so
7f946d265000-7f946d266000 r--p 00002000 08:03 267363                     /lib/x86_64-linux-gnu/libdl-2.27.so
7f946d266000-7f946d267000 rw-p 00003000 08:03 267363                     /lib/x86_64-linux-gnu/libdl-2.27.so
7f946d267000-7f946d283000 r-xp 00000000 08:03 267512                     /lib/x86_64-linux-gnu/libz.so.1.2.11
7f946d283000-7f946d482000 ---p 0001c000 08:03 267512                     /lib/x86_64-linux-gnu/libz.so.1.2.11
7f946d482000-7f946d483000 r--p 0001b000 08:03 267512                     /lib/x86_64-linux-gnu/libz.so.1.2.11
7f946d483000-7f946d484000 rw-p 0001c000 08:03 267512                     /lib/x86_64-linux-gnu/libz.so.1.2.11
7f946d484000-7f946d66b000 r-xp 00000000 08:03 267340                     /lib/x86_64-linux-gnu/libc-2.27.so
7f946d66b000-7f946d86b000 ---p 001e7000 08:03 267340                     /lib/x86_64-linux-gnu/libc-2.27.so
7f946d86b000-7f946d86f000 r--p 001e7000 08:03 267340                     /lib/x86_64-linux-gnu/libc-2.27.so
7f946d86f000-7f946d871000 rw-p 001eb000 08:03 267340                     /lib/x86_64-linux-gnu/libc-2.27.so
7f946d871000-7f946d875000 rw-p 00000000 00:00 0 
7f946d875000-7f946d884000 r-xp 00000000 08:03 1442567                    /usr/lib/jvm/java-11-openjdk-amd64/lib/jli/libjli.so
7f946d884000-7f946da84000 ---p 0000f000 08:03 1442567                    /usr/lib/jvm/java-11-openjdk-amd64/lib/jli/libjli.so
7f946da84000-7f946da85000 r--p 0000f000 08:03 1442567                    /usr/lib/jvm/java-11-openjdk-amd64/lib/jli/libjli.so
7f946da85000-7f946da86000 rw-p 00010000 08:03 1442567                    /usr/lib/jvm/java-11-openjdk-amd64/lib/jli/libjli.so
7f946da86000-7f946daad000 r-xp 00000000 08:03 267312                     /lib/x86_64-linux-gnu/ld-2.27.so
7f946dab1000-7f946db8e000 rw-p 00000000 00:00 0 
7f946db8e000-7f946db92000 ---p 00000000 00:00 0 
7f946db92000-7f946dc91000 rw-p 00000000 00:00 0 
7f946dc93000-7f946dc98000 rw-p 00000000 00:00 0 
7f946dc98000-7f946dc9f000 ---p 00000000 00:00 0 
7f946dc9f000-7f946dca1000 r--s 00007000 08:03 1719605                    /usr/share/java/java-atk-wrapper.jar
7f946dca1000-7f946dca9000 rw-s 00000000 08:03 1312746                    /tmp/hsperfdata_ppoonia/8909
7f946dca9000-7f946dcaa000 ---p 00000000 00:00 0 
7f946dcaa000-7f946dcab000 r--p 00000000 00:00 0 
7f946dcab000-7f946dcad000 rw-p 00000000 00:00 0 
7f946dcad000-7f946dcae000 r--p 00027000 08:03 267312                     /lib/x86_64-linux-gnu/ld-2.27.so
7f946dcae000-7f946dcaf000 rw-p 00028000 08:03 267312                     /lib/x86_64-linux-gnu/ld-2.27.so
7f946dcaf000-7f946dcb0000 rw-p 00000000 00:00 0 
7fffc052d000-7fffc054e000 rw-p 00000000 00:00 0                          [stack]
7fffc05d0000-7fffc05d3000 r--p 00000000 00:00 0                          [vvar]
7fffc05d3000-7fffc05d5000 r-xp 00000000 00:00 0                          [vdso]
ffffffffff600000-ffffffffff601000 r-xp 00000000 00:00 0                  [vsyscall]


VM Arguments:
java_command: uniqueDigits
java_class_path (initial): .
Launcher Type: SUN_STANDARD

[Global flags]
     intx CICompilerCount                          = 3                                         {product} {ergonomic}
     uint ConcGCThreads                            = 1                                         {product} {ergonomic}
     uint G1ConcRefinementThreads                  = 4                                         {product} {ergonomic}
   size_t G1HeapRegionSize                         = 1048576                                   {product} {ergonomic}
    uintx GCDrainStackTargetSize                   = 64                                        {product} {ergonomic}
   size_t InitialHeapSize                          = 130023424                                 {product} {ergonomic}
   size_t MarkStackSize                            = 4194304                                   {product} {ergonomic}
   size_t MaxHeapSize                              = 2065694720                                {product} {ergonomic}
   size_t MaxNewSize                               = 1239416832                                {product} {ergonomic}
   size_t MinHeapDeltaBytes                        = 1048576                                   {product} {ergonomic}
    uintx NonNMethodCodeHeapSize                   = 5830092                                {pd product} {ergonomic}
    uintx NonProfiledCodeHeapSize                  = 122914074                              {pd product} {ergonomic}
    uintx ProfiledCodeHeapSize                     = 122914074                              {pd product} {ergonomic}
    uintx ReservedCodeCacheSize                    = 251658240                              {pd product} {ergonomic}
     bool SegmentedCodeCache                       = true                                      {product} {ergonomic}
     bool UseCompressedClassPointers               = true                                 {lp64_product} {ergonomic}
     bool UseCompressedOops                        = true                                 {lp64_product} {ergonomic}
     bool UseG1GC                                  = true                                      {product} {ergonomic}

Logging:
Log output configuration:
 #0: stdout all=warning uptime,level,tags
 #1: stderr all=off uptime,level,tags

Environment Variables:
PATH=/usr/local/sbin:/usr/local/bin:/usr/sbin:/usr/bin:/sbin:/bin:/usr/games:/usr/local/games:/snap/bin
USERNAME=ppoonia
SHELL=/bin/bash
DISPLAY=:0

Signal Handlers:
SIGSEGV: [libjvm.so+0xde2f90], sa_mask[0]=11111111011111111101111111111110, sa_flags=SA_RESTART|SA_SIGINFO
SIGBUS: [libjvm.so+0xde2f90], sa_mask[0]=11111111011111111101111111111110, sa_flags=SA_RESTART|SA_SIGINFO
SIGFPE: [libjvm.so+0xde2f90], sa_mask[0]=11111111011111111101111111111110, sa_flags=SA_RESTART|SA_SIGINFO
SIGPIPE: [libjvm.so+0xbb85d0], sa_mask[0]=11111111011111111101111111111110, sa_flags=SA_RESTART|SA_SIGINFO
SIGXFSZ: [libjvm.so+0xbb85d0], sa_mask[0]=11111111011111111101111111111110, sa_flags=SA_RESTART|SA_SIGINFO
SIGILL: [libjvm.so+0xde2f90], sa_mask[0]=11111111011111111101111111111110, sa_flags=SA_RESTART|SA_SIGINFO
SIGUSR2: [libjvm.so+0xbb8470], sa_mask[0]=00000000000000000000000000000000, sa_flags=SA_RESTART|SA_SIGINFO
SIGHUP: [libjvm.so+0xbb87d0], sa_mask[0]=11111111011111111101111111111110, sa_flags=SA_RESTART|SA_SIGINFO
SIGINT: [libjvm.so+0xbb87d0], sa_mask[0]=11111111011111111101111111111110, sa_flags=SA_RESTART|SA_SIGINFO
SIGTERM: [libjvm.so+0xbb87d0], sa_mask[0]=11111111011111111101111111111110, sa_flags=SA_RESTART|SA_SIGINFO
SIGQUIT: [libjvm.so+0xbb87d0], sa_mask[0]=11111111011111111101111111111110, sa_flags=SA_RESTART|SA_SIGINFO


---------------  S Y S T E M  ---------------

OS:DISTRIB_ID=Ubuntu
DISTRIB_RELEASE=18.04
DISTRIB_CODENAME=bionic
DISTRIB_DESCRIPTION="Ubuntu 18.04.1 LTS"
uname:Linux 4.15.0-47-generic #50-Ubuntu SMP Wed Mar 13 10:44:52 UTC 2019 x86_64
libc:glibc 2.27 NPTL 2.27 
rlimit: STACK 8192k, CORE 0k, NPROC 30849, NOFILE 4096, AS infinity, DATA infinity, FSIZE infinity
load average:2.50 2.62 2.42

/proc/meminfo:
MemTotal:        8064232 kB
MemFree:          133396 kB
MemAvailable:     102708 kB
Buffers:             596 kB
Cached:           793352 kB
SwapCached:         6508 kB
Active:          6476576 kB
Inactive:        1014528 kB
Active(anon):    6396692 kB
Inactive(anon):   936788 kB
Active(file):      79884 kB
Inactive(file):    77740 kB
Unevictable:        1208 kB
Mlocked:            1208 kB
SwapTotal:       1450228 kB
SwapFree:              0 kB
Dirty:              1348 kB
Writeback:             0 kB
AnonPages:       6693096 kB
Mapped:           435152 kB
Shmem:            635896 kB
Slab:             162796 kB
SReclaimable:      62948 kB
SUnreclaim:        99848 kB
KernelStack:       22304 kB
PageTables:       117480 kB
NFS_Unstable:          0 kB
Bounce:                0 kB
WritebackTmp:          0 kB
CommitLimit:     5482344 kB
Committed_AS:   23092672 kB
VmallocTotal:   34359738367 kB
VmallocUsed:           0 kB
VmallocChunk:          0 kB
HardwareCorrupted:     0 kB
AnonHugePages:         0 kB
ShmemHugePages:        0 kB
ShmemPmdMapped:        0 kB
CmaTotal:              0 kB
CmaFree:               0 kB
HugePages_Total:       0
HugePages_Free:        0
HugePages_Rsvd:        0
HugePages_Surp:        0
Hugepagesize:       2048 kB
DirectMap4k:     1338220 kB
DirectMap2M:     6946816 kB
DirectMap1G:           0 kB


/proc/sys/kernel/threads-max (system-wide limit on the number of threads):
61699


/proc/sys/vm/max_map_count (maximum number of memory map areas a process may have):
65530


/proc/sys/kernel/pid_max (system-wide limit on number of process identifiers):
32768



container (cgroup) information:
container_type: cgroupv1
cpu_cpuset_cpus: 0-3
cpu_memory_nodes: 0
active_processor_count: 4
cpu_quota: -1
cpu_period: 100000
cpu_shares: -1
memory_limit_in_bytes: -1
memory_and_swap_limit_in_bytes: -2
memory_soft_limit_in_bytes: -1
memory_usage_in_bytes: 7669927936
memory_max_usage_in_bytes: 169332736


CPU:total 4 (initial active 4) (2 cores per cpu, 2 threads per core) family 6 model 142 stepping 9, cmov, cx8, fxsr, mmx, sse, sse2, sse3, ssse3, sse4.1, sse4.2, popcnt, avx, avx2, aes, clmul, erms, 3dnowpref, lzcnt, ht, tsc, tscinvbit, bmi1, bmi2, adx, fma
CPU Model and flags from /proc/cpuinfo:
model name	: Intel(R) Core(TM) i7-7500U CPU @ 2.70GHz
flags		: fpu vme de pse tsc msr pae mce cx8 apic sep mtrr pge mca cmov pat pse36 clflush dts acpi mmx fxsr sse sse2 ss ht tm pbe syscall nx pdpe1gb rdtscp lm constant_tsc art arch_perfmon pebs bts rep_good nopl xtopology nonstop_tsc cpuid aperfmperf tsc_known_freq pni pclmulqdq dtes64 monitor ds_cpl vmx est tm2 ssse3 sdbg fma cx16 xtpr pdcm pcid sse4_1 sse4_2 x2apic movbe popcnt tsc_deadline_timer aes xsave avx f16c rdrand lahf_lm abm 3dnowprefetch cpuid_fault epb invpcid_single pti ssbd ibrs ibpb stibp tpr_shadow vnmi flexpriority ept vpid fsgsbase tsc_adjust bmi1 avx2 smep bmi2 erms invpcid mpx rdseed adx smap clflushopt intel_pt xsaveopt xsavec xgetbv1 xsaves dtherm ida arat pln pts hwp hwp_notify hwp_act_window hwp_epp flush_l1d

Memory: 4k page, physical 8064232k(133396k free), swap 1450228k(0k free)

vm_info: OpenJDK 64-Bit Server VM (11.0.3+7-Ubuntu-1ubuntu218.04.1) for linux-amd64 JRE (11.0.3+7-Ubuntu-1ubuntu218.04.1), built on Apr 23 2019 18:34:35 by "buildd" with gcc 7.3.0

END.
