#
# There is insufficient memory for the Java Runtime Environment to continue.
# Native memory allocation (mmap) failed to map 362807296 bytes for committing reserved memory.
# Possible reasons:
#   The system is out of physical RAM or swap space
#   The process is running with CompressedOops enabled, and the Java Heap may be blocking the growth of the native heap
# Possible solutions:
#   Reduce memory load on the system
#   Increase physical memory or swap space
#   Check if swap backing store is full
#   Decrease Java heap size (-Xmx/-Xms)
#   Decrease number of Java threads
#   Decrease Java thread stack sizes (-Xss)
#   Set larger code cache with -XX:ReservedCodeCacheSize=
#   JVM is running with Unscaled Compressed Oops mode in which the Java heap is
#     placed in the first 4GB address space. The Java Heap base address is the
#     maximum limit for the native heap growth. Please use -XX:HeapBaseMinAddress
#     to set the Java Heap base and to place the Java Heap above 4GB virtual address.
# This output file may be truncated or incomplete.
#
#  Out of Memory Error (os_linux.cpp:2719), pid=8827, tid=8834
#
# JRE version: OpenJDK Runtime Environment (11.0.3+7) (build 11.0.3+7-Ubuntu-1ubuntu218.04.1)
# Java VM: OpenJDK 64-Bit Server VM (11.0.3+7-Ubuntu-1ubuntu218.04.1, mixed mode, sharing, tiered, compressed oops, g1 gc, linux-amd64)
# Core dump will be written. Default location: Core dumps may be processed with "/usr/share/apport/apport %p %s %c %d %P" (or dumping to /home/ppoonia/Desktop/j/core.8827)
#

---------------  S U M M A R Y ------------

Command Line: uniqueDigits

Host: Intel(R) Core(TM) i7-7500U CPU @ 2.70GHz, 4 cores, 7G, Ubuntu 18.04.1 LTS
Time: Fri May 17 12:39:59 2019 IST elapsed time: 3 seconds (0d 0h 0m 3s)

---------------  T H R E A D  ---------------

Current thread (0x00007f1624105800):  VMThread "VM Thread" [stack: 0x00007f160065a000,0x00007f160075a000] [id=8834]

Stack: [0x00007f160065a000,0x00007f160075a000],  sp=0x00007f1600757ff0,  free space=1015k
Native frames: (J=compiled Java code, A=aot compiled Java code, j=interpreted, Vv=VM code, C=native code)
V  [libjvm.so+0xde1587]
V  [libjvm.so+0xde21db]
V  [libjvm.so+0x650895]
V  [libjvm.so+0xbbc6c8]
V  [libjvm.so+0xbb3f2d]
V  [libjvm.so+0x76ea7f]
V  [libjvm.so+0x76ecee]
V  [libjvm.so+0x77ad60]
V  [libjvm.so+0x7f5e29]
V  [libjvm.so+0x7f6a82]
V  [libjvm.so+0x7f6ee9]
V  [libjvm.so+0x72d3af]
V  [libjvm.so+0x7320aa]
V  [libjvm.so+0xded011]
V  [libjvm.so+0xdebbd8]
V  [libjvm.so+0xde9466]
V  [libjvm.so+0xde992e]
V  [libjvm.so+0xde9d53]
V  [libjvm.so+0xd7805a]
V  [libjvm.so+0xbc238e]

VM_Operation (0x00007f162bd43570): G1CollectForAllocation, mode: safepoint, requested by thread 0x00007f1624011800


---------------  P R O C E S S  ---------------

Threads class SMR info:
_java_thread_list=0x00007f1624156b50, length=9, elements={
0x00007f1624011800, 0x00007f1624108000, 0x00007f162410a000, 0x00007f162410f800,
0x00007f1624111800, 0x00007f1624113800, 0x00007f1624115800, 0x00007f162414d000,
0x00007f1624155800
}

Java Threads: ( => current thread )
  0x00007f1624011800 JavaThread "main" [_thread_blocked, id=8828, stack(0x00007f162bc44000,0x00007f162bd45000)]
  0x00007f1624108000 JavaThread "Reference Handler" daemon [_thread_blocked, id=8835, stack(0x00007f1600557000,0x00007f1600658000)]
  0x00007f162410a000 JavaThread "Finalizer" daemon [_thread_blocked, id=8836, stack(0x00007f1600456000,0x00007f1600557000)]
  0x00007f162410f800 JavaThread "Signal Dispatcher" daemon [_thread_blocked, id=8837, stack(0x00007f1600355000,0x00007f1600456000)]
  0x00007f1624111800 JavaThread "C2 CompilerThread0" daemon [_thread_blocked, id=8838, stack(0x00007f1600254000,0x00007f1600355000)]
  0x00007f1624113800 JavaThread "C1 CompilerThread0" daemon [_thread_blocked, id=8839, stack(0x00007f1600153000,0x00007f1600254000)]
  0x00007f1624115800 JavaThread "Sweeper thread" daemon [_thread_blocked, id=8840, stack(0x00007f1600052000,0x00007f1600153000)]
  0x00007f162414d000 JavaThread "Service Thread" daemon [_thread_blocked, id=8841, stack(0x00007f15e3530000,0x00007f15e3631000)]
  0x00007f1624155800 JavaThread "Common-Cleaner" daemon [_thread_blocked, id=8843, stack(0x00007f15e332d000,0x00007f15e342e000)]

Other Threads:
=>0x00007f1624105800 VMThread "VM Thread" [stack: 0x00007f160065a000,0x00007f160075a000] [id=8834]
  0x00007f162414f800 WatcherThread [stack: 0x00007f15e3430000,0x00007f15e3530000] [id=8842]
  0x00007f1624028000 GCTaskThread "GC Thread#0" [stack: 0x00007f160c58d000,0x00007f160c68d000] [id=8829]
  0x00007f15f0001000 GCTaskThread "GC Thread#1" [stack: 0x00007f15e2e05000,0x00007f15e2f05000] [id=8844]
  0x00007f15f0003000 GCTaskThread "GC Thread#2" [stack: 0x00007f15e2d03000,0x00007f15e2e03000] [id=8845]
  0x00007f15f0072800 GCTaskThread "GC Thread#3" [stack: 0x00007f15e2c01000,0x00007f15e2d01000] [id=8846]
  0x00007f1624059000 ConcurrentGCThread "G1 Main Marker" [stack: 0x00007f160c087000,0x00007f160c187000] [id=8830]
  0x00007f162405b000 ConcurrentGCThread "G1 Conc#0" [stack: 0x00007f16035e5000,0x00007f16036e5000] [id=8831]
  0x00007f16240d3000 ConcurrentGCThread "G1 Refine#0" [stack: 0x00007f16010df000,0x00007f16011df000] [id=8832]
  0x00007f16240d5000 ConcurrentGCThread "G1 Young RemSet Sampling" [stack: 0x00007f1600fdd000,0x00007f16010dd000] [id=8833]

Threads with active compile tasks:

VM state:at safepoint (normal execution)

VM Mutex/Monitor currently owned by a thread:  ([mutex/lock_event])
[0x00007f162400dd10] Threads_lock - owner thread: 0x00007f1624105800
[0x00007f162400e460] Heap_lock - owner thread: 0x00007f1624011800

Heap address: 0x0000000084e00000, size: 1970 MB, Compressed Oops mode: 32-bit
Narrow klass base: 0x0000000800000000, Narrow klass shift: 3
Compressed class space size: 1073741824 Address: 0x0000000840000000

Heap:
 garbage-first heap   total 616448K, used 971K [0x0000000084e00000, 0x0000000100000000)
  region size 1024K, 0 young (0K), 0 survivors (0K)
 Metaspace       used 177K, capacity 4486K, committed 4864K, reserved 1056768K
  class space    used 6K, capacity 386K, committed 512K, reserved 1048576K
Heap Regions: E=young(eden), S=young(survivor), O=old, HS=humongous(starts), HC=humongous(continues), CS=collection set, F=free, A=archive, TAMS=top-at-mark-start (previous, next)
|   0|0x0000000084e00000, 0x0000000084e53c00, 0x0000000084f00000| 32%| O|  |TAMS 0x0000000084e00000, 0x0000000084e00000| Untracked 
|   1|0x0000000084f00000, 0x0000000084f00000, 0x0000000085000000|  0%| F|  |TAMS 0x0000000084f00000, 0x0000000084f00000| Untracked 
|   2|0x0000000085000000, 0x0000000085000000, 0x0000000085100000|  0%| F|  |TAMS 0x0000000085000000, 0x0000000085000000| Untracked 
|   3|0x0000000085100000, 0x0000000085100000, 0x0000000085200000|  0%| F|  |TAMS 0x0000000085100000, 0x0000000085100000| Untracked 
|   4|0x0000000085200000, 0x0000000085200000, 0x0000000085300000|  0%| F|  |TAMS 0x0000000085200000, 0x0000000085200000| Untracked 
|   5|0x0000000085300000, 0x0000000085300000, 0x0000000085400000|  0%| F|  |TAMS 0x0000000085300000, 0x0000000085300000| Untracked 
|   6|0x0000000085400000, 0x0000000085400000, 0x0000000085500000|  0%| F|  |TAMS 0x0000000085400000, 0x0000000085400000| Untracked 
|   7|0x0000000085500000, 0x0000000085500000, 0x0000000085600000|  0%| F|  |TAMS 0x0000000085500000, 0x0000000085500000| Untracked 
|   8|0x0000000085600000, 0x0000000085600000, 0x0000000085700000|  0%| F|  |TAMS 0x0000000085600000, 0x0000000085600000| Untracked 
|   9|0x0000000085700000, 0x0000000085700000, 0x0000000085800000|  0%| F|  |TAMS 0x0000000085700000, 0x0000000085700000| Untracked 
|  10|0x0000000085800000, 0x0000000085800000, 0x0000000085900000|  0%| F|  |TAMS 0x0000000085800000, 0x0000000085800000| Untracked 
|  11|0x0000000085900000, 0x0000000085900000, 0x0000000085a00000|  0%| F|  |TAMS 0x0000000085900000, 0x0000000085900000| Untracked 
|  12|0x0000000085a00000, 0x0000000085a00000, 0x0000000085b00000|  0%| F|  |TAMS 0x0000000085a00000, 0x0000000085a00000| Untracked 
|  13|0x0000000085b00000, 0x0000000085b00000, 0x0000000085c00000|  0%| F|  |TAMS 0x0000000085b00000, 0x0000000085b00000| Untracked 
|  14|0x0000000085c00000, 0x0000000085c00000, 0x0000000085d00000|  0%| F|  |TAMS 0x0000000085c00000, 0x0000000085c00000| Untracked 
|  15|0x0000000085d00000, 0x0000000085d00000, 0x0000000085e00000|  0%| F|  |TAMS 0x0000000085d00000, 0x0000000085d00000| Untracked 
|  16|0x0000000085e00000, 0x0000000085e00000, 0x0000000085f00000|  0%| F|  |TAMS 0x0000000085e00000, 0x0000000085e00000| Untracked 
|  17|0x0000000085f00000, 0x0000000085f00000, 0x0000000086000000|  0%| F|  |TAMS 0x0000000085f00000, 0x0000000085f00000| Untracked 
|  18|0x0000000086000000, 0x0000000086000000, 0x0000000086100000|  0%| F|  |TAMS 0x0000000086000000, 0x0000000086000000| Untracked 
|  19|0x0000000086100000, 0x0000000086100000, 0x0000000086200000|  0%| F|  |TAMS 0x0000000086100000, 0x0000000086100000| Untracked 
|  20|0x0000000086200000, 0x0000000086200000, 0x0000000086300000|  0%| F|  |TAMS 0x0000000086200000, 0x0000000086200000| Untracked 
|  21|0x0000000086300000, 0x0000000086300000, 0x0000000086400000|  0%| F|  |TAMS 0x0000000086300000, 0x0000000086300000| Untracked 
|  22|0x0000000086400000, 0x0000000086400000, 0x0000000086500000|  0%| F|  |TAMS 0x0000000086400000, 0x0000000086400000| Untracked 
|  23|0x0000000086500000, 0x0000000086500000, 0x0000000086600000|  0%| F|  |TAMS 0x0000000086500000, 0x0000000086500000| Untracked 
|  24|0x0000000086600000, 0x0000000086600000, 0x0000000086700000|  0%| F|  |TAMS 0x0000000086600000, 0x0000000086600000| Untracked 
|  25|0x0000000086700000, 0x0000000086700000, 0x0000000086800000|  0%| F|  |TAMS 0x0000000086700000, 0x0000000086700000| Untracked 
|  26|0x0000000086800000, 0x0000000086800000, 0x0000000086900000|  0%| F|  |TAMS 0x0000000086800000, 0x0000000086800000| Untracked 
|  27|0x0000000086900000, 0x0000000086900000, 0x0000000086a00000|  0%| F|  |TAMS 0x0000000086900000, 0x0000000086900000| Untracked 
|  28|0x0000000086a00000, 0x0000000086a00000, 0x0000000086b00000|  0%| F|  |TAMS 0x0000000086a00000, 0x0000000086a00000| Untracked 
|  29|0x0000000086b00000, 0x0000000086b00000, 0x0000000086c00000|  0%| F|  |TAMS 0x0000000086b00000, 0x0000000086b00000| Untracked 
|  30|0x0000000086c00000, 0x0000000086c00000, 0x0000000086d00000|  0%| F|  |TAMS 0x0000000086c00000, 0x0000000086c00000| Untracked 
|  31|0x0000000086d00000, 0x0000000086d00000, 0x0000000086e00000|  0%| F|  |TAMS 0x0000000086d00000, 0x0000000086d00000| Untracked 
|  32|0x0000000086e00000, 0x0000000086e00000, 0x0000000086f00000|  0%| F|  |TAMS 0x0000000086e00000, 0x0000000086e00000| Untracked 
|  33|0x0000000086f00000, 0x0000000086f00000, 0x0000000087000000|  0%| F|  |TAMS 0x0000000086f00000, 0x0000000086f00000| Untracked 
|  34|0x0000000087000000, 0x0000000087000000, 0x0000000087100000|  0%| F|  |TAMS 0x0000000087000000, 0x0000000087000000| Untracked 
|  35|0x0000000087100000, 0x0000000087100000, 0x0000000087200000|  0%| F|  |TAMS 0x0000000087100000, 0x0000000087100000| Untracked 
|  36|0x0000000087200000, 0x0000000087200000, 0x0000000087300000|  0%| F|  |TAMS 0x0000000087200000, 0x0000000087200000| Untracked 
|  37|0x0000000087300000, 0x0000000087300000, 0x0000000087400000|  0%| F|  |TAMS 0x0000000087300000, 0x0000000087300000| Untracked 
|  38|0x0000000087400000, 0x0000000087400000, 0x0000000087500000|  0%| F|  |TAMS 0x0000000087400000, 0x0000000087400000| Untracked 
|  39|0x0000000087500000, 0x0000000087500000, 0x0000000087600000|  0%| F|  |TAMS 0x0000000087500000, 0x0000000087500000| Untracked 
|  40|0x0000000087600000, 0x0000000087600000, 0x0000000087700000|  0%| F|  |TAMS 0x0000000087600000, 0x0000000087600000| Untracked 
|  41|0x0000000087700000, 0x0000000087700000, 0x0000000087800000|  0%| F|  |TAMS 0x0000000087700000, 0x0000000087700000| Untracked 
|  42|0x0000000087800000, 0x0000000087800000, 0x0000000087900000|  0%| F|  |TAMS 0x0000000087800000, 0x0000000087800000| Untracked 
|  43|0x0000000087900000, 0x0000000087900000, 0x0000000087a00000|  0%| F|  |TAMS 0x0000000087900000, 0x0000000087900000| Untracked 
|  44|0x0000000087a00000, 0x0000000087a00000, 0x0000000087b00000|  0%| F|  |TAMS 0x0000000087a00000, 0x0000000087a00000| Untracked 
|  45|0x0000000087b00000, 0x0000000087b00000, 0x0000000087c00000|  0%| F|  |TAMS 0x0000000087b00000, 0x0000000087b00000| Untracked 
|  46|0x0000000087c00000, 0x0000000087c00000, 0x0000000087d00000|  0%| F|  |TAMS 0x0000000087c00000, 0x0000000087c00000| Untracked 
|  47|0x0000000087d00000, 0x0000000087d00000, 0x0000000087e00000|  0%| F|  |TAMS 0x0000000087d00000, 0x0000000087d00000| Untracked 
|  48|0x0000000087e00000, 0x0000000087e00000, 0x0000000087f00000|  0%| F|  |TAMS 0x0000000087e00000, 0x0000000087e00000| Untracked 
|  49|0x0000000087f00000, 0x0000000087f00000, 0x0000000088000000|  0%| F|  |TAMS 0x0000000087f00000, 0x0000000087f00000| Untracked 
|  50|0x0000000088000000, 0x0000000088000000, 0x0000000088100000|  0%| F|  |TAMS 0x0000000088000000, 0x0000000088000000| Untracked 
|  51|0x0000000088100000, 0x0000000088100000, 0x0000000088200000|  0%| F|  |TAMS 0x0000000088100000, 0x0000000088100000| Untracked 
|  52|0x0000000088200000, 0x0000000088200000, 0x0000000088300000|  0%| F|  |TAMS 0x0000000088200000, 0x0000000088200000| Untracked 
|  53|0x0000000088300000, 0x0000000088300000, 0x0000000088400000|  0%| F|  |TAMS 0x0000000088300000, 0x0000000088300000| Untracked 
|  54|0x0000000088400000, 0x0000000088400000, 0x0000000088500000|  0%| F|  |TAMS 0x0000000088400000, 0x0000000088400000| Untracked 
|  55|0x0000000088500000, 0x0000000088500000, 0x0000000088600000|  0%| F|  |TAMS 0x0000000088500000, 0x0000000088500000| Untracked 
|  56|0x0000000088600000, 0x0000000088600000, 0x0000000088700000|  0%| F|  |TAMS 0x0000000088600000, 0x0000000088600000| Untracked 
|  57|0x0000000088700000, 0x0000000088700000, 0x0000000088800000|  0%| F|  |TAMS 0x0000000088700000, 0x0000000088700000| Untracked 
|  58|0x0000000088800000, 0x0000000088800000, 0x0000000088900000|  0%| F|  |TAMS 0x0000000088800000, 0x0000000088800000| Untracked 
|  59|0x0000000088900000, 0x0000000088900000, 0x0000000088a00000|  0%| F|  |TAMS 0x0000000088900000, 0x0000000088900000| Untracked 
|  60|0x0000000088a00000, 0x0000000088a00000, 0x0000000088b00000|  0%| F|  |TAMS 0x0000000088a00000, 0x0000000088a00000| Untracked 
|  61|0x0000000088b00000, 0x0000000088b00000, 0x0000000088c00000|  0%| F|  |TAMS 0x0000000088b00000, 0x0000000088b00000| Untracked 
|  62|0x0000000088c00000, 0x0000000088c00000, 0x0000000088d00000|  0%| F|  |TAMS 0x0000000088c00000, 0x0000000088c00000| Untracked 
|  63|0x0000000088d00000, 0x0000000088d00000, 0x0000000088e00000|  0%| F|  |TAMS 0x0000000088d00000, 0x0000000088d00000| Untracked 
|  64|0x0000000088e00000, 0x0000000088e00000, 0x0000000088f00000|  0%| F|  |TAMS 0x0000000088e00000, 0x0000000088e00000| Untracked 
|  65|0x0000000088f00000, 0x0000000088f00000, 0x0000000089000000|  0%| F|  |TAMS 0x0000000088f00000, 0x0000000088f00000| Untracked 
|  66|0x0000000089000000, 0x0000000089000000, 0x0000000089100000|  0%| F|  |TAMS 0x0000000089000000, 0x0000000089000000| Untracked 
|  67|0x0000000089100000, 0x0000000089100000, 0x0000000089200000|  0%| F|  |TAMS 0x0000000089100000, 0x0000000089100000| Untracked 
|  68|0x0000000089200000, 0x0000000089200000, 0x0000000089300000|  0%| F|  |TAMS 0x0000000089200000, 0x0000000089200000| Untracked 
|  69|0x0000000089300000, 0x0000000089300000, 0x0000000089400000|  0%| F|  |TAMS 0x0000000089300000, 0x0000000089300000| Untracked 
|  70|0x0000000089400000, 0x0000000089400000, 0x0000000089500000|  0%| F|  |TAMS 0x0000000089400000, 0x0000000089400000| Untracked 
|  71|0x0000000089500000, 0x0000000089500000, 0x0000000089600000|  0%| F|  |TAMS 0x0000000089500000, 0x0000000089500000| Untracked 
|  72|0x0000000089600000, 0x0000000089600000, 0x0000000089700000|  0%| F|  |TAMS 0x0000000089600000, 0x0000000089600000| Untracked 
|  73|0x0000000089700000, 0x0000000089700000, 0x0000000089800000|  0%| F|  |TAMS 0x0000000089700000, 0x0000000089700000| Untracked 
|  74|0x0000000089800000, 0x0000000089800000, 0x0000000089900000|  0%| F|  |TAMS 0x0000000089800000, 0x0000000089800000| Untracked 
|  75|0x0000000089900000, 0x0000000089900000, 0x0000000089a00000|  0%| F|  |TAMS 0x0000000089900000, 0x0000000089900000| Untracked 
|  76|0x0000000089a00000, 0x0000000089a00000, 0x0000000089b00000|  0%| F|  |TAMS 0x0000000089a00000, 0x0000000089a00000| Untracked 
|  77|0x0000000089b00000, 0x0000000089b00000, 0x0000000089c00000|  0%| F|  |TAMS 0x0000000089b00000, 0x0000000089b00000| Untracked 
|  78|0x0000000089c00000, 0x0000000089c00000, 0x0000000089d00000|  0%| F|  |TAMS 0x0000000089c00000, 0x0000000089c00000| Untracked 
|  79|0x0000000089d00000, 0x0000000089d00000, 0x0000000089e00000|  0%| F|  |TAMS 0x0000000089d00000, 0x0000000089d00000| Untracked 
|  80|0x0000000089e00000, 0x0000000089e00000, 0x0000000089f00000|  0%| F|  |TAMS 0x0000000089e00000, 0x0000000089e00000| Untracked 
|  81|0x0000000089f00000, 0x0000000089f00000, 0x000000008a000000|  0%| F|  |TAMS 0x0000000089f00000, 0x0000000089f00000| Untracked 
|  82|0x000000008a000000, 0x000000008a000000, 0x000000008a100000|  0%| F|  |TAMS 0x000000008a000000, 0x000000008a000000| Untracked 
|  83|0x000000008a100000, 0x000000008a100000, 0x000000008a200000|  0%| F|  |TAMS 0x000000008a100000, 0x000000008a100000| Untracked 
|  84|0x000000008a200000, 0x000000008a200000, 0x000000008a300000|  0%| F|  |TAMS 0x000000008a200000, 0x000000008a200000| Untracked 
|  85|0x000000008a300000, 0x000000008a300000, 0x000000008a400000|  0%| F|  |TAMS 0x000000008a300000, 0x000000008a300000| Untracked 
|  86|0x000000008a400000, 0x000000008a400000, 0x000000008a500000|  0%| F|  |TAMS 0x000000008a400000, 0x000000008a400000| Untracked 
|  87|0x000000008a500000, 0x000000008a500000, 0x000000008a600000|  0%| F|  |TAMS 0x000000008a500000, 0x000000008a500000| Untracked 
|  88|0x000000008a600000, 0x000000008a600000, 0x000000008a700000|  0%| F|  |TAMS 0x000000008a600000, 0x000000008a600000| Untracked 
|  89|0x000000008a700000, 0x000000008a700000, 0x000000008a800000|  0%| F|  |TAMS 0x000000008a700000, 0x000000008a700000| Untracked 
|  90|0x000000008a800000, 0x000000008a800000, 0x000000008a900000|  0%| F|  |TAMS 0x000000008a800000, 0x000000008a800000| Untracked 
|  91|0x000000008a900000, 0x000000008a900000, 0x000000008aa00000|  0%| F|  |TAMS 0x000000008a900000, 0x000000008a900000| Untracked 
|  92|0x000000008aa00000, 0x000000008aa00000, 0x000000008ab00000|  0%| F|  |TAMS 0x000000008aa00000, 0x000000008aa00000| Untracked 
|  93|0x000000008ab00000, 0x000000008ab00000, 0x000000008ac00000|  0%| F|  |TAMS 0x000000008ab00000, 0x000000008ab00000| Untracked 
|  94|0x000000008ac00000, 0x000000008ac00000, 0x000000008ad00000|  0%| F|  |TAMS 0x000000008ac00000, 0x000000008ac00000| Untracked 
|  95|0x000000008ad00000, 0x000000008ad00000, 0x000000008ae00000|  0%| F|  |TAMS 0x000000008ad00000, 0x000000008ad00000| Untracked 
|  96|0x000000008ae00000, 0x000000008ae00000, 0x000000008af00000|  0%| F|  |TAMS 0x000000008ae00000, 0x000000008ae00000| Untracked 
|  97|0x000000008af00000, 0x000000008af00000, 0x000000008b000000|  0%| F|  |TAMS 0x000000008af00000, 0x000000008af00000| Untracked 
|  98|0x000000008b000000, 0x000000008b000000, 0x000000008b100000|  0%| F|  |TAMS 0x000000008b000000, 0x000000008b000000| Untracked 
|  99|0x000000008b100000, 0x000000008b100000, 0x000000008b200000|  0%| F|  |TAMS 0x000000008b100000, 0x000000008b100000| Untracked 
| 100|0x000000008b200000, 0x000000008b200000, 0x000000008b300000|  0%| F|  |TAMS 0x000000008b200000, 0x000000008b200000| Untracked 
| 101|0x000000008b300000, 0x000000008b300000, 0x000000008b400000|  0%| F|  |TAMS 0x000000008b300000, 0x000000008b300000| Untracked 
| 102|0x000000008b400000, 0x000000008b400000, 0x000000008b500000|  0%| F|  |TAMS 0x000000008b400000, 0x000000008b400000| Untracked 
| 103|0x000000008b500000, 0x000000008b500000, 0x000000008b600000|  0%| F|  |TAMS 0x000000008b500000, 0x000000008b500000| Untracked 
| 104|0x000000008b600000, 0x000000008b600000, 0x000000008b700000|  0%| F|  |TAMS 0x000000008b600000, 0x000000008b600000| Untracked 
| 105|0x000000008b700000, 0x000000008b700000, 0x000000008b800000|  0%| F|  |TAMS 0x000000008b700000, 0x000000008b700000| Untracked 
| 106|0x000000008b800000, 0x000000008b800000, 0x000000008b900000|  0%| F|  |TAMS 0x000000008b800000, 0x000000008b800000| Untracked 
| 107|0x000000008b900000, 0x000000008b900000, 0x000000008ba00000|  0%| F|  |TAMS 0x000000008b900000, 0x000000008b900000| Untracked 
| 108|0x000000008ba00000, 0x000000008ba00000, 0x000000008bb00000|  0%| F|  |TAMS 0x000000008ba00000, 0x000000008ba00000| Untracked 
| 109|0x000000008bb00000, 0x000000008bb00000, 0x000000008bc00000|  0%| F|  |TAMS 0x000000008bb00000, 0x000000008bb00000| Untracked 
| 110|0x000000008bc00000, 0x000000008bc00000, 0x000000008bd00000|  0%| F|  |TAMS 0x000000008bc00000, 0x000000008bc00000| Untracked 
| 111|0x000000008bd00000, 0x000000008bd00000, 0x000000008be00000|  0%| F|  |TAMS 0x000000008bd00000, 0x000000008bd00000| Untracked 
| 112|0x000000008be00000, 0x000000008be00000, 0x000000008bf00000|  0%| F|  |TAMS 0x000000008be00000, 0x000000008be00000| Untracked 
| 113|0x000000008bf00000, 0x000000008bf00000, 0x000000008c000000|  0%| F|  |TAMS 0x000000008bf00000, 0x000000008bf00000| Untracked 
| 114|0x000000008c000000, 0x000000008c000000, 0x000000008c100000|  0%| F|  |TAMS 0x000000008c000000, 0x000000008c000000| Untracked 
| 115|0x000000008c100000, 0x000000008c100000, 0x000000008c200000|  0%| F|  |TAMS 0x000000008c100000, 0x000000008c100000| Untracked 
| 116|0x000000008c200000, 0x000000008c200000, 0x000000008c300000|  0%| F|  |TAMS 0x000000008c200000, 0x000000008c200000| Untracked 
| 117|0x000000008c300000, 0x000000008c300000, 0x000000008c400000|  0%| F|  |TAMS 0x000000008c300000, 0x000000008c300000| Untracked 
| 118|0x000000008c400000, 0x000000008c400000, 0x000000008c500000|  0%| F|  |TAMS 0x000000008c400000, 0x000000008c400000| Untracked 
| 119|0x000000008c500000, 0x000000008c500000, 0x000000008c600000|  0%| F|  |TAMS 0x000000008c500000, 0x000000008c500000| Untracked 
| 120|0x000000008c600000, 0x000000008c600000, 0x000000008c700000|  0%| F|  |TAMS 0x000000008c600000, 0x000000008c600000| Untracked 
| 121|0x000000008c700000, 0x000000008c700000, 0x000000008c800000|  0%| F|  |TAMS 0x000000008c700000, 0x000000008c700000| Untracked 
| 122|0x000000008c800000, 0x000000008c800000, 0x000000008c900000|  0%| F|  |TAMS 0x000000008c800000, 0x000000008c800000| Untracked 
| 123|0x000000008c900000, 0x000000008c900000, 0x000000008ca00000|  0%| F|  |TAMS 0x000000008c900000, 0x000000008c900000| Untracked 
| 124|0x000000008ca00000, 0x000000008ca00000, 0x000000008cb00000|  0%| F|  |TAMS 0x000000008ca00000, 0x000000008ca00000| Untracked 
| 125|0x000000008cb00000, 0x000000008cb00000, 0x000000008cc00000|  0%| F|  |TAMS 0x000000008cb00000, 0x000000008cb00000| Untracked 
| 126|0x000000008cc00000, 0x000000008cc00000, 0x000000008cd00000|  0%| F|  |TAMS 0x000000008cc00000, 0x000000008cc00000| Untracked 
| 127|0x000000008cd00000, 0x000000008cd00000, 0x000000008ce00000|  0%| F|  |TAMS 0x000000008cd00000, 0x000000008cd00000| Untracked 
| 128|0x000000008ce00000, 0x000000008ce00000, 0x000000008cf00000|  0%| F|  |TAMS 0x000000008ce00000, 0x000000008ce00000| Untracked 
| 129|0x000000008cf00000, 0x000000008cf00000, 0x000000008d000000|  0%| F|  |TAMS 0x000000008cf00000, 0x000000008cf00000| Untracked 
| 130|0x000000008d000000, 0x000000008d000000, 0x000000008d100000|  0%| F|  |TAMS 0x000000008d000000, 0x000000008d000000| Untracked 
| 131|0x000000008d100000, 0x000000008d100000, 0x000000008d200000|  0%| F|  |TAMS 0x000000008d100000, 0x000000008d100000| Untracked 
| 132|0x000000008d200000, 0x000000008d200000, 0x000000008d300000|  0%| F|  |TAMS 0x000000008d200000, 0x000000008d200000| Untracked 
| 133|0x000000008d300000, 0x000000008d300000, 0x000000008d400000|  0%| F|  |TAMS 0x000000008d300000, 0x000000008d300000| Untracked 
| 134|0x000000008d400000, 0x000000008d400000, 0x000000008d500000|  0%| F|  |TAMS 0x000000008d400000, 0x000000008d400000| Untracked 
| 135|0x000000008d500000, 0x000000008d500000, 0x000000008d600000|  0%| F|  |TAMS 0x000000008d500000, 0x000000008d500000| Untracked 
| 136|0x000000008d600000, 0x000000008d600000, 0x000000008d700000|  0%| F|  |TAMS 0x000000008d600000, 0x000000008d600000| Untracked 
| 137|0x000000008d700000, 0x000000008d700000, 0x000000008d800000|  0%| F|  |TAMS 0x000000008d700000, 0x000000008d700000| Untracked 
| 138|0x000000008d800000, 0x000000008d800000, 0x000000008d900000|  0%| F|  |TAMS 0x000000008d800000, 0x000000008d800000| Untracked 
| 139|0x000000008d900000, 0x000000008d900000, 0x000000008da00000|  0%| F|  |TAMS 0x000000008d900000, 0x000000008d900000| Untracked 
| 140|0x000000008da00000, 0x000000008da00000, 0x000000008db00000|  0%| F|  |TAMS 0x000000008da00000, 0x000000008da00000| Untracked 
| 141|0x000000008db00000, 0x000000008db00000, 0x000000008dc00000|  0%| F|  |TAMS 0x000000008db00000, 0x000000008db00000| Untracked 
| 142|0x000000008dc00000, 0x000000008dc00000, 0x000000008dd00000|  0%| F|  |TAMS 0x000000008dc00000, 0x000000008dc00000| Untracked 
| 143|0x000000008dd00000, 0x000000008dd00000, 0x000000008de00000|  0%| F|  |TAMS 0x000000008dd00000, 0x000000008dd00000| Untracked 
| 144|0x000000008de00000, 0x000000008de00000, 0x000000008df00000|  0%| F|  |TAMS 0x000000008de00000, 0x000000008de00000| Untracked 
| 145|0x000000008df00000, 0x000000008df00000, 0x000000008e000000|  0%| F|  |TAMS 0x000000008df00000, 0x000000008df00000| Untracked 
| 146|0x000000008e000000, 0x000000008e000000, 0x000000008e100000|  0%| F|  |TAMS 0x000000008e000000, 0x000000008e000000| Untracked 
| 147|0x000000008e100000, 0x000000008e100000, 0x000000008e200000|  0%| F|  |TAMS 0x000000008e100000, 0x000000008e100000| Untracked 
| 148|0x000000008e200000, 0x000000008e200000, 0x000000008e300000|  0%| F|  |TAMS 0x000000008e200000, 0x000000008e200000| Untracked 
| 149|0x000000008e300000, 0x000000008e300000, 0x000000008e400000|  0%| F|  |TAMS 0x000000008e300000, 0x000000008e300000| Untracked 
| 150|0x000000008e400000, 0x000000008e400000, 0x000000008e500000|  0%| F|  |TAMS 0x000000008e400000, 0x000000008e400000| Untracked 
| 151|0x000000008e500000, 0x000000008e500000, 0x000000008e600000|  0%| F|  |TAMS 0x000000008e500000, 0x000000008e500000| Untracked 
| 152|0x000000008e600000, 0x000000008e600000, 0x000000008e700000|  0%| F|  |TAMS 0x000000008e600000, 0x000000008e600000| Untracked 
| 153|0x000000008e700000, 0x000000008e700000, 0x000000008e800000|  0%| F|  |TAMS 0x000000008e700000, 0x000000008e700000| Untracked 
| 154|0x000000008e800000, 0x000000008e800000, 0x000000008e900000|  0%| F|  |TAMS 0x000000008e800000, 0x000000008e800000| Untracked 
| 155|0x000000008e900000, 0x000000008e900000, 0x000000008ea00000|  0%| F|  |TAMS 0x000000008e900000, 0x000000008e900000| Untracked 
| 156|0x000000008ea00000, 0x000000008ea00000, 0x000000008eb00000|  0%| F|  |TAMS 0x000000008ea00000, 0x000000008ea00000| Untracked 
| 157|0x000000008eb00000, 0x000000008eb00000, 0x000000008ec00000|  0%| F|  |TAMS 0x000000008eb00000, 0x000000008eb00000| Untracked 
| 158|0x000000008ec00000, 0x000000008ec00000, 0x000000008ed00000|  0%| F|  |TAMS 0x000000008ec00000, 0x000000008ec00000| Untracked 
| 159|0x000000008ed00000, 0x000000008ed00000, 0x000000008ee00000|  0%| F|  |TAMS 0x000000008ed00000, 0x000000008ed00000| Untracked 
| 160|0x000000008ee00000, 0x000000008ee00000, 0x000000008ef00000|  0%| F|  |TAMS 0x000000008ee00000, 0x000000008ee00000| Untracked 
| 161|0x000000008ef00000, 0x000000008ef00000, 0x000000008f000000|  0%| F|  |TAMS 0x000000008ef00000, 0x000000008ef00000| Untracked 
| 162|0x000000008f000000, 0x000000008f000000, 0x000000008f100000|  0%| F|  |TAMS 0x000000008f000000, 0x000000008f000000| Untracked 
| 163|0x000000008f100000, 0x000000008f100000, 0x000000008f200000|  0%| F|  |TAMS 0x000000008f100000, 0x000000008f100000| Untracked 
| 164|0x000000008f200000, 0x000000008f200000, 0x000000008f300000|  0%| F|  |TAMS 0x000000008f200000, 0x000000008f200000| Untracked 
| 165|0x000000008f300000, 0x000000008f300000, 0x000000008f400000|  0%| F|  |TAMS 0x000000008f300000, 0x000000008f300000| Untracked 
| 166|0x000000008f400000, 0x000000008f400000, 0x000000008f500000|  0%| F|  |TAMS 0x000000008f400000, 0x000000008f400000| Untracked 
| 167|0x000000008f500000, 0x000000008f500000, 0x000000008f600000|  0%| F|  |TAMS 0x000000008f500000, 0x000000008f500000| Untracked 
| 168|0x000000008f600000, 0x000000008f600000, 0x000000008f700000|  0%| F|  |TAMS 0x000000008f600000, 0x000000008f600000| Untracked 
| 169|0x000000008f700000, 0x000000008f700000, 0x000000008f800000|  0%| F|  |TAMS 0x000000008f700000, 0x000000008f700000| Untracked 
| 170|0x000000008f800000, 0x000000008f800000, 0x000000008f900000|  0%| F|  |TAMS 0x000000008f800000, 0x000000008f800000| Untracked 
| 171|0x000000008f900000, 0x000000008f900000, 0x000000008fa00000|  0%| F|  |TAMS 0x000000008f900000, 0x000000008f900000| Untracked 
| 172|0x000000008fa00000, 0x000000008fa00000, 0x000000008fb00000|  0%| F|  |TAMS 0x000000008fa00000, 0x000000008fa00000| Untracked 
| 173|0x000000008fb00000, 0x000000008fb00000, 0x000000008fc00000|  0%| F|  |TAMS 0x000000008fb00000, 0x000000008fb00000| Untracked 
| 174|0x000000008fc00000, 0x000000008fc00000, 0x000000008fd00000|  0%| F|  |TAMS 0x000000008fc00000, 0x000000008fc00000| Untracked 
| 175|0x000000008fd00000, 0x000000008fd00000, 0x000000008fe00000|  0%| F|  |TAMS 0x000000008fd00000, 0x000000008fd00000| Untracked 
| 176|0x000000008fe00000, 0x000000008fe00000, 0x000000008ff00000|  0%| F|  |TAMS 0x000000008fe00000, 0x000000008fe00000| Untracked 
| 177|0x000000008ff00000, 0x000000008ff00000, 0x0000000090000000|  0%| F|  |TAMS 0x000000008ff00000, 0x000000008ff00000| Untracked 
| 178|0x0000000090000000, 0x0000000090000000, 0x0000000090100000|  0%| F|  |TAMS 0x0000000090000000, 0x0000000090000000| Untracked 
| 179|0x0000000090100000, 0x0000000090100000, 0x0000000090200000|  0%| F|  |TAMS 0x0000000090100000, 0x0000000090100000| Untracked 
| 180|0x0000000090200000, 0x0000000090200000, 0x0000000090300000|  0%| F|  |TAMS 0x0000000090200000, 0x0000000090200000| Untracked 
| 181|0x0000000090300000, 0x0000000090300000, 0x0000000090400000|  0%| F|  |TAMS 0x0000000090300000, 0x0000000090300000| Untracked 
| 182|0x0000000090400000, 0x0000000090400000, 0x0000000090500000|  0%| F|  |TAMS 0x0000000090400000, 0x0000000090400000| Untracked 
| 183|0x0000000090500000, 0x0000000090500000, 0x0000000090600000|  0%| F|  |TAMS 0x0000000090500000, 0x0000000090500000| Untracked 
| 184|0x0000000090600000, 0x0000000090600000, 0x0000000090700000|  0%| F|  |TAMS 0x0000000090600000, 0x0000000090600000| Untracked 
| 185|0x0000000090700000, 0x0000000090700000, 0x0000000090800000|  0%| F|  |TAMS 0x0000000090700000, 0x0000000090700000| Untracked 
| 186|0x0000000090800000, 0x0000000090800000, 0x0000000090900000|  0%| F|  |TAMS 0x0000000090800000, 0x0000000090800000| Untracked 
| 187|0x0000000090900000, 0x0000000090900000, 0x0000000090a00000|  0%| F|  |TAMS 0x0000000090900000, 0x0000000090900000| Untracked 
| 188|0x0000000090a00000, 0x0000000090a00000, 0x0000000090b00000|  0%| F|  |TAMS 0x0000000090a00000, 0x0000000090a00000| Untracked 
| 189|0x0000000090b00000, 0x0000000090b00000, 0x0000000090c00000|  0%| F|  |TAMS 0x0000000090b00000, 0x0000000090b00000| Untracked 
| 190|0x0000000090c00000, 0x0000000090c00000, 0x0000000090d00000|  0%| F|  |TAMS 0x0000000090c00000, 0x0000000090c00000| Untracked 
| 191|0x0000000090d00000, 0x0000000090d00000, 0x0000000090e00000|  0%| F|  |TAMS 0x0000000090d00000, 0x0000000090d00000| Untracked 
| 192|0x0000000090e00000, 0x0000000090e00000, 0x0000000090f00000|  0%| F|  |TAMS 0x0000000090e00000, 0x0000000090e00000| Untracked 
| 193|0x0000000090f00000, 0x0000000090f00000, 0x0000000091000000|  0%| F|  |TAMS 0x0000000090f00000, 0x0000000090f00000| Untracked 
| 194|0x0000000091000000, 0x0000000091000000, 0x0000000091100000|  0%| F|  |TAMS 0x0000000091000000, 0x0000000091000000| Untracked 
| 195|0x0000000091100000, 0x0000000091100000, 0x0000000091200000|  0%| F|  |TAMS 0x0000000091100000, 0x0000000091100000| Untracked 
| 196|0x0000000091200000, 0x0000000091200000, 0x0000000091300000|  0%| F|  |TAMS 0x0000000091200000, 0x0000000091200000| Untracked 
| 197|0x0000000091300000, 0x0000000091300000, 0x0000000091400000|  0%| F|  |TAMS 0x0000000091300000, 0x0000000091300000| Untracked 
| 198|0x0000000091400000, 0x0000000091400000, 0x0000000091500000|  0%| F|  |TAMS 0x0000000091400000, 0x0000000091400000| Untracked 
| 199|0x0000000091500000, 0x0000000091500000, 0x0000000091600000|  0%| F|  |TAMS 0x0000000091500000, 0x0000000091500000| Untracked 
| 200|0x0000000091600000, 0x0000000091600000, 0x0000000091700000|  0%| F|  |TAMS 0x0000000091600000, 0x0000000091600000| Untracked 
| 201|0x0000000091700000, 0x0000000091700000, 0x0000000091800000|  0%| F|  |TAMS 0x0000000091700000, 0x0000000091700000| Untracked 
| 202|0x0000000091800000, 0x0000000091800000, 0x0000000091900000|  0%| F|  |TAMS 0x0000000091800000, 0x0000000091800000| Untracked 
| 203|0x0000000091900000, 0x0000000091900000, 0x0000000091a00000|  0%| F|  |TAMS 0x0000000091900000, 0x0000000091900000| Untracked 
| 204|0x0000000091a00000, 0x0000000091a00000, 0x0000000091b00000|  0%| F|  |TAMS 0x0000000091a00000, 0x0000000091a00000| Untracked 
| 205|0x0000000091b00000, 0x0000000091b00000, 0x0000000091c00000|  0%| F|  |TAMS 0x0000000091b00000, 0x0000000091b00000| Untracked 
| 206|0x0000000091c00000, 0x0000000091c00000, 0x0000000091d00000|  0%| F|  |TAMS 0x0000000091c00000, 0x0000000091c00000| Untracked 
| 207|0x0000000091d00000, 0x0000000091d00000, 0x0000000091e00000|  0%| F|  |TAMS 0x0000000091d00000, 0x0000000091d00000| Untracked 
| 208|0x0000000091e00000, 0x0000000091e00000, 0x0000000091f00000|  0%| F|  |TAMS 0x0000000091e00000, 0x0000000091e00000| Untracked 
| 209|0x0000000091f00000, 0x0000000091f00000, 0x0000000092000000|  0%| F|  |TAMS 0x0000000091f00000, 0x0000000091f00000| Untracked 
| 210|0x0000000092000000, 0x0000000092000000, 0x0000000092100000|  0%| F|  |TAMS 0x0000000092000000, 0x0000000092000000| Untracked 
| 211|0x0000000092100000, 0x0000000092100000, 0x0000000092200000|  0%| F|  |TAMS 0x0000000092100000, 0x0000000092100000| Untracked 
| 212|0x0000000092200000, 0x0000000092200000, 0x0000000092300000|  0%| F|  |TAMS 0x0000000092200000, 0x0000000092200000| Untracked 
| 213|0x0000000092300000, 0x0000000092300000, 0x0000000092400000|  0%| F|  |TAMS 0x0000000092300000, 0x0000000092300000| Untracked 
| 214|0x0000000092400000, 0x0000000092400000, 0x0000000092500000|  0%| F|  |TAMS 0x0000000092400000, 0x0000000092400000| Untracked 
| 215|0x0000000092500000, 0x0000000092500000, 0x0000000092600000|  0%| F|  |TAMS 0x0000000092500000, 0x0000000092500000| Untracked 
| 216|0x0000000092600000, 0x0000000092600000, 0x0000000092700000|  0%| F|  |TAMS 0x0000000092600000, 0x0000000092600000| Untracked 
| 217|0x0000000092700000, 0x0000000092700000, 0x0000000092800000|  0%| F|  |TAMS 0x0000000092700000, 0x0000000092700000| Untracked 
| 218|0x0000000092800000, 0x0000000092800000, 0x0000000092900000|  0%| F|  |TAMS 0x0000000092800000, 0x0000000092800000| Untracked 
| 219|0x0000000092900000, 0x0000000092900000, 0x0000000092a00000|  0%| F|  |TAMS 0x0000000092900000, 0x0000000092900000| Untracked 
| 220|0x0000000092a00000, 0x0000000092a00000, 0x0000000092b00000|  0%| F|  |TAMS 0x0000000092a00000, 0x0000000092a00000| Untracked 
| 221|0x0000000092b00000, 0x0000000092b00000, 0x0000000092c00000|  0%| F|  |TAMS 0x0000000092b00000, 0x0000000092b00000| Untracked 
| 222|0x0000000092c00000, 0x0000000092c00000, 0x0000000092d00000|  0%| F|  |TAMS 0x0000000092c00000, 0x0000000092c00000| Untracked 
| 223|0x0000000092d00000, 0x0000000092d00000, 0x0000000092e00000|  0%| F|  |TAMS 0x0000000092d00000, 0x0000000092d00000| Untracked 
| 224|0x0000000092e00000, 0x0000000092e00000, 0x0000000092f00000|  0%| F|  |TAMS 0x0000000092e00000, 0x0000000092e00000| Untracked 
| 225|0x0000000092f00000, 0x0000000092f00000, 0x0000000093000000|  0%| F|  |TAMS 0x0000000092f00000, 0x0000000092f00000| Untracked 
| 226|0x0000000093000000, 0x0000000093000000, 0x0000000093100000|  0%| F|  |TAMS 0x0000000093000000, 0x0000000093000000| Untracked 
| 227|0x0000000093100000, 0x0000000093100000, 0x0000000093200000|  0%| F|  |TAMS 0x0000000093100000, 0x0000000093100000| Untracked 
| 228|0x0000000093200000, 0x0000000093200000, 0x0000000093300000|  0%| F|  |TAMS 0x0000000093200000, 0x0000000093200000| Untracked 
| 229|0x0000000093300000, 0x0000000093300000, 0x0000000093400000|  0%| F|  |TAMS 0x0000000093300000, 0x0000000093300000| Untracked 
| 230|0x0000000093400000, 0x0000000093400000, 0x0000000093500000|  0%| F|  |TAMS 0x0000000093400000, 0x0000000093400000| Untracked 
| 231|0x0000000093500000, 0x0000000093500000, 0x0000000093600000|  0%| F|  |TAMS 0x0000000093500000, 0x0000000093500000| Untracked 
| 232|0x0000000093600000, 0x0000000093600000, 0x0000000093700000|  0%| F|  |TAMS 0x0000000093600000, 0x0000000093600000| Untracked 
| 233|0x0000000093700000, 0x0000000093700000, 0x0000000093800000|  0%| F|  |TAMS 0x0000000093700000, 0x0000000093700000| Untracked 
| 234|0x0000000093800000, 0x0000000093800000, 0x0000000093900000|  0%| F|  |TAMS 0x0000000093800000, 0x0000000093800000| Untracked 
| 235|0x0000000093900000, 0x0000000093900000, 0x0000000093a00000|  0%| F|  |TAMS 0x0000000093900000, 0x0000000093900000| Untracked 
| 236|0x0000000093a00000, 0x0000000093a00000, 0x0000000093b00000|  0%| F|  |TAMS 0x0000000093a00000, 0x0000000093a00000| Untracked 
| 237|0x0000000093b00000, 0x0000000093b00000, 0x0000000093c00000|  0%| F|  |TAMS 0x0000000093b00000, 0x0000000093b00000| Untracked 
| 238|0x0000000093c00000, 0x0000000093c00000, 0x0000000093d00000|  0%| F|  |TAMS 0x0000000093c00000, 0x0000000093c00000| Untracked 
| 239|0x0000000093d00000, 0x0000000093d00000, 0x0000000093e00000|  0%| F|  |TAMS 0x0000000093d00000, 0x0000000093d00000| Untracked 
| 240|0x0000000093e00000, 0x0000000093e00000, 0x0000000093f00000|  0%| F|  |TAMS 0x0000000093e00000, 0x0000000093e00000| Untracked 
| 241|0x0000000093f00000, 0x0000000093f00000, 0x0000000094000000|  0%| F|  |TAMS 0x0000000093f00000, 0x0000000093f00000| Untracked 
| 242|0x0000000094000000, 0x0000000094000000, 0x0000000094100000|  0%| F|  |TAMS 0x0000000094000000, 0x0000000094000000| Untracked 
| 243|0x0000000094100000, 0x0000000094100000, 0x0000000094200000|  0%| F|  |TAMS 0x0000000094100000, 0x0000000094100000| Untracked 
| 244|0x0000000094200000, 0x0000000094200000, 0x0000000094300000|  0%| F|  |TAMS 0x0000000094200000, 0x0000000094200000| Untracked 
| 245|0x0000000094300000, 0x0000000094300000, 0x0000000094400000|  0%| F|  |TAMS 0x0000000094300000, 0x0000000094300000| Untracked 
| 246|0x0000000094400000, 0x0000000094400000, 0x0000000094500000|  0%| F|  |TAMS 0x0000000094400000, 0x0000000094400000| Untracked 
| 247|0x0000000094500000, 0x0000000094500000, 0x0000000094600000|  0%| F|  |TAMS 0x0000000094500000, 0x0000000094500000| Untracked 
| 248|0x0000000094600000, 0x0000000094600000, 0x0000000094700000|  0%| F|  |TAMS 0x0000000094600000, 0x0000000094600000| Untracked 
| 249|0x0000000094700000, 0x0000000094700000, 0x0000000094800000|  0%| F|  |TAMS 0x0000000094700000, 0x0000000094700000| Untracked 
| 250|0x0000000094800000, 0x0000000094800000, 0x0000000094900000|  0%| F|  |TAMS 0x0000000094800000, 0x0000000094800000| Untracked 
| 251|0x0000000094900000, 0x0000000094900000, 0x0000000094a00000|  0%| F|  |TAMS 0x0000000094900000, 0x0000000094900000| Untracked 
| 252|0x0000000094a00000, 0x0000000094a00000, 0x0000000094b00000|  0%| F|  |TAMS 0x0000000094a00000, 0x0000000094a00000| Untracked 
| 253|0x0000000094b00000, 0x0000000094b00000, 0x0000000094c00000|  0%| F|  |TAMS 0x0000000094b00000, 0x0000000094b00000| Untracked 
|1968|0x00000000ffe00000, 0x00000000ffe35000, 0x00000000fff00000| 20%|OA|  |TAMS 0x00000000ffe00000, 0x00000000ffe00000| Untracked 
|1969|0x00000000fff00000, 0x00000000fff6a000, 0x0000000100000000| 41%|CA|  |TAMS 0x00000000fff00000, 0x00000000fff00000| Untracked 

Card table byte_map: [0x00007f160784e000,0x00007f1607c27000] _byte_map_base: 0x00007f1607427000

Marking Bits (Prev, Next): (CMBitMap*) 0x00007f16240507f8, (CMBitMap*) 0x00007f1624050830
 Prev Bits: [0x00007f16055ad000, 0x00007f1607475000)
 Next Bits: [0x00007f16036e5000, 0x00007f16055ad000)

Polling page: 0x00007f162bd5f000

Metaspace:

Usage:
  Non-class:      4.00 MB capacity,   171.04 KB (  4%) used,     3.84 MB ( 96%) free+waste,   128 bytes ( <1%) overhead. 
      Class:    386.00 KB capacity,     6.66 KB (  2%) used,   379.22 KB ( 98%) free+waste,   128 bytes ( <1%) overhead. 
       Both:      4.38 MB capacity,   177.70 KB (  4%) used,     4.21 MB ( 96%) free+waste,   256 bytes ( <1%) overhead. 

Virtual space:
  Non-class space:        8.00 MB reserved,       4.25 MB ( 53%) committed 
      Class space:        1.00 GB reserved,     512.00 KB ( <1%) committed 
             Both:        1.01 GB reserved,       4.75 MB ( <1%) committed 

Chunk freelists:
   Non-Class:  0 bytes
       Class:  0 bytes
        Both:  0 bytes

CodeHeap 'non-profiled nmethods': size=120032Kb used=25Kb max_used=25Kb free=120006Kb
 bounds [0x00007f1614240000, 0x00007f16144b0000, 0x00007f161b778000]
CodeHeap 'profiled nmethods': size=120032Kb used=95Kb max_used=95Kb free=119936Kb
 bounds [0x00007f160cd08000, 0x00007f160cf78000, 0x00007f1614240000]
CodeHeap 'non-nmethods': size=5696Kb used=997Kb max_used=1009Kb free=4698Kb
 bounds [0x00007f160c778000, 0x00007f160c9e8000, 0x00007f160cd08000]
 total_blobs=384 nmethods=74 adapters=168
 compilation: enabled
              stopped_count=0, restarted_count=0
 full_count=0

Compilation events (10 events):
Event: 0.064 Thread 0x00007f1624113800   69       3       java.lang.StringLatin1::canEncode (13 bytes)
Event: 0.064 Thread 0x00007f1624113800 nmethod 69 0x00007f160cd1e690 code [0x00007f160cd1e840, 0x00007f160cd1e9d0]
Event: 0.068 Thread 0x00007f1624113800   71 %     3       uniqueDigits::countNumbersWithUniqueDigits @ 77 (124 bytes)
Event: 0.068 Thread 0x00007f1624113800 nmethod 71% 0x00007f160cd1ea90 code [0x00007f160cd1eca0, 0x00007f160cd1f2d0]
Event: 0.068 Thread 0x00007f1624113800   72       3       uniqueDigits::countNumbersWithUniqueDigits (124 bytes)
Event: 0.069 Thread 0x00007f1624113800 nmethod 72 0x00007f160cd1f510 code [0x00007f160cd1f720, 0x00007f160cd1fcd0]
Event: 0.069 Thread 0x00007f1624111800   73 %     4       uniqueDigits::countNumbersWithUniqueDigits @ 77 (124 bytes)
Event: 0.099 Thread 0x00007f1624111800 nmethod 73% 0x00007f1614245690 code [0x00007f1614245840, 0x00007f1614245bd8]
Event: 0.099 Thread 0x00007f1624111800   74 %     4       uniqueDigits::countNumbersWithUniqueDigits @ 32 (124 bytes)
Event: 0.112 Thread 0x00007f1624111800 nmethod 74% 0x00007f1614245e90 code [0x00007f1614246040, 0x00007f16142463d8]

GC Heap History (10 events):
Event: 2.547 GC heap after
{Heap after GC invocations=11 (full 0):
 garbage-first heap   total 262144K, used 994K [0x0000000084e00000, 0x0000000100000000)
  region size 1024K, 1 young (1024K), 1 survivors (1024K)
 Metaspace       used 177K, capacity 4486K, committed 4864K, reserved 1056768K
  class space    used 6K, capacity 386K, committed 512K, reserved 1048576K
}
Event: 2.604 GC heap before
{Heap before GC invocations=11 (full 0):
 garbage-first heap   total 262144K, used 156642K [0x0000000084e00000, 0x0000000100000000)
  region size 1024K, 153 young (156672K), 1 survivors (1024K)
 Metaspace       used 177K, capacity 4486K, committed 4864K, reserved 1056768K
  class space    used 6K, capacity 386K, committed 512K, reserved 1048576K
}
Event: 2.607 GC heap after
{Heap after GC invocations=12 (full 0):
 garbage-first heap   total 262144K, used 976K [0x0000000084e00000, 0x0000000100000000)
  region size 1024K, 1 young (1024K), 1 survivors (1024K)
 Metaspace       used 177K, capacity 4486K, committed 4864K, reserved 1056768K
  class space    used 6K, capacity 386K, committed 512K, reserved 1048576K
}
Event: 2.664 GC heap before
{Heap before GC invocations=12 (full 0):
 garbage-first heap   total 262144K, used 156624K [0x0000000084e00000, 0x0000000100000000)
  region size 1024K, 153 young (156672K), 1 survivors (1024K)
 Metaspace       used 177K, capacity 4486K, committed 4864K, reserved 1056768K
  class space    used 6K, capacity 386K, committed 512K, reserved 1048576K
}
Event: 2.667 GC heap after
{Heap after GC invocations=13 (full 0):
 garbage-first heap   total 262144K, used 986K [0x0000000084e00000, 0x0000000100000000)
  region size 1024K, 1 young (1024K), 1 survivors (1024K)
 Metaspace       used 177K, capacity 4486K, committed 4864K, reserved 1056768K
  class space    used 6K, capacity 386K, committed 512K, reserved 1048576K
}
Event: 2.724 GC heap before
{Heap before GC invocations=13 (full 0):
 garbage-first heap   total 262144K, used 156634K [0x0000000084e00000, 0x0000000100000000)
  region size 1024K, 153 young (156672K), 1 survivors (1024K)
 Metaspace       used 177K, capacity 4486K, committed 4864K, reserved 1056768K
  class space    used 6K, capacity 386K, committed 512K, reserved 1048576K
}
Event: 2.726 GC heap after
{Heap after GC invocations=14 (full 0):
 garbage-first heap   total 262144K, used 994K [0x0000000084e00000, 0x0000000100000000)
  region size 1024K, 1 young (1024K), 1 survivors (1024K)
 Metaspace       used 177K, capacity 4486K, committed 4864K, reserved 1056768K
  class space    used 6K, capacity 386K, committed 512K, reserved 1048576K
}
Event: 2.782 GC heap before
{Heap before GC invocations=14 (full 0):
 garbage-first heap   total 262144K, used 156642K [0x0000000084e00000, 0x0000000100000000)
  region size 1024K, 153 young (156672K), 1 survivors (1024K)
 Metaspace       used 177K, capacity 4486K, committed 4864K, reserved 1056768K
  class space    used 6K, capacity 386K, committed 512K, reserved 1048576K
}
Event: 2.784 GC heap after
{Heap after GC invocations=15 (full 0):
 garbage-first heap   total 262144K, used 977K [0x0000000084e00000, 0x0000000100000000)
  region size 1024K, 1 young (1024K), 1 survivors (1024K)
 Metaspace       used 177K, capacity 4486K, committed 4864K, reserved 1056768K
  class space    used 6K, capacity 386K, committed 512K, reserved 1048576K
}
Event: 2.841 GC heap before
{Heap before GC invocations=15 (full 0):
 garbage-first heap   total 262144K, used 156625K [0x0000000084e00000, 0x0000000100000000)
  region size 1024K, 153 young (156672K), 1 survivors (1024K)
 Metaspace       used 177K, capacity 4486K, committed 4864K, reserved 1056768K
  class space    used 6K, capacity 386K, committed 512K, reserved 1048576K
}

Deoptimization events (1 events):
Event: 0.061 Thread 0x00007f1624011800 Uncommon trap: reason=unstable_if action=reinterpret pc=0x00007f16142435c8 method=java.lang.String.hashCode()I @ 14 c2

Classes redefined (0 events):
No events

Internal exceptions (0 events):
No events

Events (10 events):
Event: 2.547 Executing VM operation: G1CollectForAllocation done
Event: 2.604 Executing VM operation: G1CollectForAllocation
Event: 2.607 Executing VM operation: G1CollectForAllocation done
Event: 2.664 Executing VM operation: G1CollectForAllocation
Event: 2.667 Executing VM operation: G1CollectForAllocation done
Event: 2.723 Executing VM operation: G1CollectForAllocation
Event: 2.726 Executing VM operation: G1CollectForAllocation done
Event: 2.782 Executing VM operation: G1CollectForAllocation
Event: 2.784 Executing VM operation: G1CollectForAllocation done
Event: 2.841 Executing VM operation: G1CollectForAllocation


Dynamic libraries:
84e00000-94c00000 rw-p 00000000 00:00 0 
aa600000-ffe00000 ---p 00000000 00:00 0 
ffe00000-ffe35000 rw-p 0111e000 08:03 1573651                            /usr/lib/jvm/java-11-openjdk-amd64/lib/server/classes.jsa
ffe35000-fff00000 rw-p 00000000 00:00 0 
fff00000-fff6a000 rw-p 010b4000 08:03 1573651                            /usr/lib/jvm/java-11-openjdk-amd64/lib/server/classes.jsa
fff6a000-100000000 rw-p 00000000 00:00 0 
800000000-800002000 rwxp 00001000 08:03 1573651                          /usr/lib/jvm/java-11-openjdk-amd64/lib/server/classes.jsa
800002000-8003bf000 rw-p 00003000 08:03 1573651                          /usr/lib/jvm/java-11-openjdk-amd64/lib/server/classes.jsa
8003bf000-800a9c000 r--p 003c0000 08:03 1573651                          /usr/lib/jvm/java-11-openjdk-amd64/lib/server/classes.jsa
800a9c000-800a9d000 rw-p 00a9d000 08:03 1573651                          /usr/lib/jvm/java-11-openjdk-amd64/lib/server/classes.jsa
800a9d000-8010b3000 r--p 00a9e000 08:03 1573651                          /usr/lib/jvm/java-11-openjdk-amd64/lib/server/classes.jsa
840000000-840080000 rw-p 00000000 00:00 0 
840080000-880000000 ---p 00000000 00:00 0 
55a2d32a5000-55a2d32a6000 r-xp 00000000 08:03 1440322                    /usr/lib/jvm/java-11-openjdk-amd64/bin/java
55a2d34a6000-55a2d34a7000 r--p 00001000 08:03 1440322                    /usr/lib/jvm/java-11-openjdk-amd64/bin/java
55a2d34a7000-55a2d34a8000 rw-p 00002000 08:03 1440322                    /usr/lib/jvm/java-11-openjdk-amd64/bin/java
55a2d4996000-55a2d49b7000 rw-p 00000000 00:00 0                          [heap]
7f15b4000000-7f15b4021000 rw-p 00000000 00:00 0 
7f15b4021000-7f15b8000000 ---p 00000000 00:00 0 
7f15bc000000-7f15bc021000 rw-p 00000000 00:00 0 
7f15bc021000-7f15c0000000 ---p 00000000 00:00 0 
7f15c0000000-7f15c0021000 rw-p 00000000 00:00 0 
7f15c0021000-7f15c4000000 ---p 00000000 00:00 0 
7f15c4000000-7f15c4021000 rw-p 00000000 00:00 0 
7f15c4021000-7f15c8000000 ---p 00000000 00:00 0 
7f15c8000000-7f15c8021000 rw-p 00000000 00:00 0 
7f15c8021000-7f15cc000000 ---p 00000000 00:00 0 
7f15cc000000-7f15cc021000 rw-p 00000000 00:00 0 
7f15cc021000-7f15d0000000 ---p 00000000 00:00 0 
7f15d0000000-7f15d0021000 rw-p 00000000 00:00 0 
7f15d0021000-7f15d4000000 ---p 00000000 00:00 0 
7f15d4000000-7f15d40a0000 rw-p 00000000 00:00 0 
7f15d40a0000-7f15d8000000 ---p 00000000 00:00 0 
7f15d8000000-7f15d8077000 rw-p 00000000 00:00 0 
7f15d8077000-7f15dc000000 ---p 00000000 00:00 0 
7f15dc000000-7f15dc021000 rw-p 00000000 00:00 0 
7f15dc021000-7f15e0000000 ---p 00000000 00:00 0 
7f15e2bff000-7f15e2c00000 ---p 00000000 00:00 0 
7f15e2c00000-7f15e2d01000 rw-p 00000000 00:00 0 
7f15e2d01000-7f15e2d02000 ---p 00000000 00:00 0 
7f15e2d02000-7f15e2e03000 rw-p 00000000 00:00 0 
7f15e2e03000-7f15e2e04000 ---p 00000000 00:00 0 
7f15e2e04000-7f15e2f05000 rw-p 00000000 00:00 0 
7f15e2f05000-7f15e2f1b000 r-xp 00000000 08:03 1442684                    /usr/lib/jvm/java-11-openjdk-amd64/lib/libnet.so
7f15e2f1b000-7f15e311a000 ---p 00016000 08:03 1442684                    /usr/lib/jvm/java-11-openjdk-amd64/lib/libnet.so
7f15e311a000-7f15e311b000 r--p 00015000 08:03 1442684                    /usr/lib/jvm/java-11-openjdk-amd64/lib/libnet.so
7f15e311b000-7f15e311c000 rw-p 00016000 08:03 1442684                    /usr/lib/jvm/java-11-openjdk-amd64/lib/libnet.so
7f15e311c000-7f15e312c000 r-xp 00000000 08:03 1442685                    /usr/lib/jvm/java-11-openjdk-amd64/lib/libnio.so
7f15e312c000-7f15e332b000 ---p 00010000 08:03 1442685                    /usr/lib/jvm/java-11-openjdk-amd64/lib/libnio.so
7f15e332b000-7f15e332c000 r--p 0000f000 08:03 1442685                    /usr/lib/jvm/java-11-openjdk-amd64/lib/libnio.so
7f15e332c000-7f15e332d000 rw-p 00010000 08:03 1442685                    /usr/lib/jvm/java-11-openjdk-amd64/lib/libnio.so
7f15e332d000-7f15e3331000 ---p 00000000 00:00 0 
7f15e3331000-7f15e342e000 rw-p 00000000 00:00 0 
7f15e342e000-7f15e342f000 ---p 00000000 00:00 0 
7f15e342f000-7f15e3530000 rw-p 00000000 00:00 0 
7f15e3530000-7f15e3534000 ---p 00000000 00:00 0 
7f15e3534000-7f15e3631000 rw-p 00000000 00:00 0 
7f15e3631000-7f15e4000000 r--p 00000000 08:03 1445830                    /usr/lib/locale/locale-archive
7f15e4000000-7f15e4021000 rw-p 00000000 00:00 0 
7f15e4021000-7f15e8000000 ---p 00000000 00:00 0 
7f15e8000000-7f15e8021000 rw-p 00000000 00:00 0 
7f15e8021000-7f15ec000000 ---p 00000000 00:00 0 
7f15ec000000-7f15ec021000 rw-p 00000000 00:00 0 
7f15ec021000-7f15f0000000 ---p 00000000 00:00 0 
7f15f0000000-7f15f007e000 rw-p 00000000 00:00 0 
7f15f007e000-7f15f4000000 ---p 00000000 00:00 0 
7f15f4000000-7f15f4021000 rw-p 00000000 00:00 0 
7f15f4021000-7f15f8000000 ---p 00000000 00:00 0 
7f15f8000000-7f15f8021000 rw-p 00000000 00:00 0 
7f15f8021000-7f15fc000000 ---p 00000000 00:00 0 
7f15fc000000-7f15fc021000 rw-p 00000000 00:00 0 
7f15fc021000-7f1600000000 ---p 00000000 00:00 0 
7f1600052000-7f1600056000 ---p 00000000 00:00 0 
7f1600056000-7f1600153000 rw-p 00000000 00:00 0 
7f1600153000-7f1600157000 ---p 00000000 00:00 0 
7f1600157000-7f1600254000 rw-p 00000000 00:00 0 
7f1600254000-7f1600258000 ---p 00000000 00:00 0 
7f1600258000-7f1600355000 rw-p 00000000 00:00 0 
7f1600355000-7f1600359000 ---p 00000000 00:00 0 
7f1600359000-7f1600456000 rw-p 00000000 00:00 0 
7f1600456000-7f160045a000 ---p 00000000 00:00 0 
7f160045a000-7f1600557000 rw-p 00000000 00:00 0 
7f1600557000-7f160055b000 ---p 00000000 00:00 0 
7f160055b000-7f1600658000 rw-p 00000000 00:00 0 
7f1600658000-7f1600659000 ---p 00000000 00:00 0 
7f1600659000-7f1600c1b000 rw-p 00000000 00:00 0 
7f1600c1b000-7f1600fdb000 ---p 00000000 00:00 0 
7f1600fdb000-7f1600fdc000 ---p 00000000 00:00 0 
7f1600fdc000-7f16010dd000 rw-p 00000000 00:00 0 
7f16010dd000-7f16010de000 ---p 00000000 00:00 0 
7f16010de000-7f16035e3000 rw-p 00000000 00:00 0 
7f16035e3000-7f16035e4000 ---p 00000000 00:00 0 
7f16035e4000-7f1603add000 rw-p 00000000 00:00 0 
7f1603add000-7f16055a5000 ---p 00000000 00:00 0 
7f16055a5000-7f16059a5000 rw-p 00000000 00:00 0 
7f16059a5000-7f160746d000 ---p 00000000 00:00 0 
7f160746d000-7f16074f4000 rw-p 00000000 00:00 0 
7f16074f4000-7f160784d000 ---p 00000000 00:00 0 
7f160784d000-7f16078cd000 rw-p 00000000 00:00 0 
7f16078cd000-7f1607c26000 ---p 00000000 00:00 0 
7f1607c26000-7f1607ca6000 rw-p 00000000 00:00 0 
7f1607ca6000-7f1607fff000 ---p 00000000 00:00 0 
7f1607fff000-7f1608000000 rw-p 00000000 00:00 0 
7f1608000000-7f1608021000 rw-p 00000000 00:00 0 
7f1608021000-7f160c000000 ---p 00000000 00:00 0 
7f160c02a000-7f160c085000 rw-p 00000000 00:00 0 
7f160c085000-7f160c086000 ---p 00000000 00:00 0 
7f160c086000-7f160c58b000 rw-p 00000000 00:00 0 
7f160c58b000-7f160c58c000 ---p 00000000 00:00 0 
7f160c58c000-7f160c692000 rw-p 00000000 00:00 0 
7f160c692000-7f160c778000 ---p 00000000 00:00 0 
7f160c778000-7f160c9e8000 rwxp 00000000 00:00 0 
7f160c9e8000-7f160cd08000 ---p 00000000 00:00 0 
7f160cd08000-7f160cf78000 rwxp 00000000 00:00 0 
7f160cf78000-7f1614240000 ---p 00000000 00:00 0 
7f1614240000-7f16144b0000 rwxp 00000000 00:00 0 
7f16144b0000-7f161b778000 ---p 00000000 00:00 0 
7f161b778000-7f1623dfa000 r--s 00000000 08:03 1442718                    /usr/lib/jvm/java-11-openjdk-amd64/lib/modules
7f1623dfa000-7f1623dff000 r-xp 00000000 08:03 1442676                    /usr/lib/jvm/java-11-openjdk-amd64/lib/libjimage.so
7f1623dff000-7f1623ffe000 ---p 00005000 08:03 1442676                    /usr/lib/jvm/java-11-openjdk-amd64/lib/libjimage.so
7f1623ffe000-7f1623fff000 r--p 00004000 08:03 1442676                    /usr/lib/jvm/java-11-openjdk-amd64/lib/libjimage.so
7f1623fff000-7f1624000000 rw-p 00005000 08:03 1442676                    /usr/lib/jvm/java-11-openjdk-amd64/lib/libjimage.so
7f1624000000-7f1624160000 rw-p 00000000 00:00 0 
7f1624160000-7f1628000000 ---p 00000000 00:00 0 
7f1628030000-7f1628035000 rw-p 00000000 00:00 0 
7f1628035000-7f162811b000 ---p 00000000 00:00 0 
7f162811b000-7f1628122000 r-xp 00000000 08:03 1442716                    /usr/lib/jvm/java-11-openjdk-amd64/lib/libzip.so
7f1628122000-7f1628321000 ---p 00007000 08:03 1442716                    /usr/lib/jvm/java-11-openjdk-amd64/lib/libzip.so
7f1628321000-7f1628322000 r--p 00006000 08:03 1442716                    /usr/lib/jvm/java-11-openjdk-amd64/lib/libzip.so
7f1628322000-7f1628323000 rw-p 00007000 08:03 1442716                    /usr/lib/jvm/java-11-openjdk-amd64/lib/libzip.so
7f1628323000-7f162832e000 r-xp 00000000 08:03 267430                     /lib/x86_64-linux-gnu/libnss_files-2.27.so
7f162832e000-7f162852d000 ---p 0000b000 08:03 267430                     /lib/x86_64-linux-gnu/libnss_files-2.27.so
7f162852d000-7f162852e000 r--p 0000a000 08:03 267430                     /lib/x86_64-linux-gnu/libnss_files-2.27.so
7f162852e000-7f162852f000 rw-p 0000b000 08:03 267430                     /lib/x86_64-linux-gnu/libnss_files-2.27.so
7f162852f000-7f1628535000 rw-p 00000000 00:00 0 
7f1628535000-7f162854c000 r-xp 00000000 08:03 267424                     /lib/x86_64-linux-gnu/libnsl-2.27.so
7f162854c000-7f162874b000 ---p 00017000 08:03 267424                     /lib/x86_64-linux-gnu/libnsl-2.27.so
7f162874b000-7f162874c000 r--p 00016000 08:03 267424                     /lib/x86_64-linux-gnu/libnsl-2.27.so
7f162874c000-7f162874d000 rw-p 00017000 08:03 267424                     /lib/x86_64-linux-gnu/libnsl-2.27.so
7f162874d000-7f162874f000 rw-p 00000000 00:00 0 
7f162874f000-7f162875a000 r-xp 00000000 08:03 267441                     /lib/x86_64-linux-gnu/libnss_nis-2.27.so
7f162875a000-7f1628959000 ---p 0000b000 08:03 267441                     /lib/x86_64-linux-gnu/libnss_nis-2.27.so
7f1628959000-7f162895a000 r--p 0000a000 08:03 267441                     /lib/x86_64-linux-gnu/libnss_nis-2.27.so
7f162895a000-7f162895b000 rw-p 0000b000 08:03 267441                     /lib/x86_64-linux-gnu/libnss_nis-2.27.so
7f162895b000-7f1628963000 r-xp 00000000 08:03 267426                     /lib/x86_64-linux-gnu/libnss_compat-2.27.so
7f1628963000-7f1628b63000 ---p 00008000 08:03 267426                     /lib/x86_64-linux-gnu/libnss_compat-2.27.so
7f1628b63000-7f1628b64000 r--p 00008000 08:03 267426                     /lib/x86_64-linux-gnu/libnss_compat-2.27.so
7f1628b64000-7f1628b65000 rw-p 00009000 08:03 267426                     /lib/x86_64-linux-gnu/libnss_compat-2.27.so
7f1628b65000-7f1628b8e000 r-xp 00000000 08:03 1442672                    /usr/lib/jvm/java-11-openjdk-amd64/lib/libjava.so
7f1628b8e000-7f1628d8d000 ---p 00029000 08:03 1442672                    /usr/lib/jvm/java-11-openjdk-amd64/lib/libjava.so
7f1628d8d000-7f1628d8e000 r--p 00028000 08:03 1442672                    /usr/lib/jvm/java-11-openjdk-amd64/lib/libjava.so
7f1628d8e000-7f1628d90000 rw-p 00029000 08:03 1442672                    /usr/lib/jvm/java-11-openjdk-amd64/lib/libjava.so
7f1628d90000-7f1628d9d000 r-xp 00000000 08:03 1442715                    /usr/lib/jvm/java-11-openjdk-amd64/lib/libverify.so
7f1628d9d000-7f1628f9c000 ---p 0000d000 08:03 1442715                    /usr/lib/jvm/java-11-openjdk-amd64/lib/libverify.so
7f1628f9c000-7f1628f9e000 r--p 0000c000 08:03 1442715                    /usr/lib/jvm/java-11-openjdk-amd64/lib/libverify.so
7f1628f9e000-7f1628f9f000 rw-p 0000e000 08:03 1442715                    /usr/lib/jvm/java-11-openjdk-amd64/lib/libverify.so
7f1628f9f000-7f1628fa6000 r-xp 00000000 08:03 267481                     /lib/x86_64-linux-gnu/librt-2.27.so
7f1628fa6000-7f16291a5000 ---p 00007000 08:03 267481                     /lib/x86_64-linux-gnu/librt-2.27.so
7f16291a5000-7f16291a6000 r--p 00006000 08:03 267481                     /lib/x86_64-linux-gnu/librt-2.27.so
7f16291a6000-7f16291a7000 rw-p 00007000 08:03 267481                     /lib/x86_64-linux-gnu/librt-2.27.so
7f16291a7000-7f16291be000 r-xp 00000000 08:03 267008                     /lib/x86_64-linux-gnu/libgcc_s.so.1
7f16291be000-7f16293bd000 ---p 00017000 08:03 267008                     /lib/x86_64-linux-gnu/libgcc_s.so.1
7f16293bd000-7f16293be000 r--p 00016000 08:03 267008                     /lib/x86_64-linux-gnu/libgcc_s.so.1
7f16293be000-7f16293bf000 rw-p 00017000 08:03 267008                     /lib/x86_64-linux-gnu/libgcc_s.so.1
7f16293bf000-7f162955c000 r-xp 00000000 08:03 267403                     /lib/x86_64-linux-gnu/libm-2.27.so
7f162955c000-7f162975b000 ---p 0019d000 08:03 267403                     /lib/x86_64-linux-gnu/libm-2.27.so
7f162975b000-7f162975c000 r--p 0019c000 08:03 267403                     /lib/x86_64-linux-gnu/libm-2.27.so
7f162975c000-7f162975d000 rw-p 0019d000 08:03 267403                     /lib/x86_64-linux-gnu/libm-2.27.so
7f162975d000-7f16298d6000 r-xp 00000000 08:03 1439276                    /usr/lib/x86_64-linux-gnu/libstdc++.so.6.0.25
7f16298d6000-7f1629ad6000 ---p 00179000 08:03 1439276                    /usr/lib/x86_64-linux-gnu/libstdc++.so.6.0.25
7f1629ad6000-7f1629ae0000 r--p 00179000 08:03 1439276                    /usr/lib/x86_64-linux-gnu/libstdc++.so.6.0.25
7f1629ae0000-7f1629ae2000 rw-p 00183000 08:03 1439276                    /usr/lib/x86_64-linux-gnu/libstdc++.so.6.0.25
7f1629ae2000-7f1629ae6000 rw-p 00000000 00:00 0 
7f1629ae6000-7f162abae000 r-xp 00000000 08:03 1573649                    /usr/lib/jvm/java-11-openjdk-amd64/lib/server/libjvm.so
7f162abae000-7f162adae000 ---p 010c8000 08:03 1573649                    /usr/lib/jvm/java-11-openjdk-amd64/lib/server/libjvm.so
7f162adae000-7f162ae6b000 r--p 010c8000 08:03 1573649                    /usr/lib/jvm/java-11-openjdk-amd64/lib/server/libjvm.so
7f162ae6b000-7f162aea4000 rw-p 01185000 08:03 1573649                    /usr/lib/jvm/java-11-openjdk-amd64/lib/server/libjvm.so
7f162aea4000-7f162aefa000 rw-p 00000000 00:00 0 
7f162aefa000-7f162af14000 r-xp 00000000 08:03 267473                     /lib/x86_64-linux-gnu/libpthread-2.27.so
7f162af14000-7f162b113000 ---p 0001a000 08:03 267473                     /lib/x86_64-linux-gnu/libpthread-2.27.so
7f162b113000-7f162b114000 r--p 00019000 08:03 267473                     /lib/x86_64-linux-gnu/libpthread-2.27.so
7f162b114000-7f162b115000 rw-p 0001a000 08:03 267473                     /lib/x86_64-linux-gnu/libpthread-2.27.so
7f162b115000-7f162b119000 rw-p 00000000 00:00 0 
7f162b119000-7f162b11c000 r-xp 00000000 08:03 267363                     /lib/x86_64-linux-gnu/libdl-2.27.so
7f162b11c000-7f162b31b000 ---p 00003000 08:03 267363                     /lib/x86_64-linux-gnu/libdl-2.27.so
7f162b31b000-7f162b31c000 r--p 00002000 08:03 267363                     /lib/x86_64-linux-gnu/libdl-2.27.so
7f162b31c000-7f162b31d000 rw-p 00003000 08:03 267363                     /lib/x86_64-linux-gnu/libdl-2.27.so
7f162b31d000-7f162b339000 r-xp 00000000 08:03 267512                     /lib/x86_64-linux-gnu/libz.so.1.2.11
7f162b339000-7f162b538000 ---p 0001c000 08:03 267512                     /lib/x86_64-linux-gnu/libz.so.1.2.11
7f162b538000-7f162b539000 r--p 0001b000 08:03 267512                     /lib/x86_64-linux-gnu/libz.so.1.2.11
7f162b539000-7f162b53a000 rw-p 0001c000 08:03 267512                     /lib/x86_64-linux-gnu/libz.so.1.2.11
7f162b53a000-7f162b721000 r-xp 00000000 08:03 267340                     /lib/x86_64-linux-gnu/libc-2.27.so
7f162b721000-7f162b921000 ---p 001e7000 08:03 267340                     /lib/x86_64-linux-gnu/libc-2.27.so
7f162b921000-7f162b925000 r--p 001e7000 08:03 267340                     /lib/x86_64-linux-gnu/libc-2.27.so
7f162b925000-7f162b927000 rw-p 001eb000 08:03 267340                     /lib/x86_64-linux-gnu/libc-2.27.so
7f162b927000-7f162b92b000 rw-p 00000000 00:00 0 
7f162b92b000-7f162b93a000 r-xp 00000000 08:03 1442567                    /usr/lib/jvm/java-11-openjdk-amd64/lib/jli/libjli.so
7f162b93a000-7f162bb3a000 ---p 0000f000 08:03 1442567                    /usr/lib/jvm/java-11-openjdk-amd64/lib/jli/libjli.so
7f162bb3a000-7f162bb3b000 r--p 0000f000 08:03 1442567                    /usr/lib/jvm/java-11-openjdk-amd64/lib/jli/libjli.so
7f162bb3b000-7f162bb3c000 rw-p 00010000 08:03 1442567                    /usr/lib/jvm/java-11-openjdk-amd64/lib/jli/libjli.so
7f162bb3c000-7f162bb63000 r-xp 00000000 08:03 267312                     /lib/x86_64-linux-gnu/ld-2.27.so
7f162bb67000-7f162bc44000 rw-p 00000000 00:00 0 
7f162bc44000-7f162bc48000 ---p 00000000 00:00 0 
7f162bc48000-7f162bd47000 rw-p 00000000 00:00 0 
7f162bd49000-7f162bd4e000 rw-p 00000000 00:00 0 
7f162bd4e000-7f162bd55000 ---p 00000000 00:00 0 
7f162bd55000-7f162bd57000 r--s 00007000 08:03 1719605                    /usr/share/java/java-atk-wrapper.jar
7f162bd57000-7f162bd5f000 rw-s 00000000 08:03 1312746                    /tmp/hsperfdata_ppoonia/8827
7f162bd5f000-7f162bd60000 ---p 00000000 00:00 0 
7f162bd60000-7f162bd61000 r--p 00000000 00:00 0 
7f162bd61000-7f162bd63000 rw-p 00000000 00:00 0 
7f162bd63000-7f162bd64000 r--p 00027000 08:03 267312                     /lib/x86_64-linux-gnu/ld-2.27.so
7f162bd64000-7f162bd65000 rw-p 00028000 08:03 267312                     /lib/x86_64-linux-gnu/ld-2.27.so
7f162bd65000-7f162bd66000 rw-p 00000000 00:00 0 
7ffdaa09d000-7ffdaa0be000 rw-p 00000000 00:00 0                          [stack]
7ffdaa16a000-7ffdaa16d000 r--p 00000000 00:00 0                          [vvar]
7ffdaa16d000-7ffdaa16f000 r-xp 00000000 00:00 0                          [vdso]
ffffffffff600000-ffffffffff601000 r-xp 00000000 00:00 0                  [vsyscall]


VM Arguments:
java_command: uniqueDigits
java_class_path (initial): .
Launcher Type: SUN_STANDARD

[Global flags]
     intx CICompilerCount                          = 3                                         {product} {ergonomic}
     uint ConcGCThreads                            = 1                                         {product} {ergonomic}
     uint G1ConcRefinementThreads                  = 4                                         {product} {ergonomic}
   size_t G1HeapRegionSize                         = 1048576                                   {product} {ergonomic}
    uintx GCDrainStackTargetSize                   = 64                                        {product} {ergonomic}
   size_t InitialHeapSize                          = 130023424                                 {product} {ergonomic}
   size_t MarkStackSize                            = 4194304                                   {product} {ergonomic}
   size_t MaxHeapSize                              = 2065694720                                {product} {ergonomic}
   size_t MaxNewSize                               = 1239416832                                {product} {ergonomic}
   size_t MinHeapDeltaBytes                        = 1048576                                   {product} {ergonomic}
    uintx NonNMethodCodeHeapSize                   = 5830092                                {pd product} {ergonomic}
    uintx NonProfiledCodeHeapSize                  = 122914074                              {pd product} {ergonomic}
    uintx ProfiledCodeHeapSize                     = 122914074                              {pd product} {ergonomic}
    uintx ReservedCodeCacheSize                    = 251658240                              {pd product} {ergonomic}
     bool SegmentedCodeCache                       = true                                      {product} {ergonomic}
     bool UseCompressedClassPointers               = true                                 {lp64_product} {ergonomic}
     bool UseCompressedOops                        = true                                 {lp64_product} {ergonomic}
     bool UseG1GC                                  = true                                      {product} {ergonomic}

Logging:
Log output configuration:
 #0: stdout all=warning uptime,level,tags
 #1: stderr all=off uptime,level,tags

Environment Variables:
PATH=/usr/local/sbin:/usr/local/bin:/usr/sbin:/usr/bin:/sbin:/bin:/usr/games:/usr/local/games:/snap/bin
USERNAME=ppoonia
SHELL=/bin/bash
DISPLAY=:0

Signal Handlers:
SIGSEGV: [libjvm.so+0xde2f90], sa_mask[0]=11111111011111111101111111111110, sa_flags=SA_RESTART|SA_SIGINFO
SIGBUS: [libjvm.so+0xde2f90], sa_mask[0]=11111111011111111101111111111110, sa_flags=SA_RESTART|SA_SIGINFO
SIGFPE: [libjvm.so+0xde2f90], sa_mask[0]=11111111011111111101111111111110, sa_flags=SA_RESTART|SA_SIGINFO
SIGPIPE: [libjvm.so+0xbb85d0], sa_mask[0]=11111111011111111101111111111110, sa_flags=SA_RESTART|SA_SIGINFO
SIGXFSZ: [libjvm.so+0xbb85d0], sa_mask[0]=11111111011111111101111111111110, sa_flags=SA_RESTART|SA_SIGINFO
SIGILL: [libjvm.so+0xde2f90], sa_mask[0]=11111111011111111101111111111110, sa_flags=SA_RESTART|SA_SIGINFO
SIGUSR2: [libjvm.so+0xbb8470], sa_mask[0]=00000000000000000000000000000000, sa_flags=SA_RESTART|SA_SIGINFO
SIGHUP: [libjvm.so+0xbb87d0], sa_mask[0]=11111111011111111101111111111110, sa_flags=SA_RESTART|SA_SIGINFO
SIGINT: [libjvm.so+0xbb87d0], sa_mask[0]=11111111011111111101111111111110, sa_flags=SA_RESTART|SA_SIGINFO
SIGTERM: [libjvm.so+0xbb87d0], sa_mask[0]=11111111011111111101111111111110, sa_flags=SA_RESTART|SA_SIGINFO
SIGQUIT: [libjvm.so+0xbb87d0], sa_mask[0]=11111111011111111101111111111110, sa_flags=SA_RESTART|SA_SIGINFO


---------------  S Y S T E M  ---------------

OS:DISTRIB_ID=Ubuntu
DISTRIB_RELEASE=18.04
DISTRIB_CODENAME=bionic
DISTRIB_DESCRIPTION="Ubuntu 18.04.1 LTS"
uname:Linux 4.15.0-47-generic #50-Ubuntu SMP Wed Mar 13 10:44:52 UTC 2019 x86_64
libc:glibc 2.27 NPTL 2.27 
rlimit: STACK 8192k, CORE 0k, NPROC 30849, NOFILE 4096, AS infinity, DATA infinity, FSIZE infinity
load average:2.98 2.60 2.37

/proc/meminfo:
MemTotal:        8064232 kB
MemFree:          148032 kB
MemAvailable:     112284 kB
Buffers:            1036 kB
Cached:           732292 kB
SwapCached:         5536 kB
Active:          6477076 kB
Inactive:         992388 kB
Active(anon):    6413888 kB
Inactive(anon):   913824 kB
Active(file):      63188 kB
Inactive(file):    78564 kB
Unevictable:        1208 kB
Mlocked:            1208 kB
SwapTotal:       1450228 kB
SwapFree:              0 kB
Dirty:                40 kB
Writeback:          1380 kB
AnonPages:       6732696 kB
Mapped:           376560 kB
Shmem:            591532 kB
Slab:             168936 kB
SReclaimable:      68700 kB
SUnreclaim:       100236 kB
KernelStack:       22336 kB
PageTables:       117416 kB
NFS_Unstable:          0 kB
Bounce:                0 kB
WritebackTmp:          0 kB
CommitLimit:     5482344 kB
Committed_AS:   22864080 kB
VmallocTotal:   34359738367 kB
VmallocUsed:           0 kB
VmallocChunk:          0 kB
HardwareCorrupted:     0 kB
AnonHugePages:         0 kB
ShmemHugePages:        0 kB
ShmemPmdMapped:        0 kB
CmaTotal:              0 kB
CmaFree:               0 kB
HugePages_Total:       0
HugePages_Free:        0
HugePages_Rsvd:        0
HugePages_Surp:        0
Hugepagesize:       2048 kB
DirectMap4k:     1338220 kB
DirectMap2M:     6946816 kB
DirectMap1G:           0 kB


/proc/sys/kernel/threads-max (system-wide limit on the number of threads):
61699


/proc/sys/vm/max_map_count (maximum number of memory map areas a process may have):
65530


/proc/sys/kernel/pid_max (system-wide limit on number of process identifiers):
32768



container (cgroup) information:
container_type: cgroupv1
cpu_cpuset_cpus: 0-3
cpu_memory_nodes: 0
active_processor_count: 4
cpu_quota: -1
cpu_period: 100000
cpu_shares: -1
memory_limit_in_bytes: -1
memory_and_swap_limit_in_bytes: -2
memory_soft_limit_in_bytes: -1
memory_usage_in_bytes: 7649140736
memory_max_usage_in_bytes: 169332736


CPU:total 4 (initial active 4) (2 cores per cpu, 2 threads per core) family 6 model 142 stepping 9, cmov, cx8, fxsr, mmx, sse, sse2, sse3, ssse3, sse4.1, sse4.2, popcnt, avx, avx2, aes, clmul, erms, 3dnowpref, lzcnt, ht, tsc, tscinvbit, bmi1, bmi2, adx, fma
CPU Model and flags from /proc/cpuinfo:
model name	: Intel(R) Core(TM) i7-7500U CPU @ 2.70GHz
flags		: fpu vme de pse tsc msr pae mce cx8 apic sep mtrr pge mca cmov pat pse36 clflush dts acpi mmx fxsr sse sse2 ss ht tm pbe syscall nx pdpe1gb rdtscp lm constant_tsc art arch_perfmon pebs bts rep_good nopl xtopology nonstop_tsc cpuid aperfmperf tsc_known_freq pni pclmulqdq dtes64 monitor ds_cpl vmx est tm2 ssse3 sdbg fma cx16 xtpr pdcm pcid sse4_1 sse4_2 x2apic movbe popcnt tsc_deadline_timer aes xsave avx f16c rdrand lahf_lm abm 3dnowprefetch cpuid_fault epb invpcid_single pti ssbd ibrs ibpb stibp tpr_shadow vnmi flexpriority ept vpid fsgsbase tsc_adjust bmi1 avx2 smep bmi2 erms invpcid mpx rdseed adx smap clflushopt intel_pt xsaveopt xsavec xgetbv1 xsaves dtherm ida arat pln pts hwp hwp_notify hwp_act_window hwp_epp flush_l1d

Memory: 4k page, physical 8064232k(148032k free), swap 1450228k(0k free)

vm_info: OpenJDK 64-Bit Server VM (11.0.3+7-Ubuntu-1ubuntu218.04.1) for linux-amd64 JRE (11.0.3+7-Ubuntu-1ubuntu218.04.1), built on Apr 23 2019 18:34:35 by "buildd" with gcc 7.3.0

END.
